=== case: bench-memset
memset_erms-length_131072:5139.36
memset_avx512_unaligned-length_131072:3976.31

memset_erms-length_131072:5087.32
memset_avx512_unaligned-length_131072:3977.33

memset_erms-length_131072:5125.28
memset_avx512_unaligned-length_131072:3977.19

memset_erms-length_131072:5261.66
memset_avx512_unaligned-length_131072:3977.67

memset_erms-length_131072:5224.19
memset_avx512_unaligned-length_131072:3974.93

memset_erms-length_131072:5100.75
memset_avx512_unaligned-length_131072:3976.26

memset_erms-length_131072:5226.95
memset_avx512_unaligned-length_131072:3978.26

memset_erms-length_131072:5051.15
memset_avx512_unaligned-length_131072:3977.93

memset_erms-length_131072:5255.55
memset_avx512_unaligned-length_131072:3979.12

memset_erms-length_131072:5132.82
memset_avx512_unaligned-length_131072:3977.92

memset_erms-length_131072:5211.95
memset_avx512_unaligned-length_131072:3976.4

memset_erms-length_131072:5104.03
memset_avx512_unaligned-length_131072:3977.88

memset_erms-length_131072:5125.03
memset_avx512_unaligned-length_131072:3977.67

memset_erms-length_131072:5144.62
memset_avx512_unaligned-length_131072:3977.74

memset_erms-length_131072:5142.05
memset_avx512_unaligned-length_131072:3976.38

memset_erms-length_131072:5176.53
memset_avx512_unaligned-length_131072:3979.37

memset_erms-length_131072:5130.8
memset_avx512_unaligned-length_131072:3977.39

memset_erms-length_131072:5050.43
memset_avx512_unaligned-length_131072:3977.9

memset_erms-length_131072:5114.93
memset_avx512_unaligned-length_131072:3978.01

memset_erms-length_131072:5167.17
memset_avx512_unaligned-length_131072:3979.95

=== case: bench-strcpy
_evex_Length_512:16.0037
_avx2_rtm_Length_512:12.6536

_evex_Length_512:15.0903
_avx2_rtm_Length_512:12.6489

_evex_Length_512:14.6406
_avx2_rtm_Length_512:12.6611

_evex_Length_512:14.7161
_avx2_rtm_Length_512:12.6396

_evex_Length_512:14.6567
_avx2_rtm_Length_512:12.6575

_evex_Length_512:15.0879
_avx2_rtm_Length_512:12.6575

_evex_Length_512:15.2039
_avx2_rtm_Length_512:12.833

_evex_Length_512:15.0886
_avx2_rtm_Length_512:12.6667

_evex_Length_512:20.8911
_avx2_rtm_Length_512:13.3711

_evex_Length_512:15.0879
_avx2_rtm_Length_512:12.6687

_evex_Length_512:15.0889
_avx2_rtm_Length_512:13.2048

_evex_Length_512:16.0027
_avx2_rtm_Length_512:12.6589

_evex_Length_512:15.5242
_avx2_rtm_Length_512:12.6438

_evex_Length_512:15.0886
_avx2_rtm_Length_512:13.3594

_evex_Length_512:15.55
_avx2_rtm_Length_512:12.6462

_evex_Length_512:15.0874
_avx2_rtm_Length_512:12.6377

_evex_Length_512:15.0918
_avx2_rtm_Length_512:12.6465

_evex_Length_512:14.7256
_avx2_rtm_Length_512:12.6406

_evex_Length_512:15.2957
_avx2_rtm_Length_512:12.665

_evex_Length_512:14.7283
_avx2_rtm_Length_512:12.656

=== case: bench-memcpy-large
memcpy_erms-length_33554439:3497750.0
memcpy_avx512_unaligned_erms-length_33554439:3056450.0

memcpy_erms-length_33554439:3366780.0
memcpy_avx512_unaligned_erms-length_33554439:3061740.0

memcpy_erms-length_33554439:3346640.0
memcpy_avx512_unaligned_erms-length_33554439:3058760.0

memcpy_erms-length_33554439:3377990.0
memcpy_avx512_unaligned_erms-length_33554439:3060160.0

memcpy_erms-length_33554439:3318480.0
memcpy_avx512_unaligned_erms-length_33554439:3056640.0

memcpy_erms-length_33554439:3358710.0
memcpy_avx512_unaligned_erms-length_33554439:3059940.0

memcpy_erms-length_33554439:3347750.0
memcpy_avx512_unaligned_erms-length_33554439:3058540.0

memcpy_erms-length_33554439:3363500.0
memcpy_avx512_unaligned_erms-length_33554439:3062140.0

memcpy_erms-length_33554439:3328670.0
memcpy_avx512_unaligned_erms-length_33554439:3058670.0

memcpy_erms-length_33554439:3345070.0
memcpy_avx512_unaligned_erms-length_33554439:3057310.0

memcpy_erms-length_33554439:3345190.0
memcpy_avx512_unaligned_erms-length_33554439:3061820.0

memcpy_erms-length_33554439:3357390.0
memcpy_avx512_unaligned_erms-length_33554439:3058370.0

memcpy_erms-length_33554439:3325030.0
memcpy_avx512_unaligned_erms-length_33554439:3057890.0

memcpy_erms-length_33554439:3303680.0
memcpy_avx512_unaligned_erms-length_33554439:3058460.0

memcpy_erms-length_33554439:3316120.0
memcpy_avx512_unaligned_erms-length_33554439:3061180.0

memcpy_erms-length_33554439:3325690.0
memcpy_avx512_unaligned_erms-length_33554439:3058490.0

memcpy_erms-length_33554439:3343150.0
memcpy_avx512_unaligned_erms-length_33554439:3054980.0

memcpy_erms-length_33554439:3301080.0
memcpy_avx512_unaligned_erms-length_33554439:3059280.0

memcpy_erms-length_33554439:3305890.0
memcpy_avx512_unaligned_erms-length_33554439:3060770.0

memcpy_erms-length_33554439:3294410.0
memcpy_avx512_unaligned_erms-length_33554439:3057590.0

=== case: bench-sprintf
sprintf_positional_mean:593.95
sprintf_non-positional_mean:391.789

sprintf_positional_mean:596.313
sprintf_non-positional_mean:392.29

sprintf_positional_mean:591.954
sprintf_non-positional_mean:392.367

sprintf_positional_mean:590.702
sprintf_non-positional_mean:391.945

sprintf_positional_mean:596.143
sprintf_non-positional_mean:388.912

sprintf_positional_mean:591.531
sprintf_non-positional_mean:392.006

sprintf_positional_mean:596.091
sprintf_non-positional_mean:392.039

sprintf_positional_mean:593.218
sprintf_non-positional_mean:389.102

sprintf_positional_mean:592.289
sprintf_non-positional_mean:389.228

sprintf_positional_mean:591.959
sprintf_non-positional_mean:392.4

sprintf_positional_mean:593.221
sprintf_non-positional_mean:391.427

sprintf_positional_mean:593.282
sprintf_non-positional_mean:392.372

sprintf_positional_mean:590.574
sprintf_non-positional_mean:392.122

sprintf_positional_mean:595.194
sprintf_non-positional_mean:392.394

sprintf_positional_mean:591.368
sprintf_non-positional_mean:389.321

sprintf_positional_mean:592.521
sprintf_non-positional_mean:389.071

sprintf_positional_mean:591.877
sprintf_non-positional_mean:390.473

sprintf_positional_mean:592.538
sprintf_non-positional_mean:388.963

sprintf_positional_mean:595.654
sprintf_non-positional_mean:389.21

sprintf_positional_mean:596.498
sprintf_non-positional_mean:392.9

=== case: bench-acos
acos:8.78575

acos:8.76623

acos:8.79961

acos:8.75327

acos:8.75493

acos:8.77352

acos:8.74052

acos:8.74261

acos:8.77341

acos:8.75091

acos:8.73381

acos:8.75533

acos:8.74395

acos:8.78806

acos:8.73493

acos:8.79176

acos:8.76067

acos:8.76683

acos:8.80046

acos:8.82868

=== case: bench-asinh
asinh:10.912

asinh:10.9094

asinh:10.9215

asinh:10.9198

asinh:10.9053

asinh:10.9207

asinh:10.917

asinh:10.9127

asinh:10.91

asinh:10.9158

asinh:10.9189

asinh:10.904

asinh:10.9198

asinh:10.9179

asinh:10.9085

asinh:10.9106

asinh:10.9204

asinh:10.9158

asinh:10.905

asinh:10.9278

=== case: bench-exp
exp:8.25752

exp:8.51821

exp:8.2197

exp:8.75983

exp:8.36358

exp:8.51498

exp:8.54192

exp:8.57283

exp:8.50885

exp:8.65237

exp:8.50671

exp:8.22683

exp:8.55156

exp:8.57039

exp:8.56178

exp:8.53284

exp:8.58618

exp:8.54369

exp:8.21155

exp:8.55666

=== case: bench-log2
log2:8.80381

log2:8.83245

log2:8.80695

log2:8.79215

log2:8.79952

log2:8.80436

log2:8.80798

log2:8.77922

log2:8.79953

log2:8.81071

log2:8.79837

log2:8.77055

log2:8.76503

log2:8.82754

log2:8.79184

log2:8.7873

log2:8.79207

log2:8.77739

log2:8.80945

log2:8.80708

=== case: bench-sin
sin:23.8564

sin:23.8638

sin:23.8688

sin:23.838

sin:23.843

sin:23.8649

sin:23.8708

sin:23.8603

sin:23.844

sin:23.8631

sin:23.8694

sin:23.8691

sin:23.8362

sin:23.9096

sin:23.8593

sin:23.8622

sin:23.8401

sin:23.8445

sin:23.9404

sin:23.8703

=== case: bench-sincos
sincos:33.8108

sincos:33.8265

sincos:33.8159

sincos:33.8211

sincos:33.8355

sincos:33.826

sincos:33.9637

sincos:33.8011

sincos:33.8339

sincos:33.7836

sincos:33.8236

sincos:33.7876

sincos:33.8295

sincos:33.7996

sincos:33.8186

sincos:33.7985

sincos:33.8354

sincos:33.8271

sincos:33.8219

sincos:33.8255

=== case: bench-sqrt
sqrt:2.7733

sqrt:2.7738

sqrt:2.77696

sqrt:2.77432

sqrt:2.77364

sqrt:2.77579

sqrt:2.77594

sqrt:2.7747

sqrt:2.77405

sqrt:2.77466

sqrt:2.776

sqrt:2.77327

sqrt:2.77532

sqrt:2.77459

sqrt:2.77498

sqrt:2.77415

sqrt:2.77602

sqrt:2.77628

sqrt:2.77251

sqrt:2.77592

=== case: bench-tanh
tanh:13.2757

tanh:13.2674

tanh:13.2769

tanh:13.2709

tanh:13.6627

tanh:13.2834

tanh:13.2825

tanh:13.2636

tanh:13.2787

tanh:13.7871

tanh:13.2796

tanh:13.8839

tanh:13.2998

tanh:13.2658

tanh:13.4194

tanh:13.2568

tanh:13.2664

tanh:13.3176

tanh:13.2811

tanh:13.8043

=== case: bench-pthread_once
pthread_once:2.7937

pthread_once:2.88104

pthread_once:2.87542

pthread_once:2.82854

pthread_once:2.85212

pthread_once:2.84379

pthread_once:2.8442

pthread_once:2.78516

pthread_once:2.84863

pthread_once:2.83164

pthread_once:2.82719

pthread_once:2.83152

pthread_once:2.79919

pthread_once:2.83064

pthread_once:2.8413

pthread_once:2.89751

pthread_once:2.80352

pthread_once:2.83291

pthread_once:2.92587

pthread_once:2.81614

=== case: bench-malloc-thread
malloc_time_per_iteration:23.5626

malloc_time_per_iteration:23.6749

malloc_time_per_iteration:23.5705

malloc_time_per_iteration:23.326

malloc_time_per_iteration:23.7049

malloc_time_per_iteration:23.7153

malloc_time_per_iteration:23.7192

malloc_time_per_iteration:23.7814

malloc_time_per_iteration:23.9506

malloc_time_per_iteration:23.7648

malloc_time_per_iteration:23.6429

malloc_time_per_iteration:23.4756

malloc_time_per_iteration:23.7371

malloc_time_per_iteration:23.9465

malloc_time_per_iteration:23.7853

malloc_time_per_iteration:23.6122

malloc_time_per_iteration:23.8098

malloc_time_per_iteration:23.7882

malloc_time_per_iteration:23.7494

malloc_time_per_iteration:23.4261

=== case: bench-thread_create
thread_create-stack=2048,guard=1:1008080.0
thread_create-stack=2048,guard=2:992658

thread_create-stack=2048,guard=1:971951
thread_create-stack=2048,guard=2:991530

thread_create-stack=2048,guard=1:1003410.0
thread_create-stack=2048,guard=2:995700

thread_create-stack=2048,guard=1:1002090.0
thread_create-stack=2048,guard=2:1005760.0

thread_create-stack=2048,guard=1:1000220.0
thread_create-stack=2048,guard=2:1099700.0

thread_create-stack=2048,guard=1:998700
thread_create-stack=2048,guard=2:1005440.0

thread_create-stack=2048,guard=1:1002340.0
thread_create-stack=2048,guard=2:1026170.0

thread_create-stack=2048,guard=1:997992
thread_create-stack=2048,guard=2:986847

thread_create-stack=2048,guard=1:1010220.0
thread_create-stack=2048,guard=2:1011650.0

thread_create-stack=2048,guard=1:993141
thread_create-stack=2048,guard=2:1000220.0

thread_create-stack=2048,guard=1:1007570.0
thread_create-stack=2048,guard=2:987453

thread_create-stack=2048,guard=1:976222
thread_create-stack=2048,guard=2:995832

thread_create-stack=2048,guard=1:1012380.0
thread_create-stack=2048,guard=2:1016510.0

thread_create-stack=2048,guard=1:1415710.0
thread_create-stack=2048,guard=2:1424670.0

thread_create-stack=2048,guard=1:988446
thread_create-stack=2048,guard=2:1007160.0

thread_create-stack=2048,guard=1:964078
thread_create-stack=2048,guard=2:965243

thread_create-stack=2048,guard=1:991309
thread_create-stack=2048,guard=2:993820

thread_create-stack=2048,guard=1:983285
thread_create-stack=2048,guard=2:995997

thread_create-stack=2048,guard=1:1007030.0
thread_create-stack=2048,guard=2:1008190.0

thread_create-stack=2048,guard=1:1017860.0
thread_create-stack=2048,guard=2:993524

=== case: bench-pthread-locks
pthread_locks-mutex-empty:6.42402
pthread_locks-mutex-filler:30.6217
pthread_locks-mutex_trylock-empty:11.9917
pthread_locks-mutex_trylock-filler:28.6607

pthread_locks-mutex-empty:6.36541
pthread_locks-mutex-filler:30.8707
pthread_locks-mutex_trylock-empty:12.0009
pthread_locks-mutex_trylock-filler:29.2774

pthread_locks-mutex-empty:6.42683
pthread_locks-mutex-filler:31.1713
pthread_locks-mutex_trylock-empty:12.0028
pthread_locks-mutex_trylock-filler:28.641

pthread_locks-mutex-empty:6.35187
pthread_locks-mutex-filler:31.0791
pthread_locks-mutex_trylock-empty:11.9904
pthread_locks-mutex_trylock-filler:29.2106

pthread_locks-mutex-empty:6.46031
pthread_locks-mutex-filler:30.9834
pthread_locks-mutex_trylock-empty:12.0004
pthread_locks-mutex_trylock-filler:29.2802

pthread_locks-mutex-empty:6.48495
pthread_locks-mutex-filler:31.4636
pthread_locks-mutex_trylock-empty:12.0027
pthread_locks-mutex_trylock-filler:29.2854

pthread_locks-mutex-empty:6.34273
pthread_locks-mutex-filler:31.1222
pthread_locks-mutex_trylock-empty:12.0018
pthread_locks-mutex_trylock-filler:29.2093

pthread_locks-mutex-empty:6.38392
pthread_locks-mutex-filler:31.1337
pthread_locks-mutex_trylock-empty:11.9981
pthread_locks-mutex_trylock-filler:29.1481

pthread_locks-mutex-empty:6.37758
pthread_locks-mutex-filler:31.0592
pthread_locks-mutex_trylock-empty:12.0009
pthread_locks-mutex_trylock-filler:29.0389

pthread_locks-mutex-empty:6.39811
pthread_locks-mutex-filler:31.04
pthread_locks-mutex_trylock-empty:12.0015
pthread_locks-mutex_trylock-filler:28.7196

pthread_locks-mutex-empty:6.49594
pthread_locks-mutex-filler:30.9512
pthread_locks-mutex_trylock-empty:11.9888
pthread_locks-mutex_trylock-filler:29.0506

pthread_locks-mutex-empty:6.52277
pthread_locks-mutex-filler:31.1256
pthread_locks-mutex_trylock-empty:12.0002
pthread_locks-mutex_trylock-filler:28.2166

pthread_locks-mutex-empty:6.37419
pthread_locks-mutex-filler:30.9718
pthread_locks-mutex_trylock-empty:11.9998
pthread_locks-mutex_trylock-filler:29.0781

pthread_locks-mutex-empty:6.45491
pthread_locks-mutex-filler:30.9727
pthread_locks-mutex_trylock-empty:12.0006
pthread_locks-mutex_trylock-filler:28.8531

pthread_locks-mutex-empty:6.4895
pthread_locks-mutex-filler:30.9908
pthread_locks-mutex_trylock-empty:11.9875
pthread_locks-mutex_trylock-filler:29.2064

pthread_locks-mutex-empty:6.45796
pthread_locks-mutex-filler:31.6365
pthread_locks-mutex_trylock-empty:12.0011
pthread_locks-mutex_trylock-filler:29.2602

pthread_locks-mutex-empty:6.35458
pthread_locks-mutex-filler:30.8319
pthread_locks-mutex_trylock-empty:11.9994
pthread_locks-mutex_trylock-filler:28.386

pthread_locks-mutex-empty:6.36376
pthread_locks-mutex-filler:30.9232
pthread_locks-mutex_trylock-empty:11.9891
pthread_locks-mutex_trylock-filler:29.1253

pthread_locks-mutex-empty:6.44675
pthread_locks-mutex-filler:31.0734
pthread_locks-mutex_trylock-empty:12.0002
pthread_locks-mutex_trylock-filler:28.9654

pthread_locks-mutex-empty:6.42203
pthread_locks-mutex-filler:31.2636
pthread_locks-mutex_trylock-empty:12.0002
pthread_locks-mutex_trylock-filler:29.0031

=== case: bench-malloc-simple
malloc_main_arena_st_allocs_1600_time:1396.01
malloc_main_arena_mt_allocs_1600_time:1459.52
malloc_thread_arena__allocs_1600_time:1429.55

malloc_main_arena_st_allocs_1600_time:1447.55
malloc_main_arena_mt_allocs_1600_time:1438.83
malloc_thread_arena__allocs_1600_time:1461.03

malloc_main_arena_st_allocs_1600_time:1398.16
malloc_main_arena_mt_allocs_1600_time:1459.94
malloc_thread_arena__allocs_1600_time:1424.16

malloc_main_arena_st_allocs_1600_time:1429.7
malloc_main_arena_mt_allocs_1600_time:1463.5
malloc_thread_arena__allocs_1600_time:1419.54

malloc_main_arena_st_allocs_1600_time:1388.79
malloc_main_arena_mt_allocs_1600_time:1443.83
malloc_thread_arena__allocs_1600_time:1462.43

malloc_main_arena_st_allocs_1600_time:1413.1
malloc_main_arena_mt_allocs_1600_time:1440.57
malloc_thread_arena__allocs_1600_time:1458.68

malloc_main_arena_st_allocs_1600_time:1431.95
malloc_main_arena_mt_allocs_1600_time:1434.02
malloc_thread_arena__allocs_1600_time:1421.92

malloc_main_arena_st_allocs_1600_time:1432.17
malloc_main_arena_mt_allocs_1600_time:1461.94
malloc_thread_arena__allocs_1600_time:1432.37

malloc_main_arena_st_allocs_1600_time:1416.09
malloc_main_arena_mt_allocs_1600_time:1445.64
malloc_thread_arena__allocs_1600_time:1460.53

malloc_main_arena_st_allocs_1600_time:1398.26
malloc_main_arena_mt_allocs_1600_time:1461.89
malloc_thread_arena__allocs_1600_time:1425.11

malloc_main_arena_st_allocs_1600_time:1414.06
malloc_main_arena_mt_allocs_1600_time:1440.55
malloc_thread_arena__allocs_1600_time:1456.64

malloc_main_arena_st_allocs_1600_time:1418.27
malloc_main_arena_mt_allocs_1600_time:1440.81
malloc_thread_arena__allocs_1600_time:1431.74

malloc_main_arena_st_allocs_1600_time:1428.9
malloc_main_arena_mt_allocs_1600_time:1461.45
malloc_thread_arena__allocs_1600_time:1421.83

malloc_main_arena_st_allocs_1600_time:1414.33
malloc_main_arena_mt_allocs_1600_time:1409.16
malloc_thread_arena__allocs_1600_time:1459.2

malloc_main_arena_st_allocs_1600_time:1431
malloc_main_arena_mt_allocs_1600_time:1464.55
malloc_thread_arena__allocs_1600_time:1422.15

malloc_main_arena_st_allocs_1600_time:1431.67
malloc_main_arena_mt_allocs_1600_time:1458.78
malloc_thread_arena__allocs_1600_time:1452.1

malloc_main_arena_st_allocs_1600_time:1384.45
malloc_main_arena_mt_allocs_1600_time:1441.94
malloc_thread_arena__allocs_1600_time:1460.67

malloc_main_arena_st_allocs_1600_time:1396.78
malloc_main_arena_mt_allocs_1600_time:1458.96
malloc_thread_arena__allocs_1600_time:1423.23

malloc_main_arena_st_allocs_1600_time:1411.99
malloc_main_arena_mt_allocs_1600_time:1450.16
malloc_thread_arena__allocs_1600_time:1459.59

malloc_main_arena_st_allocs_1600_time:1431.21
malloc_main_arena_mt_allocs_1600_time:1463.65
malloc_thread_arena__allocs_1600_time:1452.49

