=== case: bench-memset
memset_erms-length_131072:5183.48
memset_avx512_unaligned-length_131072:4078.97

memset_erms-length_131072:5305.98
memset_avx512_unaligned-length_131072:4079.38

memset_erms-length_131072:5275.86
memset_avx512_unaligned-length_131072:4084.62

memset_erms-length_131072:5371.02
memset_avx512_unaligned-length_131072:4081.36

memset_erms-length_131072:5300.29
memset_avx512_unaligned-length_131072:4077.26

memset_erms-length_131072:5304.04
memset_avx512_unaligned-length_131072:4083.73

memset_erms-length_131072:5337.33
memset_avx512_unaligned-length_131072:4079.35

memset_erms-length_131072:5254.31
memset_avx512_unaligned-length_131072:4082.77

memset_erms-length_131072:5309.79
memset_avx512_unaligned-length_131072:4078.99

memset_erms-length_131072:5297.55
memset_avx512_unaligned-length_131072:4082.58

memset_erms-length_131072:5408.93
memset_avx512_unaligned-length_131072:4079.91

memset_erms-length_131072:5186.91
memset_avx512_unaligned-length_131072:4079.54

memset_erms-length_131072:5218.79
memset_avx512_unaligned-length_131072:4077.35

memset_erms-length_131072:4829.42
memset_avx512_unaligned-length_131072:3803.74

memset_erms-length_131072:5309.65
memset_avx512_unaligned-length_131072:4080.89

memset_erms-length_131072:5255.5
memset_avx512_unaligned-length_131072:4081.18

memset_erms-length_131072:5196.86
memset_avx512_unaligned-length_131072:4080.62

memset_erms-length_131072:5312.96
memset_avx512_unaligned-length_131072:4082.67

memset_erms-length_131072:5190.34
memset_avx512_unaligned-length_131072:4083.86

memset_erms-length_131072:5197.51
memset_avx512_unaligned-length_131072:4077.21

=== case: bench-strcpy
_evex_Length_512:14.7188
_avx2_rtm_Length_512:15.0049

_evex_Length_512:18.613
_avx2_rtm_Length_512:13.3679

_evex_Length_512:15.3406
_avx2_rtm_Length_512:12.6587

_evex_Length_512:15.6079
_avx2_rtm_Length_512:16.8572

_evex_Length_512:17.2639
_avx2_rtm_Length_512:12.677

_evex_Length_512:15.2424
_avx2_rtm_Length_512:12.6379

_evex_Length_512:17.6121
_avx2_rtm_Length_512:13.0784

_evex_Length_512:15.0952
_avx2_rtm_Length_512:12.8088

_evex_Length_512:14.7625
_avx2_rtm_Length_512:12.6567

_evex_Length_512:15.0718
_avx2_rtm_Length_512:12.6667

_evex_Length_512:20.1731
_avx2_rtm_Length_512:12.7629

_evex_Length_512:14.6714
_avx2_rtm_Length_512:13.3757

_evex_Length_512:15.2153
_avx2_rtm_Length_512:12.9961

_evex_Length_512:15.1838
_avx2_rtm_Length_512:12.6455

_evex_Length_512:14.6965
_avx2_rtm_Length_512:16.2903

_evex_Length_512:15.7659
_avx2_rtm_Length_512:13.0378

_evex_Length_512:15.094
_avx2_rtm_Length_512:12.7563

_evex_Length_512:14.7312
_avx2_rtm_Length_512:12.6599

_evex_Length_512:15.5671
_avx2_rtm_Length_512:13.3704

_evex_Length_512:14.7129
_avx2_rtm_Length_512:12.644

=== case: bench-memcpy-large
memcpy_erms-length_33554439:3386930.0
memcpy_avx512_unaligned_erms-length_33554439:3018040.0

memcpy_erms-length_33554439:3423770.0
memcpy_avx512_unaligned_erms-length_33554439:3020020.0

memcpy_erms-length_33554439:3359210.0
memcpy_avx512_unaligned_erms-length_33554439:3024680.0

memcpy_erms-length_33554439:3363780.0
memcpy_avx512_unaligned_erms-length_33554439:3018320.0

memcpy_erms-length_33554439:3371630.0
memcpy_avx512_unaligned_erms-length_33554439:3017440.0

memcpy_erms-length_33554439:3402760.0
memcpy_avx512_unaligned_erms-length_33554439:3016460.0

memcpy_erms-length_33554439:3391260.0
memcpy_avx512_unaligned_erms-length_33554439:3014980.0

memcpy_erms-length_33554439:3401460.0
memcpy_avx512_unaligned_erms-length_33554439:3021330.0

memcpy_erms-length_33554439:3417290.0
memcpy_avx512_unaligned_erms-length_33554439:3020230.0

memcpy_erms-length_33554439:3366200.0
memcpy_avx512_unaligned_erms-length_33554439:3018540.0

memcpy_erms-length_33554439:3366240.0
memcpy_avx512_unaligned_erms-length_33554439:3013470.0

memcpy_erms-length_33554439:3343810.0
memcpy_avx512_unaligned_erms-length_33554439:3016510.0

memcpy_erms-length_33554439:3399090.0
memcpy_avx512_unaligned_erms-length_33554439:3017390.0

memcpy_erms-length_33554439:3464060.0
memcpy_avx512_unaligned_erms-length_33554439:3018920.0

memcpy_erms-length_33554439:3416140.0
memcpy_avx512_unaligned_erms-length_33554439:3016530.0

memcpy_erms-length_33554439:3396280.0
memcpy_avx512_unaligned_erms-length_33554439:3019860.0

memcpy_erms-length_33554439:3395400.0
memcpy_avx512_unaligned_erms-length_33554439:3020560.0

memcpy_erms-length_33554439:3383080.0
memcpy_avx512_unaligned_erms-length_33554439:3016530.0

memcpy_erms-length_33554439:3398430.0
memcpy_avx512_unaligned_erms-length_33554439:3033030.0

memcpy_erms-length_33554439:3441390.0
memcpy_avx512_unaligned_erms-length_33554439:3022490.0

=== case: bench-sprintf
sprintf_positional_mean:624.848
sprintf_non-positional_mean:410.308

sprintf_positional_mean:629.194
sprintf_non-positional_mean:412.948

sprintf_positional_mean:629.895
sprintf_non-positional_mean:410.07

sprintf_positional_mean:629.304
sprintf_non-positional_mean:407.776

sprintf_positional_mean:631.283
sprintf_non-positional_mean:411.329

sprintf_positional_mean:627.289
sprintf_non-positional_mean:409.387

sprintf_positional_mean:625.919
sprintf_non-positional_mean:410.99

sprintf_positional_mean:627.742
sprintf_non-positional_mean:409.232

sprintf_positional_mean:628.177
sprintf_non-positional_mean:414.353

sprintf_positional_mean:628.533
sprintf_non-positional_mean:411.219

sprintf_positional_mean:627.603
sprintf_non-positional_mean:409.574

sprintf_positional_mean:644.339
sprintf_non-positional_mean:408.866

sprintf_positional_mean:633.162
sprintf_non-positional_mean:411.873

sprintf_positional_mean:628.445
sprintf_non-positional_mean:411.899

sprintf_positional_mean:621.337
sprintf_non-positional_mean:408.331

sprintf_positional_mean:624.964
sprintf_non-positional_mean:409.417

sprintf_positional_mean:626.917
sprintf_non-positional_mean:410.114

sprintf_positional_mean:624.205
sprintf_non-positional_mean:412.025

sprintf_positional_mean:625.276
sprintf_non-positional_mean:411.312

sprintf_positional_mean:626.641
sprintf_non-positional_mean:411.829

=== case: bench-acos
acos:9.06453

acos:9.03624

acos:9.01545

acos:9.0646

acos:9.06944

acos:9.06127

acos:9.01506

acos:9.02328

acos:9.01127

acos:9.06323

acos:9.06437

acos:9.04672

acos:9.02925

acos:9.0494

acos:9.01425

acos:9.02531

acos:9.05775

acos:9.04754

acos:9.06199

acos:9.0145

=== case: bench-asinh
asinh:11.3009

asinh:11.2996

asinh:11.2914

asinh:11.2979

asinh:11.3073

asinh:11.3001

asinh:11.278

asinh:11.3018

asinh:11.2958

asinh:11.2887

asinh:11.2904

asinh:11.3006

asinh:11.307

asinh:11.2726

asinh:11.3019

asinh:11.2931

asinh:11.2804

asinh:11.2937

asinh:11.3054

asinh:11.2952

=== case: bench-exp
exp:8.62081

exp:8.67282

exp:8.60351

exp:8.59014

exp:8.59634

exp:8.58787

exp:8.59222

exp:8.61741

exp:8.56617

exp:8.57589

exp:8.71931

exp:9.16448

exp:8.63703

exp:8.6185

exp:8.63314

exp:8.63545

exp:8.59814

exp:8.61135

exp:8.63977

exp:8.63047

=== case: bench-log2
log2:9.00265

log2:9.07523

log2:9.00238

log2:9.03649

log2:9.00239

log2:9.04549

log2:8.99219

log2:9.07765

log2:9.02917

log2:9.04349

log2:9.03324

log2:9.00978

log2:9.03362

log2:9.18372

log2:9.03332

log2:8.99434

log2:8.99838

log2:9.02113

log2:9.00078

log2:8.99015

=== case: bench-sin
sin:24.5432

sin:24.5288

sin:24.5591

sin:24.564

sin:24.6005

sin:24.5467

sin:24.5637

sin:24.5761

sin:24.5656

sin:24.748

sin:24.5541

sin:24.5558

sin:24.5729

sin:24.5807

sin:24.5492

sin:24.5748

sin:24.5671

sin:24.6014

sin:24.5513

sin:24.6273

=== case: bench-sincos
sincos:34.7898

sincos:34.7542

sincos:34.7972

sincos:34.7527

sincos:34.7882

sincos:34.7619

sincos:34.7868

sincos:34.7679

sincos:34.7736

sincos:34.7789

sincos:34.9272

sincos:34.7918

sincos:34.7936

sincos:34.7864

sincos:34.7654

sincos:34.786

sincos:34.7859

sincos:34.7941

sincos:34.7914

sincos:34.7711

=== case: bench-sqrt
sqrt:2.86702

sqrt:2.86691

sqrt:2.87008

sqrt:2.86871

sqrt:2.86687

sqrt:2.87191

sqrt:2.86943

sqrt:2.8672

sqrt:2.86706

sqrt:2.87539

sqrt:2.86912

sqrt:2.8642

sqrt:2.87108

sqrt:2.87025

sqrt:2.86652

sqrt:2.86925

sqrt:2.871

sqrt:2.86868

sqrt:2.86744

sqrt:2.86792

=== case: bench-tanh
tanh:13.7831

tanh:13.7678

tanh:13.7607

tanh:13.7659

tanh:13.7613

tanh:13.7437

tanh:14.3884

tanh:13.7304

tanh:13.7339

tanh:13.7845

tanh:13.9588

tanh:13.7982

tanh:13.7377

tanh:13.7794

tanh:13.7536

tanh:13.7371

tanh:13.745

tanh:13.7742

tanh:13.7352

tanh:13.7224

=== case: bench-pthread_once
pthread_once:2.83291

pthread_once:2.83017

pthread_once:2.94461

pthread_once:2.82954

pthread_once:2.84311

pthread_once:2.83005

pthread_once:2.82872

pthread_once:2.83345

pthread_once:2.84258

pthread_once:2.83093

pthread_once:2.83194

pthread_once:2.82894

pthread_once:2.82913

pthread_once:2.83002

pthread_once:2.83039

pthread_once:2.82909

pthread_once:2.82829

pthread_once:2.8304

pthread_once:2.83083

pthread_once:2.93615

=== case: bench-malloc-thread
malloc_time_per_iteration:24.0261

malloc_time_per_iteration:24.0027

malloc_time_per_iteration:24.0259

malloc_time_per_iteration:23.7018

malloc_time_per_iteration:23.9033

malloc_time_per_iteration:23.6384

malloc_time_per_iteration:25.0421

malloc_time_per_iteration:24.16

malloc_time_per_iteration:23.6579

malloc_time_per_iteration:23.9557

malloc_time_per_iteration:24.0823

malloc_time_per_iteration:23.9018

malloc_time_per_iteration:24.0741

malloc_time_per_iteration:23.9164

malloc_time_per_iteration:23.861

malloc_time_per_iteration:24.157

malloc_time_per_iteration:23.9056

malloc_time_per_iteration:24.1626

malloc_time_per_iteration:24.0053

malloc_time_per_iteration:23.6676

=== case: bench-thread_create
thread_create-stack=2048,guard=1:1699400.0
thread_create-stack=2048,guard=2:1964370.0

thread_create-stack=2048,guard=1:1603090.0
thread_create-stack=2048,guard=2:1573690.0

thread_create-stack=2048,guard=1:1645430.0
thread_create-stack=2048,guard=2:1577220.0

thread_create-stack=2048,guard=1:1611990.0
thread_create-stack=2048,guard=2:1620390.0

thread_create-stack=2048,guard=1:1647520.0
thread_create-stack=2048,guard=2:1623200.0

thread_create-stack=2048,guard=1:1613400.0
thread_create-stack=2048,guard=2:1661550.0

thread_create-stack=2048,guard=1:1640410.0
thread_create-stack=2048,guard=2:1639720.0

thread_create-stack=2048,guard=1:1604840.0
thread_create-stack=2048,guard=2:1605170.0

thread_create-stack=2048,guard=1:1617260.0
thread_create-stack=2048,guard=2:1602500.0

thread_create-stack=2048,guard=1:1606450.0
thread_create-stack=2048,guard=2:1574870.0

thread_create-stack=2048,guard=1:1583710.0
thread_create-stack=2048,guard=2:1578810.0

thread_create-stack=2048,guard=1:1539700.0
thread_create-stack=2048,guard=2:1609830.0

thread_create-stack=2048,guard=1:1554440.0
thread_create-stack=2048,guard=2:1616360.0

thread_create-stack=2048,guard=1:1616920.0
thread_create-stack=2048,guard=2:1651580.0

thread_create-stack=2048,guard=1:1609320.0
thread_create-stack=2048,guard=2:1646980.0

thread_create-stack=2048,guard=1:2101300.0
thread_create-stack=2048,guard=2:1876960.0

thread_create-stack=2048,guard=1:1580580.0
thread_create-stack=2048,guard=2:1607550.0

thread_create-stack=2048,guard=1:1619480.0
thread_create-stack=2048,guard=2:1633370.0

thread_create-stack=2048,guard=1:1730700.0
thread_create-stack=2048,guard=2:2018050.0

thread_create-stack=2048,guard=1:1643110.0
thread_create-stack=2048,guard=2:1609120.0

=== case: bench-pthread-locks
pthread_locks-mutex-empty:6.89468
pthread_locks-mutex-filler:35.3702
pthread_locks-mutex_trylock-empty:12.3411
pthread_locks-mutex_trylock-filler:32.1662

pthread_locks-mutex-empty:6.93279
pthread_locks-mutex-filler:35.3624
pthread_locks-mutex_trylock-empty:12.3358
pthread_locks-mutex_trylock-filler:32.1717

pthread_locks-mutex-empty:6.74027
pthread_locks-mutex-filler:34.8084
pthread_locks-mutex_trylock-empty:12.321
pthread_locks-mutex_trylock-filler:31.3785

pthread_locks-mutex-empty:6.72315
pthread_locks-mutex-filler:35.3653
pthread_locks-mutex_trylock-empty:12.3419
pthread_locks-mutex_trylock-filler:32.2156

pthread_locks-mutex-empty:6.80055
pthread_locks-mutex-filler:35.5122
pthread_locks-mutex_trylock-empty:12.3288
pthread_locks-mutex_trylock-filler:32.3304

pthread_locks-mutex-empty:6.7971
pthread_locks-mutex-filler:35.4535
pthread_locks-mutex_trylock-empty:12.3311
pthread_locks-mutex_trylock-filler:32.344

pthread_locks-mutex-empty:6.86384
pthread_locks-mutex-filler:35.3633
pthread_locks-mutex_trylock-empty:12.3283
pthread_locks-mutex_trylock-filler:32.1752

pthread_locks-mutex-empty:6.82211
pthread_locks-mutex-filler:35.1296
pthread_locks-mutex_trylock-empty:12.3341
pthread_locks-mutex_trylock-filler:31.7492

pthread_locks-mutex-empty:6.90659
pthread_locks-mutex-filler:35.2135
pthread_locks-mutex_trylock-empty:12.3218
pthread_locks-mutex_trylock-filler:32.3338

pthread_locks-mutex-empty:6.68971
pthread_locks-mutex-filler:35.5087
pthread_locks-mutex_trylock-empty:12.3363
pthread_locks-mutex_trylock-filler:32.3259

pthread_locks-mutex-empty:6.76772
pthread_locks-mutex-filler:35.2953
pthread_locks-mutex_trylock-empty:12.3256
pthread_locks-mutex_trylock-filler:31.7137

pthread_locks-mutex-empty:6.72963
pthread_locks-mutex-filler:35.3328
pthread_locks-mutex_trylock-empty:12.3104
pthread_locks-mutex_trylock-filler:32.255

pthread_locks-mutex-empty:6.92401
pthread_locks-mutex-filler:35.0763
pthread_locks-mutex_trylock-empty:12.3501
pthread_locks-mutex_trylock-filler:32.2004

pthread_locks-mutex-empty:6.80879
pthread_locks-mutex-filler:34.5238
pthread_locks-mutex_trylock-empty:12.324
pthread_locks-mutex_trylock-filler:31.7948

pthread_locks-mutex-empty:6.90048
pthread_locks-mutex-filler:35.481
pthread_locks-mutex_trylock-empty:12.333
pthread_locks-mutex_trylock-filler:32.5109

pthread_locks-mutex-empty:6.74661
pthread_locks-mutex-filler:35.4883
pthread_locks-mutex_trylock-empty:12.3417
pthread_locks-mutex_trylock-filler:32.3752

pthread_locks-mutex-empty:6.81283
pthread_locks-mutex-filler:35.0994
pthread_locks-mutex_trylock-empty:12.3305
pthread_locks-mutex_trylock-filler:32.2794

pthread_locks-mutex-empty:6.72994
pthread_locks-mutex-filler:34.8647
pthread_locks-mutex_trylock-empty:12.3277
pthread_locks-mutex_trylock-filler:32.1171

pthread_locks-mutex-empty:6.86683
pthread_locks-mutex-filler:35.3038
pthread_locks-mutex_trylock-empty:12.3237
pthread_locks-mutex_trylock-filler:32.3969

pthread_locks-mutex-empty:6.80109
pthread_locks-mutex-filler:35.2102
pthread_locks-mutex_trylock-empty:12.3277
pthread_locks-mutex_trylock-filler:32.3455

=== case: bench-malloc-simple
malloc_main_arena_st_allocs_1600_time:1484.76
malloc_main_arena_mt_allocs_1600_time:1559.55
malloc_thread_arena__allocs_1600_time:1535.5

malloc_main_arena_st_allocs_1600_time:1503.21
malloc_main_arena_mt_allocs_1600_time:1532.19
malloc_thread_arena__allocs_1600_time:1497.99

malloc_main_arena_st_allocs_1600_time:1500.44
malloc_main_arena_mt_allocs_1600_time:1528.58
malloc_thread_arena__allocs_1600_time:1526.02

malloc_main_arena_st_allocs_1600_time:1500.06
malloc_main_arena_mt_allocs_1600_time:1485.99
malloc_thread_arena__allocs_1600_time:1534.37

malloc_main_arena_st_allocs_1600_time:1500.16
malloc_main_arena_mt_allocs_1600_time:1484.36
malloc_thread_arena__allocs_1600_time:1531.93

malloc_main_arena_st_allocs_1600_time:1527.2
malloc_main_arena_mt_allocs_1600_time:1527.37
malloc_thread_arena__allocs_1600_time:1527.02

malloc_main_arena_st_allocs_1600_time:1528.83
malloc_main_arena_mt_allocs_1600_time:1561.08
malloc_thread_arena__allocs_1600_time:1523.05

malloc_main_arena_st_allocs_1600_time:1484.29
malloc_main_arena_mt_allocs_1600_time:1557.05
malloc_thread_arena__allocs_1600_time:1535.68

malloc_main_arena_st_allocs_1600_time:1462.94
malloc_main_arena_mt_allocs_1600_time:1529.95
malloc_thread_arena__allocs_1600_time:1557.21

malloc_main_arena_st_allocs_1600_time:1508.01
malloc_main_arena_mt_allocs_1600_time:1531.65
malloc_thread_arena__allocs_1600_time:1511.85

malloc_main_arena_st_allocs_1600_time:1465.49
malloc_main_arena_mt_allocs_1600_time:1532.64
malloc_thread_arena__allocs_1600_time:1562.07

malloc_main_arena_st_allocs_1600_time:1506.95
malloc_main_arena_mt_allocs_1600_time:1503.33
malloc_thread_arena__allocs_1600_time:1573.73

malloc_main_arena_st_allocs_1600_time:1484.04
malloc_main_arena_mt_allocs_1600_time:1554.07
malloc_thread_arena__allocs_1600_time:1557.25

malloc_main_arena_st_allocs_1600_time:1506.47
malloc_main_arena_mt_allocs_1600_time:1541.2
malloc_thread_arena__allocs_1600_time:1562.88

malloc_main_arena_st_allocs_1600_time:1464.46
malloc_main_arena_mt_allocs_1600_time:1534.16
malloc_thread_arena__allocs_1600_time:1559.51

malloc_main_arena_st_allocs_1600_time:1507.79
malloc_main_arena_mt_allocs_1600_time:1535.41
malloc_thread_arena__allocs_1600_time:1526.64

malloc_main_arena_st_allocs_1600_time:1508.5
malloc_main_arena_mt_allocs_1600_time:1533.37
malloc_thread_arena__allocs_1600_time:1532.7

malloc_main_arena_st_allocs_1600_time:1506.6
malloc_main_arena_mt_allocs_1600_time:1535.61
malloc_thread_arena__allocs_1600_time:1554.29

malloc_main_arena_st_allocs_1600_time:1514.58
malloc_main_arena_mt_allocs_1600_time:1539.55
malloc_thread_arena__allocs_1600_time:1529.89

malloc_main_arena_st_allocs_1600_time:1459.29
malloc_main_arena_mt_allocs_1600_time:1528.77
malloc_thread_arena__allocs_1600_time:1534.72

