=== case: bench-thread_create_m
thread_create-stack=2048,guard=1_mean:79356.4
thread_create-stack=2048,guard=1_time_1:37515.1
thread_create-stack=2048,guard=1_time_2:41781.2

thread_create-stack=2048,guard=1_mean:71060.9
thread_create-stack=2048,guard=1_time_1:32948.3
thread_create-stack=2048,guard=1_time_2:38050.9

thread_create-stack=2048,guard=1_mean:70036.8
thread_create-stack=2048,guard=1_time_1:32516.8
thread_create-stack=2048,guard=1_time_2:37458.4

thread_create-stack=2048,guard=1_mean:70935.2
thread_create-stack=2048,guard=1_time_1:32756.5
thread_create-stack=2048,guard=1_time_2:38118.7

thread_create-stack=2048,guard=1_mean:71349.4
thread_create-stack=2048,guard=1_time_1:31344.4
thread_create-stack=2048,guard=1_time_2:39941.6

thread_create-stack=2048,guard=1_mean:69807.2
thread_create-stack=2048,guard=1_time_1:31515.6
thread_create-stack=2048,guard=1_time_2:38231.5

thread_create-stack=2048,guard=1_mean:70135.9
thread_create-stack=2048,guard=1_time_1:31994.6
thread_create-stack=2048,guard=1_time_2:38080.6

thread_create-stack=2048,guard=1_mean:71466
thread_create-stack=2048,guard=1_time_1:32986.8
thread_create-stack=2048,guard=1_time_2:38418.5

thread_create-stack=2048,guard=1_mean:72459
thread_create-stack=2048,guard=1_time_1:32312.3
thread_create-stack=2048,guard=1_time_2:40086

thread_create-stack=2048,guard=1_mean:69136.6
thread_create-stack=2048,guard=1_time_1:32061.4
thread_create-stack=2048,guard=1_time_2:37015.9

thread_create-stack=2048,guard=1_mean:70287.7
thread_create-stack=2048,guard=1_time_1:31920.7
thread_create-stack=2048,guard=1_time_2:38307.8

thread_create-stack=2048,guard=1_mean:69479.8
thread_create-stack=2048,guard=1_time_1:31839
thread_create-stack=2048,guard=1_time_2:37581.8

thread_create-stack=2048,guard=1_mean:73652.9
thread_create-stack=2048,guard=1_time_1:32487.6
thread_create-stack=2048,guard=1_time_2:41104.3

thread_create-stack=2048,guard=1_mean:69590.2
thread_create-stack=2048,guard=1_time_1:31301.1
thread_create-stack=2048,guard=1_time_2:38228.6

thread_create-stack=2048,guard=1_mean:69616.9
thread_create-stack=2048,guard=1_time_1:30969.8
thread_create-stack=2048,guard=1_time_2:38587.7

thread_create-stack=2048,guard=1_mean:70127.9
thread_create-stack=2048,guard=1_time_1:31885.5
thread_create-stack=2048,guard=1_time_2:38182.7

thread_create-stack=2048,guard=1_mean:71310.9
thread_create-stack=2048,guard=1_time_1:31855.7
thread_create-stack=2048,guard=1_time_2:39387.4

thread_create-stack=2048,guard=1_mean:69187.1
thread_create-stack=2048,guard=1_time_1:31048.1
thread_create-stack=2048,guard=1_time_2:38079.9

thread_create-stack=2048,guard=1_mean:69057.6
thread_create-stack=2048,guard=1_time_1:31598.5
thread_create-stack=2048,guard=1_time_2:37397.1

thread_create-stack=2048,guard=1_mean:69507.6
thread_create-stack=2048,guard=1_time_1:31781.3
thread_create-stack=2048,guard=1_time_2:37666.1

=== case: bench-thread_create_m
thread_create-stack=2048,guard=1_mean:188345
thread_create-stack=2048,guard=1_time_1:84174.9
thread_create-stack=2048,guard=1_time_2:104011

thread_create-stack=2048,guard=1_mean:187267
thread_create-stack=2048,guard=1_time_1:83889.4
thread_create-stack=2048,guard=1_time_2:103195

thread_create-stack=2048,guard=1_mean:187994
thread_create-stack=2048,guard=1_time_1:84744.7
thread_create-stack=2048,guard=1_time_2:103085

thread_create-stack=2048,guard=1_mean:187931
thread_create-stack=2048,guard=1_time_1:84739.5
thread_create-stack=2048,guard=1_time_2:103027

thread_create-stack=2048,guard=1_mean:189516
thread_create-stack=2048,guard=1_time_1:84418.6
thread_create-stack=2048,guard=1_time_2:104942

thread_create-stack=2048,guard=1_mean:189791
thread_create-stack=2048,guard=1_time_1:84536.2
thread_create-stack=2048,guard=1_time_2:105085

thread_create-stack=2048,guard=1_mean:186732
thread_create-stack=2048,guard=1_time_1:84696
thread_create-stack=2048,guard=1_time_2:101863

thread_create-stack=2048,guard=1_mean:190588
thread_create-stack=2048,guard=1_time_1:85068.8
thread_create-stack=2048,guard=1_time_2:105347

thread_create-stack=2048,guard=1_mean:188037
thread_create-stack=2048,guard=1_time_1:82757.4
thread_create-stack=2048,guard=1_time_2:105124

thread_create-stack=2048,guard=1_mean:187619
thread_create-stack=2048,guard=1_time_1:84225.1
thread_create-stack=2048,guard=1_time_2:103244

thread_create-stack=2048,guard=1_mean:185097
thread_create-stack=2048,guard=1_time_1:83308.4
thread_create-stack=2048,guard=1_time_2:101641

thread_create-stack=2048,guard=1_mean:189771
thread_create-stack=2048,guard=1_time_1:84425.3
thread_create-stack=2048,guard=1_time_2:105202

thread_create-stack=2048,guard=1_mean:187180
thread_create-stack=2048,guard=1_time_1:84554
thread_create-stack=2048,guard=1_time_2:102450

thread_create-stack=2048,guard=1_mean:190421
thread_create-stack=2048,guard=1_time_1:85381.3
thread_create-stack=2048,guard=1_time_2:104892

thread_create-stack=2048,guard=1_mean:187640
thread_create-stack=2048,guard=1_time_1:84664.5
thread_create-stack=2048,guard=1_time_2:102816

thread_create-stack=2048,guard=1_mean:190321
thread_create-stack=2048,guard=1_time_1:85666.6
thread_create-stack=2048,guard=1_time_2:104497

thread_create-stack=2048,guard=1_mean:187269
thread_create-stack=2048,guard=1_time_1:84788.6
thread_create-stack=2048,guard=1_time_2:102329

thread_create-stack=2048,guard=1_mean:188294
thread_create-stack=2048,guard=1_time_1:84632
thread_create-stack=2048,guard=1_time_2:103492

thread_create-stack=2048,guard=1_mean:187140
thread_create-stack=2048,guard=1_time_1:82723.9
thread_create-stack=2048,guard=1_time_2:104253

thread_create-stack=2048,guard=1_mean:190456
thread_create-stack=2048,guard=1_time_1:84574.8
thread_create-stack=2048,guard=1_time_2:105721

=== case: bench-thread_create_m
thread_create-stack=2048,guard=1_mean:303512
thread_create-stack=2048,guard=1_time_1:133962
thread_create-stack=2048,guard=1_time_2:169381

thread_create-stack=2048,guard=1_mean:303880
thread_create-stack=2048,guard=1_time_1:133418
thread_create-stack=2048,guard=1_time_2:170242

thread_create-stack=2048,guard=1_mean:304569
thread_create-stack=2048,guard=1_time_1:133422
thread_create-stack=2048,guard=1_time_2:170978

thread_create-stack=2048,guard=1_mean:304538
thread_create-stack=2048,guard=1_time_1:133498
thread_create-stack=2048,guard=1_time_2:170874

thread_create-stack=2048,guard=1_mean:304356
thread_create-stack=2048,guard=1_time_1:132941
thread_create-stack=2048,guard=1_time_2:171248

thread_create-stack=2048,guard=1_mean:304467
thread_create-stack=2048,guard=1_time_1:133281
thread_create-stack=2048,guard=1_time_2:171008

thread_create-stack=2048,guard=1_mean:305009
thread_create-stack=2048,guard=1_time_1:133114
thread_create-stack=2048,guard=1_time_2:171733

thread_create-stack=2048,guard=1_mean:299692
thread_create-stack=2048,guard=1_time_1:131110
thread_create-stack=2048,guard=1_time_2:168423

thread_create-stack=2048,guard=1_mean:304010
thread_create-stack=2048,guard=1_time_1:134295
thread_create-stack=2048,guard=1_time_2:169543

thread_create-stack=2048,guard=1_mean:305014
thread_create-stack=2048,guard=1_time_1:134252
thread_create-stack=2048,guard=1_time_2:170579

thread_create-stack=2048,guard=1_mean:304286
thread_create-stack=2048,guard=1_time_1:133928
thread_create-stack=2048,guard=1_time_2:170152

thread_create-stack=2048,guard=1_mean:303145
thread_create-stack=2048,guard=1_time_1:133324
thread_create-stack=2048,guard=1_time_2:169650

thread_create-stack=2048,guard=1_mean:302702
thread_create-stack=2048,guard=1_time_1:134128
thread_create-stack=2048,guard=1_time_2:168400

thread_create-stack=2048,guard=1_mean:302260
thread_create-stack=2048,guard=1_time_1:131994
thread_create-stack=2048,guard=1_time_2:170088

thread_create-stack=2048,guard=1_mean:300213
thread_create-stack=2048,guard=1_time_1:132941
thread_create-stack=2048,guard=1_time_2:167099

thread_create-stack=2048,guard=1_mean:305033
thread_create-stack=2048,guard=1_time_1:132989
thread_create-stack=2048,guard=1_time_2:171870

thread_create-stack=2048,guard=1_mean:299006
thread_create-stack=2048,guard=1_time_1:130769
thread_create-stack=2048,guard=1_time_2:168060

thread_create-stack=2048,guard=1_mean:300053
thread_create-stack=2048,guard=1_time_1:134150
thread_create-stack=2048,guard=1_time_2:165729

thread_create-stack=2048,guard=1_mean:304232
thread_create-stack=2048,guard=1_time_1:134074
thread_create-stack=2048,guard=1_time_2:169987

thread_create-stack=2048,guard=1_mean:314729
thread_create-stack=2048,guard=1_time_1:134371
thread_create-stack=2048,guard=1_time_2:180189

=== case: bench-thread_create_m
thread_create-stack=2048,guard=1_mean:415361
thread_create-stack=2048,guard=1_time_1:183373
thread_create-stack=2048,guard=1_time_2:231800

thread_create-stack=2048,guard=1_mean:416361
thread_create-stack=2048,guard=1_time_1:181827
thread_create-stack=2048,guard=1_time_2:234320

thread_create-stack=2048,guard=1_mean:410591
thread_create-stack=2048,guard=1_time_1:181832
thread_create-stack=2048,guard=1_time_2:228583

thread_create-stack=2048,guard=1_mean:413188
thread_create-stack=2048,guard=1_time_1:182477
thread_create-stack=2048,guard=1_time_2:230514

thread_create-stack=2048,guard=1_mean:412591
thread_create-stack=2048,guard=1_time_1:179441
thread_create-stack=2048,guard=1_time_2:232959

thread_create-stack=2048,guard=1_mean:412146
thread_create-stack=2048,guard=1_time_1:180478
thread_create-stack=2048,guard=1_time_2:231476

thread_create-stack=2048,guard=1_mean:417198
thread_create-stack=2048,guard=1_time_1:182410
thread_create-stack=2048,guard=1_time_2:234548

thread_create-stack=2048,guard=1_mean:416281
thread_create-stack=2048,guard=1_time_1:183357
thread_create-stack=2048,guard=1_time_2:232725

thread_create-stack=2048,guard=1_mean:417084
thread_create-stack=2048,guard=1_time_1:182978
thread_create-stack=2048,guard=1_time_2:233928

thread_create-stack=2048,guard=1_mean:418145
thread_create-stack=2048,guard=1_time_1:184223
thread_create-stack=2048,guard=1_time_2:233716

thread_create-stack=2048,guard=1_mean:418608
thread_create-stack=2048,guard=1_time_1:182897
thread_create-stack=2048,guard=1_time_2:235512

thread_create-stack=2048,guard=1_mean:415672
thread_create-stack=2048,guard=1_time_1:182849
thread_create-stack=2048,guard=1_time_2:232587

thread_create-stack=2048,guard=1_mean:414433
thread_create-stack=2048,guard=1_time_1:182542
thread_create-stack=2048,guard=1_time_2:231690

thread_create-stack=2048,guard=1_mean:414733
thread_create-stack=2048,guard=1_time_1:181832
thread_create-stack=2048,guard=1_time_2:232722

thread_create-stack=2048,guard=1_mean:415153
thread_create-stack=2048,guard=1_time_1:183077
thread_create-stack=2048,guard=1_time_2:231870

thread_create-stack=2048,guard=1_mean:412588
thread_create-stack=2048,guard=1_time_1:182705
thread_create-stack=2048,guard=1_time_2:229674

thread_create-stack=2048,guard=1_mean:415110
thread_create-stack=2048,guard=1_time_1:183256
thread_create-stack=2048,guard=1_time_2:231660

thread_create-stack=2048,guard=1_mean:417214
thread_create-stack=2048,guard=1_time_1:184099
thread_create-stack=2048,guard=1_time_2:232911

thread_create-stack=2048,guard=1_mean:414010
thread_create-stack=2048,guard=1_time_1:182436
thread_create-stack=2048,guard=1_time_2:231383

thread_create-stack=2048,guard=1_mean:414891
thread_create-stack=2048,guard=1_time_1:180257
thread_create-stack=2048,guard=1_time_2:234441

=== case: bench-thread_create_m
thread_create-stack=2048,guard=1_mean:532685
thread_create-stack=2048,guard=1_time_1:234517
thread_create-stack=2048,guard=1_time_2:297934

thread_create-stack=2048,guard=1_mean:525992
thread_create-stack=2048,guard=1_time_1:233663
thread_create-stack=2048,guard=1_time_2:292102

thread_create-stack=2048,guard=1_mean:525203
thread_create-stack=2048,guard=1_time_1:232405
thread_create-stack=2048,guard=1_time_2:292597

thread_create-stack=2048,guard=1_mean:537344
thread_create-stack=2048,guard=1_time_1:237247
thread_create-stack=2048,guard=1_time_2:299835

thread_create-stack=2048,guard=1_mean:533155
thread_create-stack=2048,guard=1_time_1:234698
thread_create-stack=2048,guard=1_time_2:298255

thread_create-stack=2048,guard=1_mean:528833
thread_create-stack=2048,guard=1_time_1:232793
thread_create-stack=2048,guard=1_time_2:295827

thread_create-stack=2048,guard=1_mean:528644
thread_create-stack=2048,guard=1_time_1:231623
thread_create-stack=2048,guard=1_time_2:296797

thread_create-stack=2048,guard=1_mean:529960
thread_create-stack=2048,guard=1_time_1:234454
thread_create-stack=2048,guard=1_time_2:295299

thread_create-stack=2048,guard=1_mean:528615
thread_create-stack=2048,guard=1_time_1:234112
thread_create-stack=2048,guard=1_time_2:294283

thread_create-stack=2048,guard=1_mean:527925
thread_create-stack=2048,guard=1_time_1:234034
thread_create-stack=2048,guard=1_time_2:293673

thread_create-stack=2048,guard=1_mean:582272
thread_create-stack=2048,guard=1_time_1:235364
thread_create-stack=2048,guard=1_time_2:346675

thread_create-stack=2048,guard=1_mean:523664
thread_create-stack=2048,guard=1_time_1:229854
thread_create-stack=2048,guard=1_time_2:293590

thread_create-stack=2048,guard=1_mean:527788
thread_create-stack=2048,guard=1_time_1:231918
thread_create-stack=2048,guard=1_time_2:295647

thread_create-stack=2048,guard=1_mean:527631
thread_create-stack=2048,guard=1_time_1:233110
thread_create-stack=2048,guard=1_time_2:294272

thread_create-stack=2048,guard=1_mean:529240
thread_create-stack=2048,guard=1_time_1:234083
thread_create-stack=2048,guard=1_time_2:294932

thread_create-stack=2048,guard=1_mean:533375
thread_create-stack=2048,guard=1_time_1:237050
thread_create-stack=2048,guard=1_time_2:296070

thread_create-stack=2048,guard=1_mean:529565
thread_create-stack=2048,guard=1_time_1:234516
thread_create-stack=2048,guard=1_time_2:294816

thread_create-stack=2048,guard=1_mean:528681
thread_create-stack=2048,guard=1_time_1:232016
thread_create-stack=2048,guard=1_time_2:296436

thread_create-stack=2048,guard=1_mean:532446
thread_create-stack=2048,guard=1_time_1:233765
thread_create-stack=2048,guard=1_time_2:298448

thread_create-stack=2048,guard=1_mean:525023
thread_create-stack=2048,guard=1_time_1:230274
thread_create-stack=2048,guard=1_time_2:294517

=== case: bench-thread_create_m
thread_create-stack=2048,guard=1_mean:648504
thread_create-stack=2048,guard=1_time_1:284842
thread_create-stack=2048,guard=1_time_2:363411

thread_create-stack=2048,guard=1_mean:642687
thread_create-stack=2048,guard=1_time_1:281703
thread_create-stack=2048,guard=1_time_2:360729

thread_create-stack=2048,guard=1_mean:644535
thread_create-stack=2048,guard=1_time_1:285347
thread_create-stack=2048,guard=1_time_2:358917

thread_create-stack=2048,guard=1_mean:648936
thread_create-stack=2048,guard=1_time_1:286831
thread_create-stack=2048,guard=1_time_2:361857

thread_create-stack=2048,guard=1_mean:649841
thread_create-stack=2048,guard=1_time_1:283701
thread_create-stack=2048,guard=1_time_2:365878

thread_create-stack=2048,guard=1_mean:640081
thread_create-stack=2048,guard=1_time_1:281336
thread_create-stack=2048,guard=1_time_2:358457

thread_create-stack=2048,guard=1_mean:642578
thread_create-stack=2048,guard=1_time_1:281616
thread_create-stack=2048,guard=1_time_2:360729

thread_create-stack=2048,guard=1_mean:643666
thread_create-stack=2048,guard=1_time_1:285365
thread_create-stack=2048,guard=1_time_2:358076

thread_create-stack=2048,guard=1_mean:645082
thread_create-stack=2048,guard=1_time_1:284337
thread_create-stack=2048,guard=1_time_2:360494

thread_create-stack=2048,guard=1_mean:645973
thread_create-stack=2048,guard=1_time_1:287509
thread_create-stack=2048,guard=1_time_2:358213

thread_create-stack=2048,guard=1_mean:650894
thread_create-stack=2048,guard=1_time_1:282671
thread_create-stack=2048,guard=1_time_2:367979

thread_create-stack=2048,guard=1_mean:642873
thread_create-stack=2048,guard=1_time_1:281034
thread_create-stack=2048,guard=1_time_2:361575

thread_create-stack=2048,guard=1_mean:641109
thread_create-stack=2048,guard=1_time_1:283485
thread_create-stack=2048,guard=1_time_2:357348

thread_create-stack=2048,guard=1_mean:645010
thread_create-stack=2048,guard=1_time_1:283965
thread_create-stack=2048,guard=1_time_2:360777

thread_create-stack=2048,guard=1_mean:650435
thread_create-stack=2048,guard=1_time_1:284678
thread_create-stack=2048,guard=1_time_2:365485

thread_create-stack=2048,guard=1_mean:642664
thread_create-stack=2048,guard=1_time_1:284899
thread_create-stack=2048,guard=1_time_2:357501

thread_create-stack=2048,guard=1_mean:644941
thread_create-stack=2048,guard=1_time_1:284272
thread_create-stack=2048,guard=1_time_2:360424

thread_create-stack=2048,guard=1_mean:705632
thread_create-stack=2048,guard=1_time_1:279532
thread_create-stack=2048,guard=1_time_2:425857

thread_create-stack=2048,guard=1_mean:652567
thread_create-stack=2048,guard=1_time_1:285302
thread_create-stack=2048,guard=1_time_2:367001

thread_create-stack=2048,guard=1_mean:640315
thread_create-stack=2048,guard=1_time_1:281268
thread_create-stack=2048,guard=1_time_2:358776

=== case: bench-thread_create_m
thread_create-stack=2048,guard=1_mean:767016
thread_create-stack=2048,guard=1_time_1:336653
thread_create-stack=2048,guard=1_time_2:430098

thread_create-stack=2048,guard=1_mean:772091
thread_create-stack=2048,guard=1_time_1:337262
thread_create-stack=2048,guard=1_time_2:434559

thread_create-stack=2048,guard=1_mean:830791
thread_create-stack=2048,guard=1_time_1:333548
thread_create-stack=2048,guard=1_time_2:496908

thread_create-stack=2048,guard=1_mean:768128
thread_create-stack=2048,guard=1_time_1:334623
thread_create-stack=2048,guard=1_time_2:433247

thread_create-stack=2048,guard=1_mean:769838
thread_create-stack=2048,guard=1_time_1:340213
thread_create-stack=2048,guard=1_time_2:429338

thread_create-stack=2048,guard=1_mean:769869
thread_create-stack=2048,guard=1_time_1:336260
thread_create-stack=2048,guard=1_time_2:433305

thread_create-stack=2048,guard=1_mean:768887
thread_create-stack=2048,guard=1_time_1:338282
thread_create-stack=2048,guard=1_time_2:430343

thread_create-stack=2048,guard=1_mean:763844
thread_create-stack=2048,guard=1_time_1:335812
thread_create-stack=2048,guard=1_time_2:427729

thread_create-stack=2048,guard=1_mean:766761
thread_create-stack=2048,guard=1_time_1:337140
thread_create-stack=2048,guard=1_time_2:429360

thread_create-stack=2048,guard=1_mean:773430
thread_create-stack=2048,guard=1_time_1:337951
thread_create-stack=2048,guard=1_time_2:435193

thread_create-stack=2048,guard=1_mean:760530
thread_create-stack=2048,guard=1_time_1:335073
thread_create-stack=2048,guard=1_time_2:425189

thread_create-stack=2048,guard=1_mean:1263620.0
thread_create-stack=2048,guard=1_time_1:501848
thread_create-stack=2048,guard=1_time_2:761319

thread_create-stack=2048,guard=1_mean:778110
thread_create-stack=2048,guard=1_time_1:342993
thread_create-stack=2048,guard=1_time_2:434797

thread_create-stack=2048,guard=1_mean:762757
thread_create-stack=2048,guard=1_time_1:333137
thread_create-stack=2048,guard=1_time_2:429334

thread_create-stack=2048,guard=1_mean:1270020.0
thread_create-stack=2048,guard=1_time_1:500686
thread_create-stack=2048,guard=1_time_2:768841

thread_create-stack=2048,guard=1_mean:773460
thread_create-stack=2048,guard=1_time_1:338393
thread_create-stack=2048,guard=1_time_2:434780

thread_create-stack=2048,guard=1_mean:766737
thread_create-stack=2048,guard=1_time_1:336354
thread_create-stack=2048,guard=1_time_2:430100

thread_create-stack=2048,guard=1_mean:768928
thread_create-stack=2048,guard=1_time_1:336302
thread_create-stack=2048,guard=1_time_2:432287

thread_create-stack=2048,guard=1_mean:774587
thread_create-stack=2048,guard=1_time_1:337121
thread_create-stack=2048,guard=1_time_2:437196

thread_create-stack=2048,guard=1_mean:770962
thread_create-stack=2048,guard=1_time_1:338157
thread_create-stack=2048,guard=1_time_2:432546

=== case: bench-thread_create_m
thread_create-stack=2048,guard=1_mean:886910
thread_create-stack=2048,guard=1_time_1:391512
thread_create-stack=2048,guard=1_time_2:495114

thread_create-stack=2048,guard=1_mean:880520
thread_create-stack=2048,guard=1_time_1:383869
thread_create-stack=2048,guard=1_time_2:496356

thread_create-stack=2048,guard=1_mean:881792
thread_create-stack=2048,guard=1_time_1:386488
thread_create-stack=2048,guard=1_time_2:494992

thread_create-stack=2048,guard=1_mean:898060
thread_create-stack=2048,guard=1_time_1:390673
thread_create-stack=2048,guard=1_time_2:507066

thread_create-stack=2048,guard=1_mean:890502
thread_create-stack=2048,guard=1_time_1:387111
thread_create-stack=2048,guard=1_time_2:503029

thread_create-stack=2048,guard=1_mean:892410
thread_create-stack=2048,guard=1_time_1:389513
thread_create-stack=2048,guard=1_time_2:502547

thread_create-stack=2048,guard=1_mean:880490
thread_create-stack=2048,guard=1_time_1:388172
thread_create-stack=2048,guard=1_time_2:492014

thread_create-stack=2048,guard=1_mean:892861
thread_create-stack=2048,guard=1_time_1:386792
thread_create-stack=2048,guard=1_time_2:505764

thread_create-stack=2048,guard=1_mean:978095
thread_create-stack=2048,guard=1_time_1:384682
thread_create-stack=2048,guard=1_time_2:592978

thread_create-stack=2048,guard=1_mean:891360
thread_create-stack=2048,guard=1_time_1:390383
thread_create-stack=2048,guard=1_time_2:500669

thread_create-stack=2048,guard=1_mean:893693
thread_create-stack=2048,guard=1_time_1:388759
thread_create-stack=2048,guard=1_time_2:504665

thread_create-stack=2048,guard=1_mean:1375730.0
thread_create-stack=2048,guard=1_time_1:544615
thread_create-stack=2048,guard=1_time_2:830669

thread_create-stack=2048,guard=1_mean:886424
thread_create-stack=2048,guard=1_time_1:386816
thread_create-stack=2048,guard=1_time_2:499301

thread_create-stack=2048,guard=1_mean:895560
thread_create-stack=2048,guard=1_time_1:394896
thread_create-stack=2048,guard=1_time_2:500324

thread_create-stack=2048,guard=1_mean:890136
thread_create-stack=2048,guard=1_time_1:389787
thread_create-stack=2048,guard=1_time_2:500042

thread_create-stack=2048,guard=1_mean:886398
thread_create-stack=2048,guard=1_time_1:383610
thread_create-stack=2048,guard=1_time_2:502439

thread_create-stack=2048,guard=1_mean:896322
thread_create-stack=2048,guard=1_time_1:390643
thread_create-stack=2048,guard=1_time_2:505375

thread_create-stack=2048,guard=1_mean:894949
thread_create-stack=2048,guard=1_time_1:389840
thread_create-stack=2048,guard=1_time_2:504783

thread_create-stack=2048,guard=1_mean:885985
thread_create-stack=2048,guard=1_time_1:386569
thread_create-stack=2048,guard=1_time_2:499059

thread_create-stack=2048,guard=1_mean:883436
thread_create-stack=2048,guard=1_time_1:389048
thread_create-stack=2048,guard=1_time_2:494083

