=== case: bench-thread_create_m
thread_create-stack=2048,guard=1_mean:91202.4
thread_create-stack=2048,guard=1_time_1:68657.5
thread_create-stack=2048,guard=1_time_2:22395.8

thread_create-stack=2048,guard=1_mean:79838.4
thread_create-stack=2048,guard=1_time_1:58557.6
thread_create-stack=2048,guard=1_time_2:21132.9

thread_create-stack=2048,guard=1_mean:90655
thread_create-stack=2048,guard=1_time_1:67106.8
thread_create-stack=2048,guard=1_time_2:23396.2

thread_create-stack=2048,guard=1_mean:88113.7
thread_create-stack=2048,guard=1_time_1:64449.9
thread_create-stack=2048,guard=1_time_2:23511.1

thread_create-stack=2048,guard=1_mean:84868
thread_create-stack=2048,guard=1_time_1:63869.7
thread_create-stack=2048,guard=1_time_2:20847.1

thread_create-stack=2048,guard=1_mean:87450.2
thread_create-stack=2048,guard=1_time_1:66020.3
thread_create-stack=2048,guard=1_time_2:21279.8

thread_create-stack=2048,guard=1_mean:86517.5
thread_create-stack=2048,guard=1_time_1:65933.4
thread_create-stack=2048,guard=1_time_2:20434.3

thread_create-stack=2048,guard=1_mean:84875.7
thread_create-stack=2048,guard=1_time_1:62721
thread_create-stack=2048,guard=1_time_2:22002.6

thread_create-stack=2048,guard=1_mean:88706.1
thread_create-stack=2048,guard=1_time_1:65403.4
thread_create-stack=2048,guard=1_time_2:23146.7

thread_create-stack=2048,guard=1_mean:87730.7
thread_create-stack=2048,guard=1_time_1:64765.6
thread_create-stack=2048,guard=1_time_2:22813.7

thread_create-stack=2048,guard=1_mean:85483.2
thread_create-stack=2048,guard=1_time_1:62987
thread_create-stack=2048,guard=1_time_2:22336.3

thread_create-stack=2048,guard=1_mean:89439.3
thread_create-stack=2048,guard=1_time_1:64372.6
thread_create-stack=2048,guard=1_time_2:24906.3

thread_create-stack=2048,guard=1_mean:86403.3
thread_create-stack=2048,guard=1_time_1:64970.8
thread_create-stack=2048,guard=1_time_2:21272.6

thread_create-stack=2048,guard=1_mean:85628.8
thread_create-stack=2048,guard=1_time_1:62725.9
thread_create-stack=2048,guard=1_time_2:22752.9

thread_create-stack=2048,guard=1_mean:86211.9
thread_create-stack=2048,guard=1_time_1:63876
thread_create-stack=2048,guard=1_time_2:22176.7

thread_create-stack=2048,guard=1_mean:87707.3
thread_create-stack=2048,guard=1_time_1:64344.7
thread_create-stack=2048,guard=1_time_2:23213.3

thread_create-stack=2048,guard=1_mean:87351.9
thread_create-stack=2048,guard=1_time_1:64593.2
thread_create-stack=2048,guard=1_time_2:22598.8

thread_create-stack=2048,guard=1_mean:88901.8
thread_create-stack=2048,guard=1_time_1:63847.8
thread_create-stack=2048,guard=1_time_2:24895.3

thread_create-stack=2048,guard=1_mean:89317.8
thread_create-stack=2048,guard=1_time_1:67485.4
thread_create-stack=2048,guard=1_time_2:21674.1

thread_create-stack=2048,guard=1_mean:89133.8
thread_create-stack=2048,guard=1_time_1:66203.4
thread_create-stack=2048,guard=1_time_2:22772.9

=== case: bench-thread_create_m
thread_create-stack=2048,guard=1_mean:204053
thread_create-stack=2048,guard=1_time_1:156655
thread_create-stack=2048,guard=1_time_2:47183.4

thread_create-stack=2048,guard=1_mean:202614
thread_create-stack=2048,guard=1_time_1:155139
thread_create-stack=2048,guard=1_time_2:47272.4

thread_create-stack=2048,guard=1_mean:200904
thread_create-stack=2048,guard=1_time_1:155254
thread_create-stack=2048,guard=1_time_2:45440.4

thread_create-stack=2048,guard=1_mean:198203
thread_create-stack=2048,guard=1_time_1:148736
thread_create-stack=2048,guard=1_time_2:49257.1

thread_create-stack=2048,guard=1_mean:198770
thread_create-stack=2048,guard=1_time_1:150745
thread_create-stack=2048,guard=1_time_2:47813.4

thread_create-stack=2048,guard=1_mean:206206
thread_create-stack=2048,guard=1_time_1:161111
thread_create-stack=2048,guard=1_time_2:44881.8

thread_create-stack=2048,guard=1_mean:196910
thread_create-stack=2048,guard=1_time_1:151730
thread_create-stack=2048,guard=1_time_2:44951.8

thread_create-stack=2048,guard=1_mean:195124
thread_create-stack=2048,guard=1_time_1:149745
thread_create-stack=2048,guard=1_time_2:45170.1

thread_create-stack=2048,guard=1_mean:200864
thread_create-stack=2048,guard=1_time_1:154767
thread_create-stack=2048,guard=1_time_2:45874.2

thread_create-stack=2048,guard=1_mean:200660
thread_create-stack=2048,guard=1_time_1:153793
thread_create-stack=2048,guard=1_time_2:46652.4

thread_create-stack=2048,guard=1_mean:206106
thread_create-stack=2048,guard=1_time_1:157074
thread_create-stack=2048,guard=1_time_2:48806.7

thread_create-stack=2048,guard=1_mean:197787
thread_create-stack=2048,guard=1_time_1:151075
thread_create-stack=2048,guard=1_time_2:46501.7

thread_create-stack=2048,guard=1_mean:202471
thread_create-stack=2048,guard=1_time_1:154932
thread_create-stack=2048,guard=1_time_2:47325.8

thread_create-stack=2048,guard=1_mean:200821
thread_create-stack=2048,guard=1_time_1:154205
thread_create-stack=2048,guard=1_time_2:46410.3

thread_create-stack=2048,guard=1_mean:196577
thread_create-stack=2048,guard=1_time_1:151149
thread_create-stack=2048,guard=1_time_2:45221.4

thread_create-stack=2048,guard=1_mean:194230
thread_create-stack=2048,guard=1_time_1:148593
thread_create-stack=2048,guard=1_time_2:45423.1

thread_create-stack=2048,guard=1_mean:193312
thread_create-stack=2048,guard=1_time_1:145763
thread_create-stack=2048,guard=1_time_2:47328.4

thread_create-stack=2048,guard=1_mean:197792
thread_create-stack=2048,guard=1_time_1:151773
thread_create-stack=2048,guard=1_time_2:45813

thread_create-stack=2048,guard=1_mean:203749
thread_create-stack=2048,guard=1_time_1:155025
thread_create-stack=2048,guard=1_time_2:48509.3

thread_create-stack=2048,guard=1_mean:198401
thread_create-stack=2048,guard=1_time_1:151107
thread_create-stack=2048,guard=1_time_2:47080.7

=== case: bench-thread_create_m
thread_create-stack=2048,guard=1_mean:305621
thread_create-stack=2048,guard=1_time_1:237126
thread_create-stack=2048,guard=1_time_2:68269.7

thread_create-stack=2048,guard=1_mean:305536
thread_create-stack=2048,guard=1_time_1:235497
thread_create-stack=2048,guard=1_time_2:69821.1

thread_create-stack=2048,guard=1_mean:297469
thread_create-stack=2048,guard=1_time_1:228613
thread_create-stack=2048,guard=1_time_2:68625.8

thread_create-stack=2048,guard=1_mean:316546
thread_create-stack=2048,guard=1_time_1:245145
thread_create-stack=2048,guard=1_time_2:71167.7

thread_create-stack=2048,guard=1_mean:308823
thread_create-stack=2048,guard=1_time_1:237050
thread_create-stack=2048,guard=1_time_2:71550

thread_create-stack=2048,guard=1_mean:309257
thread_create-stack=2048,guard=1_time_1:238529
thread_create-stack=2048,guard=1_time_2:70516.2

thread_create-stack=2048,guard=1_mean:308774
thread_create-stack=2048,guard=1_time_1:237342
thread_create-stack=2048,guard=1_time_2:71216.1

thread_create-stack=2048,guard=1_mean:297595
thread_create-stack=2048,guard=1_time_1:230095
thread_create-stack=2048,guard=1_time_2:67273.8

thread_create-stack=2048,guard=1_mean:302392
thread_create-stack=2048,guard=1_time_1:235828
thread_create-stack=2048,guard=1_time_2:66345

thread_create-stack=2048,guard=1_mean:316463
thread_create-stack=2048,guard=1_time_1:248133
thread_create-stack=2048,guard=1_time_2:68111.1

thread_create-stack=2048,guard=1_mean:308591
thread_create-stack=2048,guard=1_time_1:242468
thread_create-stack=2048,guard=1_time_2:65889.7

thread_create-stack=2048,guard=1_mean:311648
thread_create-stack=2048,guard=1_time_1:244079
thread_create-stack=2048,guard=1_time_2:67349.4

thread_create-stack=2048,guard=1_mean:311537
thread_create-stack=2048,guard=1_time_1:240327
thread_create-stack=2048,guard=1_time_2:70993.8

thread_create-stack=2048,guard=1_mean:314820
thread_create-stack=2048,guard=1_time_1:244171
thread_create-stack=2048,guard=1_time_2:70419.9

thread_create-stack=2048,guard=1_mean:312639
thread_create-stack=2048,guard=1_time_1:240027
thread_create-stack=2048,guard=1_time_2:72389.4

thread_create-stack=2048,guard=1_mean:302270
thread_create-stack=2048,guard=1_time_1:233872
thread_create-stack=2048,guard=1_time_2:68170.7

thread_create-stack=2048,guard=1_mean:307944
thread_create-stack=2048,guard=1_time_1:239802
thread_create-stack=2048,guard=1_time_2:67920.2

thread_create-stack=2048,guard=1_mean:322061
thread_create-stack=2048,guard=1_time_1:249335
thread_create-stack=2048,guard=1_time_2:72515.7

thread_create-stack=2048,guard=1_mean:313902
thread_create-stack=2048,guard=1_time_1:243646
thread_create-stack=2048,guard=1_time_2:70036.9

thread_create-stack=2048,guard=1_mean:677140
thread_create-stack=2048,guard=1_time_1:600468
thread_create-stack=2048,guard=1_time_2:76161.3

=== case: bench-thread_create_m
thread_create-stack=2048,guard=1_mean:418243
thread_create-stack=2048,guard=1_time_1:329811
thread_create-stack=2048,guard=1_time_2:88205

thread_create-stack=2048,guard=1_mean:435373
thread_create-stack=2048,guard=1_time_1:345799
thread_create-stack=2048,guard=1_time_2:89351.7

thread_create-stack=2048,guard=1_mean:403594
thread_create-stack=2048,guard=1_time_1:318243
thread_create-stack=2048,guard=1_time_2:85127.6

thread_create-stack=2048,guard=1_mean:420537
thread_create-stack=2048,guard=1_time_1:332397
thread_create-stack=2048,guard=1_time_2:87908.5

thread_create-stack=2048,guard=1_mean:413291
thread_create-stack=2048,guard=1_time_1:324273
thread_create-stack=2048,guard=1_time_2:88795.6

thread_create-stack=2048,guard=1_mean:420289
thread_create-stack=2048,guard=1_time_1:333024
thread_create-stack=2048,guard=1_time_2:87026.6

thread_create-stack=2048,guard=1_mean:420275
thread_create-stack=2048,guard=1_time_1:331200
thread_create-stack=2048,guard=1_time_2:88848.6

thread_create-stack=2048,guard=1_mean:415525
thread_create-stack=2048,guard=1_time_1:327657
thread_create-stack=2048,guard=1_time_2:87639.7

thread_create-stack=2048,guard=1_mean:413663
thread_create-stack=2048,guard=1_time_1:326073
thread_create-stack=2048,guard=1_time_2:87362.1

thread_create-stack=2048,guard=1_mean:403966
thread_create-stack=2048,guard=1_time_1:320037
thread_create-stack=2048,guard=1_time_2:83685.4

thread_create-stack=2048,guard=1_mean:819881
thread_create-stack=2048,guard=1_time_1:723747
thread_create-stack=2048,guard=1_time_2:95702

thread_create-stack=2048,guard=1_mean:625200
thread_create-stack=2048,guard=1_time_1:422470
thread_create-stack=2048,guard=1_time_2:202350

thread_create-stack=2048,guard=1_mean:412019
thread_create-stack=2048,guard=1_time_1:325295
thread_create-stack=2048,guard=1_time_2:86492.6

thread_create-stack=2048,guard=1_mean:420261
thread_create-stack=2048,guard=1_time_1:332885
thread_create-stack=2048,guard=1_time_2:87145.4

thread_create-stack=2048,guard=1_mean:417782
thread_create-stack=2048,guard=1_time_1:330793
thread_create-stack=2048,guard=1_time_2:86752.6

thread_create-stack=2048,guard=1_mean:415955
thread_create-stack=2048,guard=1_time_1:328038
thread_create-stack=2048,guard=1_time_2:87693.4

thread_create-stack=2048,guard=1_mean:422428
thread_create-stack=2048,guard=1_time_1:330361
thread_create-stack=2048,guard=1_time_2:91841.6

thread_create-stack=2048,guard=1_mean:727102
thread_create-stack=2048,guard=1_time_1:628930
thread_create-stack=2048,guard=1_time_2:97814.2

thread_create-stack=2048,guard=1_mean:412576
thread_create-stack=2048,guard=1_time_1:325180
thread_create-stack=2048,guard=1_time_2:87172.2

thread_create-stack=2048,guard=1_mean:422576
thread_create-stack=2048,guard=1_time_1:332635
thread_create-stack=2048,guard=1_time_2:89701.4

=== case: bench-thread_create_m
thread_create-stack=2048,guard=1_mean:521712
thread_create-stack=2048,guard=1_time_1:414154
thread_create-stack=2048,guard=1_time_2:107307

thread_create-stack=2048,guard=1_mean:532639
thread_create-stack=2048,guard=1_time_1:420432
thread_create-stack=2048,guard=1_time_2:111977

thread_create-stack=2048,guard=1_mean:507712
thread_create-stack=2048,guard=1_time_1:400891
thread_create-stack=2048,guard=1_time_2:106587

thread_create-stack=2048,guard=1_mean:521344
thread_create-stack=2048,guard=1_time_1:415141
thread_create-stack=2048,guard=1_time_2:105969

thread_create-stack=2048,guard=1_mean:527383
thread_create-stack=2048,guard=1_time_1:416313
thread_create-stack=2048,guard=1_time_2:110831

thread_create-stack=2048,guard=1_mean:529986
thread_create-stack=2048,guard=1_time_1:421747
thread_create-stack=2048,guard=1_time_2:108006

thread_create-stack=2048,guard=1_mean:519310
thread_create-stack=2048,guard=1_time_1:415749
thread_create-stack=2048,guard=1_time_2:103321

thread_create-stack=2048,guard=1_mean:534663
thread_create-stack=2048,guard=1_time_1:426059
thread_create-stack=2048,guard=1_time_2:108351

thread_create-stack=2048,guard=1_mean:528843
thread_create-stack=2048,guard=1_time_1:419893
thread_create-stack=2048,guard=1_time_2:108725

thread_create-stack=2048,guard=1_mean:533025
thread_create-stack=2048,guard=1_time_1:423569
thread_create-stack=2048,guard=1_time_2:109216

thread_create-stack=2048,guard=1_mean:523993
thread_create-stack=2048,guard=1_time_1:417998
thread_create-stack=2048,guard=1_time_2:105772

thread_create-stack=2048,guard=1_mean:525908
thread_create-stack=2048,guard=1_time_1:417587
thread_create-stack=2048,guard=1_time_2:108097

thread_create-stack=2048,guard=1_mean:525777
thread_create-stack=2048,guard=1_time_1:416230
thread_create-stack=2048,guard=1_time_2:109322

thread_create-stack=2048,guard=1_mean:512257
thread_create-stack=2048,guard=1_time_1:404356
thread_create-stack=2048,guard=1_time_2:107671

thread_create-stack=2048,guard=1_mean:540037
thread_create-stack=2048,guard=1_time_1:397634
thread_create-stack=2048,guard=1_time_2:142142

thread_create-stack=2048,guard=1_mean:542113
thread_create-stack=2048,guard=1_time_1:432859
thread_create-stack=2048,guard=1_time_2:109016

thread_create-stack=2048,guard=1_mean:520861
thread_create-stack=2048,guard=1_time_1:416322
thread_create-stack=2048,guard=1_time_2:104314

thread_create-stack=2048,guard=1_mean:529339
thread_create-stack=2048,guard=1_time_1:417281
thread_create-stack=2048,guard=1_time_2:111829

thread_create-stack=2048,guard=1_mean:528162
thread_create-stack=2048,guard=1_time_1:421707
thread_create-stack=2048,guard=1_time_2:106229

thread_create-stack=2048,guard=1_mean:525749
thread_create-stack=2048,guard=1_time_1:411835
thread_create-stack=2048,guard=1_time_2:113684

=== case: bench-thread_create_m
thread_create-stack=2048,guard=1_mean:612026
thread_create-stack=2048,guard=1_time_1:487388
thread_create-stack=2048,guard=1_time_2:124404

thread_create-stack=2048,guard=1_mean:637020
thread_create-stack=2048,guard=1_time_1:510385
thread_create-stack=2048,guard=1_time_2:126400

thread_create-stack=2048,guard=1_mean:635738
thread_create-stack=2048,guard=1_time_1:508572
thread_create-stack=2048,guard=1_time_2:126935

thread_create-stack=2048,guard=1_mean:634945
thread_create-stack=2048,guard=1_time_1:508132
thread_create-stack=2048,guard=1_time_2:126580

thread_create-stack=2048,guard=1_mean:632702
thread_create-stack=2048,guard=1_time_1:504897
thread_create-stack=2048,guard=1_time_2:127557

thread_create-stack=2048,guard=1_mean:630530
thread_create-stack=2048,guard=1_time_1:501462
thread_create-stack=2048,guard=1_time_2:128834

thread_create-stack=2048,guard=1_mean:626333
thread_create-stack=2048,guard=1_time_1:502568
thread_create-stack=2048,guard=1_time_2:123526

thread_create-stack=2048,guard=1_mean:658510
thread_create-stack=2048,guard=1_time_1:534394
thread_create-stack=2048,guard=1_time_2:123880

thread_create-stack=2048,guard=1_mean:624757
thread_create-stack=2048,guard=1_time_1:502929
thread_create-stack=2048,guard=1_time_2:121584

thread_create-stack=2048,guard=1_mean:625285
thread_create-stack=2048,guard=1_time_1:502348
thread_create-stack=2048,guard=1_time_2:122699

thread_create-stack=2048,guard=1_mean:623099
thread_create-stack=2048,guard=1_time_1:501316
thread_create-stack=2048,guard=1_time_2:121557

thread_create-stack=2048,guard=1_mean:955737
thread_create-stack=2048,guard=1_time_1:783102
thread_create-stack=2048,guard=1_time_2:172232

thread_create-stack=2048,guard=1_mean:643105
thread_create-stack=2048,guard=1_time_1:514585
thread_create-stack=2048,guard=1_time_2:128279

thread_create-stack=2048,guard=1_mean:633371
thread_create-stack=2048,guard=1_time_1:508009
thread_create-stack=2048,guard=1_time_2:125121

thread_create-stack=2048,guard=1_mean:629041
thread_create-stack=2048,guard=1_time_1:502560
thread_create-stack=2048,guard=1_time_2:126251

thread_create-stack=2048,guard=1_mean:632241
thread_create-stack=2048,guard=1_time_1:505293
thread_create-stack=2048,guard=1_time_2:126703

thread_create-stack=2048,guard=1_mean:629479
thread_create-stack=2048,guard=1_time_1:504149
thread_create-stack=2048,guard=1_time_2:125086

thread_create-stack=2048,guard=1_mean:620051
thread_create-stack=2048,guard=1_time_1:496384
thread_create-stack=2048,guard=1_time_2:123430

thread_create-stack=2048,guard=1_mean:633120
thread_create-stack=2048,guard=1_time_1:509423
thread_create-stack=2048,guard=1_time_2:123462

thread_create-stack=2048,guard=1_mean:621879
thread_create-stack=2048,guard=1_time_1:496464
thread_create-stack=2048,guard=1_time_2:125167

=== case: bench-thread_create_m
thread_create-stack=2048,guard=1_mean:742899
thread_create-stack=2048,guard=1_time_1:592852
thread_create-stack=2048,guard=1_time_2:149809

thread_create-stack=2048,guard=1_mean:738895
thread_create-stack=2048,guard=1_time_1:597321
thread_create-stack=2048,guard=1_time_2:141329

thread_create-stack=2048,guard=1_mean:738158
thread_create-stack=2048,guard=1_time_1:592947
thread_create-stack=2048,guard=1_time_2:144959

thread_create-stack=2048,guard=1_mean:724665
thread_create-stack=2048,guard=1_time_1:588454
thread_create-stack=2048,guard=1_time_2:135970

thread_create-stack=2048,guard=1_mean:704690
thread_create-stack=2048,guard=1_time_1:569127
thread_create-stack=2048,guard=1_time_2:135325

thread_create-stack=2048,guard=1_mean:1189610.0
thread_create-stack=2048,guard=1_time_1:1011470.0
thread_create-stack=2048,guard=1_time_2:177655

thread_create-stack=2048,guard=1_mean:724584
thread_create-stack=2048,guard=1_time_1:583424
thread_create-stack=2048,guard=1_time_2:140918

thread_create-stack=2048,guard=1_mean:737685
thread_create-stack=2048,guard=1_time_1:596355
thread_create-stack=2048,guard=1_time_2:141075

thread_create-stack=2048,guard=1_mean:723868
thread_create-stack=2048,guard=1_time_1:584337
thread_create-stack=2048,guard=1_time_2:139280

thread_create-stack=2048,guard=1_mean:740486
thread_create-stack=2048,guard=1_time_1:599557
thread_create-stack=2048,guard=1_time_2:140664

thread_create-stack=2048,guard=1_mean:752698
thread_create-stack=2048,guard=1_time_1:598955
thread_create-stack=2048,guard=1_time_2:153504

thread_create-stack=2048,guard=1_mean:735212
thread_create-stack=2048,guard=1_time_1:593940
thread_create-stack=2048,guard=1_time_2:141028

thread_create-stack=2048,guard=1_mean:723529
thread_create-stack=2048,guard=1_time_1:586317
thread_create-stack=2048,guard=1_time_2:136973

thread_create-stack=2048,guard=1_mean:739886
thread_create-stack=2048,guard=1_time_1:594729
thread_create-stack=2048,guard=1_time_2:144918

thread_create-stack=2048,guard=1_mean:746227
thread_create-stack=2048,guard=1_time_1:603691
thread_create-stack=2048,guard=1_time_2:142294

thread_create-stack=2048,guard=1_mean:745780
thread_create-stack=2048,guard=1_time_1:601896
thread_create-stack=2048,guard=1_time_2:143640

thread_create-stack=2048,guard=1_mean:742450
thread_create-stack=2048,guard=1_time_1:592679
thread_create-stack=2048,guard=1_time_2:149531

thread_create-stack=2048,guard=1_mean:743401
thread_create-stack=2048,guard=1_time_1:603223
thread_create-stack=2048,guard=1_time_2:139942

thread_create-stack=2048,guard=1_mean:800420
thread_create-stack=2048,guard=1_time_1:593671
thread_create-stack=2048,guard=1_time_2:206504

thread_create-stack=2048,guard=1_mean:746798
thread_create-stack=2048,guard=1_time_1:603165
thread_create-stack=2048,guard=1_time_2:143406

=== case: bench-thread_create_m
thread_create-stack=2048,guard=1_mean:855925
thread_create-stack=2048,guard=1_time_1:695412
thread_create-stack=2048,guard=1_time_2:160271

thread_create-stack=2048,guard=1_mean:1293700.0
thread_create-stack=2048,guard=1_time_1:1098800.0
thread_create-stack=2048,guard=1_time_2:194433

thread_create-stack=2048,guard=1_mean:823841
thread_create-stack=2048,guard=1_time_1:672861
thread_create-stack=2048,guard=1_time_2:150732

thread_create-stack=2048,guard=1_mean:850532
thread_create-stack=2048,guard=1_time_1:690762
thread_create-stack=2048,guard=1_time_2:159515

thread_create-stack=2048,guard=1_mean:832639
thread_create-stack=2048,guard=1_time_1:671959
thread_create-stack=2048,guard=1_time_2:160427

thread_create-stack=2048,guard=1_mean:821710
thread_create-stack=2048,guard=1_time_1:666995
thread_create-stack=2048,guard=1_time_2:154462

thread_create-stack=2048,guard=1_mean:811168
thread_create-stack=2048,guard=1_time_1:655991
thread_create-stack=2048,guard=1_time_2:154904

thread_create-stack=2048,guard=1_mean:836091
thread_create-stack=2048,guard=1_time_1:678627
thread_create-stack=2048,guard=1_time_2:157203

thread_create-stack=2048,guard=1_mean:839496
thread_create-stack=2048,guard=1_time_1:682064
thread_create-stack=2048,guard=1_time_2:157184

thread_create-stack=2048,guard=1_mean:841226
thread_create-stack=2048,guard=1_time_1:687887
thread_create-stack=2048,guard=1_time_2:153101

thread_create-stack=2048,guard=1_mean:1270170.0
thread_create-stack=2048,guard=1_time_1:1085970.0
thread_create-stack=2048,guard=1_time_2:183708

thread_create-stack=2048,guard=1_mean:850714
thread_create-stack=2048,guard=1_time_1:692280
thread_create-stack=2048,guard=1_time_2:158175

thread_create-stack=2048,guard=1_mean:829336
thread_create-stack=2048,guard=1_time_1:676757
thread_create-stack=2048,guard=1_time_2:152322

thread_create-stack=2048,guard=1_mean:849392
thread_create-stack=2048,guard=1_time_1:687777
thread_create-stack=2048,guard=1_time_2:161338

thread_create-stack=2048,guard=1_mean:838523
thread_create-stack=2048,guard=1_time_1:681929
thread_create-stack=2048,guard=1_time_2:156345

thread_create-stack=2048,guard=1_mean:838438
thread_create-stack=2048,guard=1_time_1:679965
thread_create-stack=2048,guard=1_time_2:158231

thread_create-stack=2048,guard=1_mean:820326
thread_create-stack=2048,guard=1_time_1:664510
thread_create-stack=2048,guard=1_time_2:155555

thread_create-stack=2048,guard=1_mean:843240
thread_create-stack=2048,guard=1_time_1:687553
thread_create-stack=2048,guard=1_time_2:155448

thread_create-stack=2048,guard=1_mean:837654
thread_create-stack=2048,guard=1_time_1:680371
thread_create-stack=2048,guard=1_time_2:157014

thread_create-stack=2048,guard=1_mean:831052
thread_create-stack=2048,guard=1_time_1:674003
thread_create-stack=2048,guard=1_time_2:156790

