=== case: bench-thread_create_m
thread_create-stack=2048,guard=1_mean:878762
thread_create-stack=2048,guard=1_time_1:721493
thread_create-stack=2048,guard=1_time_2:157028

thread_create-stack=2048,guard=1_mean:1313150.0
thread_create-stack=2048,guard=1_time_1:1126350.0
thread_create-stack=2048,guard=1_time_2:186380

thread_create-stack=2048,guard=1_mean:849199
thread_create-stack=2048,guard=1_time_1:697270
thread_create-stack=2048,guard=1_time_2:151696

thread_create-stack=2048,guard=1_mean:853691
thread_create-stack=2048,guard=1_time_1:698805
thread_create-stack=2048,guard=1_time_2:154635

thread_create-stack=2048,guard=1_mean:867783
thread_create-stack=2048,guard=1_time_1:710709
thread_create-stack=2048,guard=1_time_2:156849

thread_create-stack=2048,guard=1_mean:877072
thread_create-stack=2048,guard=1_time_1:718222
thread_create-stack=2048,guard=1_time_2:158622

thread_create-stack=2048,guard=1_mean:855323
thread_create-stack=2048,guard=1_time_1:700394
thread_create-stack=2048,guard=1_time_2:154692

thread_create-stack=2048,guard=1_mean:865263
thread_create-stack=2048,guard=1_time_1:712131
thread_create-stack=2048,guard=1_time_2:152909

thread_create-stack=2048,guard=1_mean:874164
thread_create-stack=2048,guard=1_time_1:715463
thread_create-stack=2048,guard=1_time_2:158461

thread_create-stack=2048,guard=1_mean:853548
thread_create-stack=2048,guard=1_time_1:698262
thread_create-stack=2048,guard=1_time_2:155062

thread_create-stack=2048,guard=1_mean:868740
thread_create-stack=2048,guard=1_time_1:711145
thread_create-stack=2048,guard=1_time_2:157363

thread_create-stack=2048,guard=1_mean:852157
thread_create-stack=2048,guard=1_time_1:696663
thread_create-stack=2048,guard=1_time_2:155262

thread_create-stack=2048,guard=1_mean:844169
thread_create-stack=2048,guard=1_time_1:695194
thread_create-stack=2048,guard=1_time_2:148743

thread_create-stack=2048,guard=1_mean:856921
thread_create-stack=2048,guard=1_time_1:700302
thread_create-stack=2048,guard=1_time_2:156396

thread_create-stack=2048,guard=1_mean:898303
thread_create-stack=2048,guard=1_time_1:700879
thread_create-stack=2048,guard=1_time_2:197185

thread_create-stack=2048,guard=1_mean:847266
thread_create-stack=2048,guard=1_time_1:691737
thread_create-stack=2048,guard=1_time_2:155308

thread_create-stack=2048,guard=1_mean:861585
thread_create-stack=2048,guard=1_time_1:705467
thread_create-stack=2048,guard=1_time_2:155861

thread_create-stack=2048,guard=1_mean:871345
thread_create-stack=2048,guard=1_time_1:710699
thread_create-stack=2048,guard=1_time_2:160405

thread_create-stack=2048,guard=1_mean:885663
thread_create-stack=2048,guard=1_time_1:725940
thread_create-stack=2048,guard=1_time_2:159490

thread_create-stack=2048,guard=1_mean:858194
thread_create-stack=2048,guard=1_time_1:705036
thread_create-stack=2048,guard=1_time_2:152917

=== case: bench-thread_create_m
thread_create-stack=2048,guard=1_mean:859565
thread_create-stack=2048,guard=1_time_1:701641
thread_create-stack=2048,guard=1_time_2:157696

thread_create-stack=2048,guard=1_mean:868483
thread_create-stack=2048,guard=1_time_1:711569
thread_create-stack=2048,guard=1_time_2:156667

thread_create-stack=2048,guard=1_mean:854601
thread_create-stack=2048,guard=1_time_1:698962
thread_create-stack=2048,guard=1_time_2:155404

thread_create-stack=2048,guard=1_mean:852566
thread_create-stack=2048,guard=1_time_1:697669
thread_create-stack=2048,guard=1_time_2:154664

thread_create-stack=2048,guard=1_mean:846599
thread_create-stack=2048,guard=1_time_1:692878
thread_create-stack=2048,guard=1_time_2:153502

thread_create-stack=2048,guard=1_mean:870067
thread_create-stack=2048,guard=1_time_1:711885
thread_create-stack=2048,guard=1_time_2:157942

thread_create-stack=2048,guard=1_mean:869334
thread_create-stack=2048,guard=1_time_1:710356
thread_create-stack=2048,guard=1_time_2:158718

thread_create-stack=2048,guard=1_mean:861217
thread_create-stack=2048,guard=1_time_1:705920
thread_create-stack=2048,guard=1_time_2:155074

thread_create-stack=2048,guard=1_mean:875950
thread_create-stack=2048,guard=1_time_1:717477
thread_create-stack=2048,guard=1_time_2:158214

thread_create-stack=2048,guard=1_mean:859340
thread_create-stack=2048,guard=1_time_1:705778
thread_create-stack=2048,guard=1_time_2:153316

thread_create-stack=2048,guard=1_mean:865005
thread_create-stack=2048,guard=1_time_1:703735
thread_create-stack=2048,guard=1_time_2:161033

thread_create-stack=2048,guard=1_mean:848955
thread_create-stack=2048,guard=1_time_1:693299
thread_create-stack=2048,guard=1_time_2:155419

thread_create-stack=2048,guard=1_mean:863251
thread_create-stack=2048,guard=1_time_1:705837
thread_create-stack=2048,guard=1_time_2:157162

thread_create-stack=2048,guard=1_mean:853269
thread_create-stack=2048,guard=1_time_1:698763
thread_create-stack=2048,guard=1_time_2:154258

thread_create-stack=2048,guard=1_mean:870928
thread_create-stack=2048,guard=1_time_1:717764
thread_create-stack=2048,guard=1_time_2:152936

thread_create-stack=2048,guard=1_mean:857323
thread_create-stack=2048,guard=1_time_1:703896
thread_create-stack=2048,guard=1_time_2:153184

thread_create-stack=2048,guard=1_mean:874629
thread_create-stack=2048,guard=1_time_1:705339
thread_create-stack=2048,guard=1_time_2:169060

thread_create-stack=2048,guard=1_mean:854376
thread_create-stack=2048,guard=1_time_1:697465
thread_create-stack=2048,guard=1_time_2:156679

thread_create-stack=2048,guard=1_mean:848647
thread_create-stack=2048,guard=1_time_1:697248
thread_create-stack=2048,guard=1_time_2:151165

thread_create-stack=2048,guard=1_mean:1289760.0
thread_create-stack=2048,guard=1_time_1:1111300.0
thread_create-stack=2048,guard=1_time_2:177975

=== case: bench-thread_create_m
thread_create-stack=2048,guard=1_mean:858936
thread_create-stack=2048,guard=1_time_1:701741
thread_create-stack=2048,guard=1_time_2:156960

thread_create-stack=2048,guard=1_mean:852468
thread_create-stack=2048,guard=1_time_1:696021
thread_create-stack=2048,guard=1_time_2:156205

thread_create-stack=2048,guard=1_mean:861561
thread_create-stack=2048,guard=1_time_1:704405
thread_create-stack=2048,guard=1_time_2:156908

thread_create-stack=2048,guard=1_mean:932175
thread_create-stack=2048,guard=1_time_1:699939
thread_create-stack=2048,guard=1_time_2:232000

thread_create-stack=2048,guard=1_mean:850391
thread_create-stack=2048,guard=1_time_1:698819
thread_create-stack=2048,guard=1_time_2:151338

thread_create-stack=2048,guard=1_mean:855945
thread_create-stack=2048,guard=1_time_1:697198
thread_create-stack=2048,guard=1_time_2:158520

thread_create-stack=2048,guard=1_mean:847444
thread_create-stack=2048,guard=1_time_1:692999
thread_create-stack=2048,guard=1_time_2:154215

thread_create-stack=2048,guard=1_mean:875263
thread_create-stack=2048,guard=1_time_1:718671
thread_create-stack=2048,guard=1_time_2:156357

thread_create-stack=2048,guard=1_mean:1131400.0
thread_create-stack=2048,guard=1_time_1:922224
thread_create-stack=2048,guard=1_time_2:208809

thread_create-stack=2048,guard=1_mean:871147
thread_create-stack=2048,guard=1_time_1:713024
thread_create-stack=2048,guard=1_time_2:157898

thread_create-stack=2048,guard=1_mean:859298
thread_create-stack=2048,guard=1_time_1:703116
thread_create-stack=2048,guard=1_time_2:155945

thread_create-stack=2048,guard=1_mean:864736
thread_create-stack=2048,guard=1_time_1:706909
thread_create-stack=2048,guard=1_time_2:157582

thread_create-stack=2048,guard=1_mean:850405
thread_create-stack=2048,guard=1_time_1:696230
thread_create-stack=2048,guard=1_time_2:153940

thread_create-stack=2048,guard=1_mean:856697
thread_create-stack=2048,guard=1_time_1:701088
thread_create-stack=2048,guard=1_time_2:155386

thread_create-stack=2048,guard=1_mean:843515
thread_create-stack=2048,guard=1_time_1:690908
thread_create-stack=2048,guard=1_time_2:152357

thread_create-stack=2048,guard=1_mean:860249
thread_create-stack=2048,guard=1_time_1:708795
thread_create-stack=2048,guard=1_time_2:151228

thread_create-stack=2048,guard=1_mean:848297
thread_create-stack=2048,guard=1_time_1:697361
thread_create-stack=2048,guard=1_time_2:150691

thread_create-stack=2048,guard=1_mean:854398
thread_create-stack=2048,guard=1_time_1:699559
thread_create-stack=2048,guard=1_time_2:154607

thread_create-stack=2048,guard=1_mean:1274030.0
thread_create-stack=2048,guard=1_time_1:1103250.0
thread_create-stack=2048,guard=1_time_2:170356

thread_create-stack=2048,guard=1_mean:873271
thread_create-stack=2048,guard=1_time_1:716860
thread_create-stack=2048,guard=1_time_2:156189

=== case: bench-thread_create_m
thread_create-stack=2048,guard=1_mean:855189
thread_create-stack=2048,guard=1_time_1:703161
thread_create-stack=2048,guard=1_time_2:151802

thread_create-stack=2048,guard=1_mean:1309740.0
thread_create-stack=2048,guard=1_time_1:1127480.0
thread_create-stack=2048,guard=1_time_2:181825

thread_create-stack=2048,guard=1_mean:852804
thread_create-stack=2048,guard=1_time_1:698007
thread_create-stack=2048,guard=1_time_2:154545

thread_create-stack=2048,guard=1_mean:859273
thread_create-stack=2048,guard=1_time_1:702198
thread_create-stack=2048,guard=1_time_2:156839

thread_create-stack=2048,guard=1_mean:846544
thread_create-stack=2048,guard=1_time_1:692159
thread_create-stack=2048,guard=1_time_2:154156

thread_create-stack=2048,guard=1_mean:873806
thread_create-stack=2048,guard=1_time_1:713717
thread_create-stack=2048,guard=1_time_2:159857

thread_create-stack=2048,guard=1_mean:868999
thread_create-stack=2048,guard=1_time_1:712387
thread_create-stack=2048,guard=1_time_2:156382

thread_create-stack=2048,guard=1_mean:852931
thread_create-stack=2048,guard=1_time_1:698344
thread_create-stack=2048,guard=1_time_2:154349

thread_create-stack=2048,guard=1_mean:840456
thread_create-stack=2048,guard=1_time_1:685517
thread_create-stack=2048,guard=1_time_2:154692

thread_create-stack=2048,guard=1_mean:855057
thread_create-stack=2048,guard=1_time_1:699674
thread_create-stack=2048,guard=1_time_2:155151

thread_create-stack=2048,guard=1_mean:845215
thread_create-stack=2048,guard=1_time_1:691234
thread_create-stack=2048,guard=1_time_2:153746

thread_create-stack=2048,guard=1_mean:850598
thread_create-stack=2048,guard=1_time_1:696197
thread_create-stack=2048,guard=1_time_2:154177

thread_create-stack=2048,guard=1_mean:839077
thread_create-stack=2048,guard=1_time_1:687541
thread_create-stack=2048,guard=1_time_2:151289

thread_create-stack=2048,guard=1_mean:857608
thread_create-stack=2048,guard=1_time_1:700523
thread_create-stack=2048,guard=1_time_2:156854

thread_create-stack=2048,guard=1_mean:845759
thread_create-stack=2048,guard=1_time_1:693531
thread_create-stack=2048,guard=1_time_2:151987

thread_create-stack=2048,guard=1_mean:856786
thread_create-stack=2048,guard=1_time_1:702816
thread_create-stack=2048,guard=1_time_2:153737

thread_create-stack=2048,guard=1_mean:841835
thread_create-stack=2048,guard=1_time_1:689491
thread_create-stack=2048,guard=1_time_2:152106

thread_create-stack=2048,guard=1_mean:857964
thread_create-stack=2048,guard=1_time_1:705299
thread_create-stack=2048,guard=1_time_2:152433

thread_create-stack=2048,guard=1_mean:861765
thread_create-stack=2048,guard=1_time_1:702043
thread_create-stack=2048,guard=1_time_2:159498

thread_create-stack=2048,guard=1_mean:875561
thread_create-stack=2048,guard=1_time_1:716125
thread_create-stack=2048,guard=1_time_2:159203

=== case: bench-thread_create_m
thread_create-stack=2048,guard=1_mean:869367
thread_create-stack=2048,guard=1_time_1:710605
thread_create-stack=2048,guard=1_time_2:158521

thread_create-stack=2048,guard=1_mean:862848
thread_create-stack=2048,guard=1_time_1:707296
thread_create-stack=2048,guard=1_time_2:155335

thread_create-stack=2048,guard=1_mean:854552
thread_create-stack=2048,guard=1_time_1:702196
thread_create-stack=2048,guard=1_time_2:152137

thread_create-stack=2048,guard=1_mean:859786
thread_create-stack=2048,guard=1_time_1:706814
thread_create-stack=2048,guard=1_time_2:152737

thread_create-stack=2048,guard=1_mean:865078
thread_create-stack=2048,guard=1_time_1:709519
thread_create-stack=2048,guard=1_time_2:155325

thread_create-stack=2048,guard=1_mean:849879
thread_create-stack=2048,guard=1_time_1:696589
thread_create-stack=2048,guard=1_time_2:153060

thread_create-stack=2048,guard=1_mean:854658
thread_create-stack=2048,guard=1_time_1:700275
thread_create-stack=2048,guard=1_time_2:154145

thread_create-stack=2048,guard=1_mean:858851
thread_create-stack=2048,guard=1_time_1:707195
thread_create-stack=2048,guard=1_time_2:151423

thread_create-stack=2048,guard=1_mean:854980
thread_create-stack=2048,guard=1_time_1:700481
thread_create-stack=2048,guard=1_time_2:154272

thread_create-stack=2048,guard=1_mean:867294
thread_create-stack=2048,guard=1_time_1:707787
thread_create-stack=2048,guard=1_time_2:159273

thread_create-stack=2048,guard=1_mean:894091
thread_create-stack=2048,guard=1_time_1:735070
thread_create-stack=2048,guard=1_time_2:158774

thread_create-stack=2048,guard=1_mean:880070
thread_create-stack=2048,guard=1_time_1:723668
thread_create-stack=2048,guard=1_time_2:156177

thread_create-stack=2048,guard=1_mean:865038
thread_create-stack=2048,guard=1_time_1:710731
thread_create-stack=2048,guard=1_time_2:154074

thread_create-stack=2048,guard=1_mean:876187
thread_create-stack=2048,guard=1_time_1:720849
thread_create-stack=2048,guard=1_time_2:155095

thread_create-stack=2048,guard=1_mean:875962
thread_create-stack=2048,guard=1_time_1:717922
thread_create-stack=2048,guard=1_time_2:157800

thread_create-stack=2048,guard=1_mean:868261
thread_create-stack=2048,guard=1_time_1:710370
thread_create-stack=2048,guard=1_time_2:157652

thread_create-stack=2048,guard=1_mean:877975
thread_create-stack=2048,guard=1_time_1:720389
thread_create-stack=2048,guard=1_time_2:157357

thread_create-stack=2048,guard=1_mean:866760
thread_create-stack=2048,guard=1_time_1:713915
thread_create-stack=2048,guard=1_time_2:152616

thread_create-stack=2048,guard=1_mean:846787
thread_create-stack=2048,guard=1_time_1:690220
thread_create-stack=2048,guard=1_time_2:156335

thread_create-stack=2048,guard=1_mean:833577
thread_create-stack=2048,guard=1_time_1:684344
thread_create-stack=2048,guard=1_time_2:148998

=== case: bench-thread_create_m
thread_create-stack=2048,guard=1_mean:858521
thread_create-stack=2048,guard=1_time_1:701883
thread_create-stack=2048,guard=1_time_2:156399

thread_create-stack=2048,guard=1_mean:854189
thread_create-stack=2048,guard=1_time_1:698833
thread_create-stack=2048,guard=1_time_2:155121

thread_create-stack=2048,guard=1_mean:924671
thread_create-stack=2048,guard=1_time_1:700203
thread_create-stack=2048,guard=1_time_2:224240

thread_create-stack=2048,guard=1_mean:864394
thread_create-stack=2048,guard=1_time_1:708625
thread_create-stack=2048,guard=1_time_2:155537

thread_create-stack=2048,guard=1_mean:848899
thread_create-stack=2048,guard=1_time_1:696260
thread_create-stack=2048,guard=1_time_2:152408

thread_create-stack=2048,guard=1_mean:875604
thread_create-stack=2048,guard=1_time_1:720501
thread_create-stack=2048,guard=1_time_2:154875

thread_create-stack=2048,guard=1_mean:853183
thread_create-stack=2048,guard=1_time_1:698947
thread_create-stack=2048,guard=1_time_2:153992

thread_create-stack=2048,guard=1_mean:859644
thread_create-stack=2048,guard=1_time_1:702221
thread_create-stack=2048,guard=1_time_2:157201

thread_create-stack=2048,guard=1_mean:849677
thread_create-stack=2048,guard=1_time_1:695728
thread_create-stack=2048,guard=1_time_2:153724

thread_create-stack=2048,guard=1_mean:857156
thread_create-stack=2048,guard=1_time_1:702102
thread_create-stack=2048,guard=1_time_2:154830

thread_create-stack=2048,guard=1_mean:852029
thread_create-stack=2048,guard=1_time_1:698369
thread_create-stack=2048,guard=1_time_2:153414

thread_create-stack=2048,guard=1_mean:855042
thread_create-stack=2048,guard=1_time_1:700776
thread_create-stack=2048,guard=1_time_2:154025

thread_create-stack=2048,guard=1_mean:873723
thread_create-stack=2048,guard=1_time_1:713867
thread_create-stack=2048,guard=1_time_2:159615

thread_create-stack=2048,guard=1_mean:949976
thread_create-stack=2048,guard=1_time_1:717052
thread_create-stack=2048,guard=1_time_2:232709

thread_create-stack=2048,guard=1_mean:871101
thread_create-stack=2048,guard=1_time_1:713568
thread_create-stack=2048,guard=1_time_2:157284

thread_create-stack=2048,guard=1_mean:858115
thread_create-stack=2048,guard=1_time_1:702411
thread_create-stack=2048,guard=1_time_2:155470

thread_create-stack=2048,guard=1_mean:851427
thread_create-stack=2048,guard=1_time_1:695303
thread_create-stack=2048,guard=1_time_2:155891

thread_create-stack=2048,guard=1_mean:949796
thread_create-stack=2048,guard=1_time_1:701512
thread_create-stack=2048,guard=1_time_2:248055

thread_create-stack=2048,guard=1_mean:860840
thread_create-stack=2048,guard=1_time_1:704398
thread_create-stack=2048,guard=1_time_2:156193

thread_create-stack=2048,guard=1_mean:857091
thread_create-stack=2048,guard=1_time_1:702269
thread_create-stack=2048,guard=1_time_2:154597

=== case: bench-thread_create_m
thread_create-stack=2048,guard=1_mean:846912
thread_create-stack=2048,guard=1_time_1:693653
thread_create-stack=2048,guard=1_time_2:153034

thread_create-stack=2048,guard=1_mean:1121320.0
thread_create-stack=2048,guard=1_time_1:779842
thread_create-stack=2048,guard=1_time_2:341082

thread_create-stack=2048,guard=1_mean:856366
thread_create-stack=2048,guard=1_time_1:699412
thread_create-stack=2048,guard=1_time_2:156697

thread_create-stack=2048,guard=1_mean:871806
thread_create-stack=2048,guard=1_time_1:714517
thread_create-stack=2048,guard=1_time_2:157056

thread_create-stack=2048,guard=1_mean:871382
thread_create-stack=2048,guard=1_time_1:716552
thread_create-stack=2048,guard=1_time_2:154585

thread_create-stack=2048,guard=1_mean:878645
thread_create-stack=2048,guard=1_time_1:717556
thread_create-stack=2048,guard=1_time_2:160843

thread_create-stack=2048,guard=1_mean:1359400.0
thread_create-stack=2048,guard=1_time_1:1143650.0
thread_create-stack=2048,guard=1_time_2:215320

thread_create-stack=2048,guard=1_mean:857825
thread_create-stack=2048,guard=1_time_1:704584
thread_create-stack=2048,guard=1_time_2:153012

thread_create-stack=2048,guard=1_mean:849072
thread_create-stack=2048,guard=1_time_1:696703
thread_create-stack=2048,guard=1_time_2:152129

thread_create-stack=2048,guard=1_mean:858899
thread_create-stack=2048,guard=1_time_1:700995
thread_create-stack=2048,guard=1_time_2:157657

thread_create-stack=2048,guard=1_mean:846489
thread_create-stack=2048,guard=1_time_1:691099
thread_create-stack=2048,guard=1_time_2:155153

thread_create-stack=2048,guard=1_mean:851365
thread_create-stack=2048,guard=1_time_1:699262
thread_create-stack=2048,guard=1_time_2:151874

thread_create-stack=2048,guard=1_mean:859165
thread_create-stack=2048,guard=1_time_1:698339
thread_create-stack=2048,guard=1_time_2:160586

thread_create-stack=2048,guard=1_mean:845652
thread_create-stack=2048,guard=1_time_1:690260
thread_create-stack=2048,guard=1_time_2:155162

thread_create-stack=2048,guard=1_mean:844311
thread_create-stack=2048,guard=1_time_1:691520
thread_create-stack=2048,guard=1_time_2:152551

thread_create-stack=2048,guard=1_mean:862839
thread_create-stack=2048,guard=1_time_1:704627
thread_create-stack=2048,guard=1_time_2:157978

thread_create-stack=2048,guard=1_mean:874082
thread_create-stack=2048,guard=1_time_1:716778
thread_create-stack=2048,guard=1_time_2:157066

thread_create-stack=2048,guard=1_mean:871950
thread_create-stack=2048,guard=1_time_1:715347
thread_create-stack=2048,guard=1_time_2:156368

thread_create-stack=2048,guard=1_mean:1320430.0
thread_create-stack=2048,guard=1_time_1:1127880.0
thread_create-stack=2048,guard=1_time_2:192145

thread_create-stack=2048,guard=1_mean:849609
thread_create-stack=2048,guard=1_time_1:693996
thread_create-stack=2048,guard=1_time_2:155389

=== case: bench-thread_create_m
thread_create-stack=2048,guard=1_mean:845671
thread_create-stack=2048,guard=1_time_1:691553
thread_create-stack=2048,guard=1_time_2:153886

thread_create-stack=2048,guard=1_mean:870184
thread_create-stack=2048,guard=1_time_1:716383
thread_create-stack=2048,guard=1_time_2:153567

thread_create-stack=2048,guard=1_mean:873539
thread_create-stack=2048,guard=1_time_1:718730
thread_create-stack=2048,guard=1_time_2:154577

thread_create-stack=2048,guard=1_mean:849448
thread_create-stack=2048,guard=1_time_1:692515
thread_create-stack=2048,guard=1_time_2:156710

thread_create-stack=2048,guard=1_mean:844058
thread_create-stack=2048,guard=1_time_1:690371
thread_create-stack=2048,guard=1_time_2:153436

thread_create-stack=2048,guard=1_mean:856888
thread_create-stack=2048,guard=1_time_1:702867
thread_create-stack=2048,guard=1_time_2:153783

thread_create-stack=2048,guard=1_mean:1281030.0
thread_create-stack=2048,guard=1_time_1:1091490.0
thread_create-stack=2048,guard=1_time_2:189157

thread_create-stack=2048,guard=1_mean:852727
thread_create-stack=2048,guard=1_time_1:699074
thread_create-stack=2048,guard=1_time_2:153420

thread_create-stack=2048,guard=1_mean:846642
thread_create-stack=2048,guard=1_time_1:689649
thread_create-stack=2048,guard=1_time_2:156759

thread_create-stack=2048,guard=1_mean:856121
thread_create-stack=2048,guard=1_time_1:702884
thread_create-stack=2048,guard=1_time_2:153004

thread_create-stack=2048,guard=1_mean:947973
thread_create-stack=2048,guard=1_time_1:712602
thread_create-stack=2048,guard=1_time_2:235126

thread_create-stack=2048,guard=1_mean:870429
thread_create-stack=2048,guard=1_time_1:714421
thread_create-stack=2048,guard=1_time_2:155774

thread_create-stack=2048,guard=1_mean:852548
thread_create-stack=2048,guard=1_time_1:698556
thread_create-stack=2048,guard=1_time_2:153758

thread_create-stack=2048,guard=1_mean:863011
thread_create-stack=2048,guard=1_time_1:707655
thread_create-stack=2048,guard=1_time_2:155135

thread_create-stack=2048,guard=1_mean:855444
thread_create-stack=2048,guard=1_time_1:700779
thread_create-stack=2048,guard=1_time_2:154429

thread_create-stack=2048,guard=1_mean:857918
thread_create-stack=2048,guard=1_time_1:702266
thread_create-stack=2048,guard=1_time_2:155424

thread_create-stack=2048,guard=1_mean:849671
thread_create-stack=2048,guard=1_time_1:697226
thread_create-stack=2048,guard=1_time_2:152200

thread_create-stack=2048,guard=1_mean:860702
thread_create-stack=2048,guard=1_time_1:703790
thread_create-stack=2048,guard=1_time_2:156676

thread_create-stack=2048,guard=1_mean:922853
thread_create-stack=2048,guard=1_time_1:697893
thread_create-stack=2048,guard=1_time_2:224730

thread_create-stack=2048,guard=1_mean:852064
thread_create-stack=2048,guard=1_time_1:696785
thread_create-stack=2048,guard=1_time_2:155035

