=== case: bench-thread_create_m
thread_create-stack=2048,guard=1_mean:58541.4
thread_create-stack=2048,guard=1_time_1:31261.5
thread_create-stack=2048,guard=1_time_2:27253

thread_create-stack=2048,guard=1_mean:53505
thread_create-stack=2048,guard=1_time_1:26531
thread_create-stack=2048,guard=1_time_2:26948.1

thread_create-stack=2048,guard=1_mean:52224.9
thread_create-stack=2048,guard=1_time_1:24694.4
thread_create-stack=2048,guard=1_time_2:27504.1

thread_create-stack=2048,guard=1_mean:53046.7
thread_create-stack=2048,guard=1_time_1:25269.4
thread_create-stack=2048,guard=1_time_2:27751.1

thread_create-stack=2048,guard=1_mean:57184.8
thread_create-stack=2048,guard=1_time_1:25808.3
thread_create-stack=2048,guard=1_time_2:31350.1

thread_create-stack=2048,guard=1_mean:51592.3
thread_create-stack=2048,guard=1_time_1:23357.8
thread_create-stack=2048,guard=1_time_2:28208.1

thread_create-stack=2048,guard=1_mean:51316.4
thread_create-stack=2048,guard=1_time_1:24551.3
thread_create-stack=2048,guard=1_time_2:26738.8

thread_create-stack=2048,guard=1_mean:52475
thread_create-stack=2048,guard=1_time_1:25689.5
thread_create-stack=2048,guard=1_time_2:26759.4

thread_create-stack=2048,guard=1_mean:52470.2
thread_create-stack=2048,guard=1_time_1:25414.9
thread_create-stack=2048,guard=1_time_2:27029.2

thread_create-stack=2048,guard=1_mean:53758.4
thread_create-stack=2048,guard=1_time_1:25652.4
thread_create-stack=2048,guard=1_time_2:28078.2

thread_create-stack=2048,guard=1_mean:53106.5
thread_create-stack=2048,guard=1_time_1:25263.7
thread_create-stack=2048,guard=1_time_2:27816.7

thread_create-stack=2048,guard=1_mean:56334.8
thread_create-stack=2048,guard=1_time_1:23419.5
thread_create-stack=2048,guard=1_time_2:32888.9

thread_create-stack=2048,guard=1_mean:51454.1
thread_create-stack=2048,guard=1_time_1:24806.9
thread_create-stack=2048,guard=1_time_2:26621.1

thread_create-stack=2048,guard=1_mean:51800.2
thread_create-stack=2048,guard=1_time_1:23877.8
thread_create-stack=2048,guard=1_time_2:27896

thread_create-stack=2048,guard=1_mean:51490
thread_create-stack=2048,guard=1_time_1:24843.3
thread_create-stack=2048,guard=1_time_2:26617.8

thread_create-stack=2048,guard=1_mean:51748
thread_create-stack=2048,guard=1_time_1:24613.5
thread_create-stack=2048,guard=1_time_2:27108.1

thread_create-stack=2048,guard=1_mean:51467.7
thread_create-stack=2048,guard=1_time_1:23743.5
thread_create-stack=2048,guard=1_time_2:27698

thread_create-stack=2048,guard=1_mean:56454.1
thread_create-stack=2048,guard=1_time_1:24212.8
thread_create-stack=2048,guard=1_time_2:32214.8

thread_create-stack=2048,guard=1_mean:51945
thread_create-stack=2048,guard=1_time_1:23836.6
thread_create-stack=2048,guard=1_time_2:28082.2

thread_create-stack=2048,guard=1_mean:51294
thread_create-stack=2048,guard=1_time_1:24024.3
thread_create-stack=2048,guard=1_time_2:27236.5

=== case: bench-thread_create_m
thread_create-stack=2048,guard=1_mean:138157
thread_create-stack=2048,guard=1_time_1:63747.4
thread_create-stack=2048,guard=1_time_2:74246.5

thread_create-stack=2048,guard=1_mean:143132
thread_create-stack=2048,guard=1_time_1:63412.8
thread_create-stack=2048,guard=1_time_2:79610.8

thread_create-stack=2048,guard=1_mean:137757
thread_create-stack=2048,guard=1_time_1:63539.4
thread_create-stack=2048,guard=1_time_2:74126

thread_create-stack=2048,guard=1_mean:140586
thread_create-stack=2048,guard=1_time_1:63956.1
thread_create-stack=2048,guard=1_time_2:76528.9

thread_create-stack=2048,guard=1_mean:137217
thread_create-stack=2048,guard=1_time_1:64461.3
thread_create-stack=2048,guard=1_time_2:72651.6

thread_create-stack=2048,guard=1_mean:142276
thread_create-stack=2048,guard=1_time_1:65471.7
thread_create-stack=2048,guard=1_time_2:76698.7

thread_create-stack=2048,guard=1_mean:136968
thread_create-stack=2048,guard=1_time_1:62027
thread_create-stack=2048,guard=1_time_2:74833.4

thread_create-stack=2048,guard=1_mean:144445
thread_create-stack=2048,guard=1_time_1:65340.9
thread_create-stack=2048,guard=1_time_2:78994.2

thread_create-stack=2048,guard=1_mean:137775
thread_create-stack=2048,guard=1_time_1:64009.5
thread_create-stack=2048,guard=1_time_2:73673.2

thread_create-stack=2048,guard=1_mean:137342
thread_create-stack=2048,guard=1_time_1:64622.2
thread_create-stack=2048,guard=1_time_2:72628.8

thread_create-stack=2048,guard=1_mean:139499
thread_create-stack=2048,guard=1_time_1:62001.9
thread_create-stack=2048,guard=1_time_2:77413.4

thread_create-stack=2048,guard=1_mean:136483
thread_create-stack=2048,guard=1_time_1:62275.5
thread_create-stack=2048,guard=1_time_2:74120.4

thread_create-stack=2048,guard=1_mean:142729
thread_create-stack=2048,guard=1_time_1:64058.7
thread_create-stack=2048,guard=1_time_2:78563.4

thread_create-stack=2048,guard=1_mean:138044
thread_create-stack=2048,guard=1_time_1:63060.7
thread_create-stack=2048,guard=1_time_2:74878.8

thread_create-stack=2048,guard=1_mean:139890
thread_create-stack=2048,guard=1_time_1:61928.9
thread_create-stack=2048,guard=1_time_2:77869

thread_create-stack=2048,guard=1_mean:138324
thread_create-stack=2048,guard=1_time_1:64868.1
thread_create-stack=2048,guard=1_time_2:73326.7

thread_create-stack=2048,guard=1_mean:144620
thread_create-stack=2048,guard=1_time_1:64292.9
thread_create-stack=2048,guard=1_time_2:80238.4

thread_create-stack=2048,guard=1_mean:135190
thread_create-stack=2048,guard=1_time_1:59741.5
thread_create-stack=2048,guard=1_time_2:75364.7

thread_create-stack=2048,guard=1_mean:140831
thread_create-stack=2048,guard=1_time_1:63801
thread_create-stack=2048,guard=1_time_2:76920.3

thread_create-stack=2048,guard=1_mean:138844
thread_create-stack=2048,guard=1_time_1:64243.5
thread_create-stack=2048,guard=1_time_2:74493.4

=== case: bench-thread_create_m
thread_create-stack=2048,guard=1_mean:227362
thread_create-stack=2048,guard=1_time_1:102325
thread_create-stack=2048,guard=1_time_2:124942

thread_create-stack=2048,guard=1_mean:229784
thread_create-stack=2048,guard=1_time_1:104815
thread_create-stack=2048,guard=1_time_2:124867

thread_create-stack=2048,guard=1_mean:220822
thread_create-stack=2048,guard=1_time_1:97818.1
thread_create-stack=2048,guard=1_time_2:122889

thread_create-stack=2048,guard=1_mean:225002
thread_create-stack=2048,guard=1_time_1:100589
thread_create-stack=2048,guard=1_time_2:124301

thread_create-stack=2048,guard=1_mean:226055
thread_create-stack=2048,guard=1_time_1:100846
thread_create-stack=2048,guard=1_time_2:125091

thread_create-stack=2048,guard=1_mean:226040
thread_create-stack=2048,guard=1_time_1:103942
thread_create-stack=2048,guard=1_time_2:121993

thread_create-stack=2048,guard=1_mean:222181
thread_create-stack=2048,guard=1_time_1:100505
thread_create-stack=2048,guard=1_time_2:121573

thread_create-stack=2048,guard=1_mean:224729
thread_create-stack=2048,guard=1_time_1:98017.4
thread_create-stack=2048,guard=1_time_2:126590

thread_create-stack=2048,guard=1_mean:229826
thread_create-stack=2048,guard=1_time_1:100595
thread_create-stack=2048,guard=1_time_2:129119

thread_create-stack=2048,guard=1_mean:227920
thread_create-stack=2048,guard=1_time_1:103510
thread_create-stack=2048,guard=1_time_2:124308

thread_create-stack=2048,guard=1_mean:222697
thread_create-stack=2048,guard=1_time_1:100012
thread_create-stack=2048,guard=1_time_2:122573

thread_create-stack=2048,guard=1_mean:227545
thread_create-stack=2048,guard=1_time_1:101319
thread_create-stack=2048,guard=1_time_2:126076

thread_create-stack=2048,guard=1_mean:224915
thread_create-stack=2048,guard=1_time_1:100806
thread_create-stack=2048,guard=1_time_2:124009

thread_create-stack=2048,guard=1_mean:229507
thread_create-stack=2048,guard=1_time_1:103709
thread_create-stack=2048,guard=1_time_2:125698

thread_create-stack=2048,guard=1_mean:223512
thread_create-stack=2048,guard=1_time_1:104471
thread_create-stack=2048,guard=1_time_2:118934

thread_create-stack=2048,guard=1_mean:228457
thread_create-stack=2048,guard=1_time_1:101164
thread_create-stack=2048,guard=1_time_2:127204

thread_create-stack=2048,guard=1_mean:228378
thread_create-stack=2048,guard=1_time_1:100442
thread_create-stack=2048,guard=1_time_2:127787

thread_create-stack=2048,guard=1_mean:227913
thread_create-stack=2048,guard=1_time_1:101112
thread_create-stack=2048,guard=1_time_2:126710

thread_create-stack=2048,guard=1_mean:230339
thread_create-stack=2048,guard=1_time_1:102715
thread_create-stack=2048,guard=1_time_2:127479

thread_create-stack=2048,guard=1_mean:222564
thread_create-stack=2048,guard=1_time_1:101087
thread_create-stack=2048,guard=1_time_2:121371

=== case: bench-thread_create_m
thread_create-stack=2048,guard=1_mean:311812
thread_create-stack=2048,guard=1_time_1:139582
thread_create-stack=2048,guard=1_time_2:172095

thread_create-stack=2048,guard=1_mean:312311
thread_create-stack=2048,guard=1_time_1:138156
thread_create-stack=2048,guard=1_time_2:174018

thread_create-stack=2048,guard=1_mean:317203
thread_create-stack=2048,guard=1_time_1:139398
thread_create-stack=2048,guard=1_time_2:177689

thread_create-stack=2048,guard=1_mean:320415
thread_create-stack=2048,guard=1_time_1:143548
thread_create-stack=2048,guard=1_time_2:176698

thread_create-stack=2048,guard=1_mean:313043
thread_create-stack=2048,guard=1_time_1:141333
thread_create-stack=2048,guard=1_time_2:171583

thread_create-stack=2048,guard=1_mean:313819
thread_create-stack=2048,guard=1_time_1:140167
thread_create-stack=2048,guard=1_time_2:173457

thread_create-stack=2048,guard=1_mean:313365
thread_create-stack=2048,guard=1_time_1:142265
thread_create-stack=2048,guard=1_time_2:170902

thread_create-stack=2048,guard=1_mean:316710
thread_create-stack=2048,guard=1_time_1:143565
thread_create-stack=2048,guard=1_time_2:172976

thread_create-stack=2048,guard=1_mean:316934
thread_create-stack=2048,guard=1_time_1:140933
thread_create-stack=2048,guard=1_time_2:175814

thread_create-stack=2048,guard=1_mean:313773
thread_create-stack=2048,guard=1_time_1:140321
thread_create-stack=2048,guard=1_time_2:173288

thread_create-stack=2048,guard=1_mean:317301
thread_create-stack=2048,guard=1_time_1:141297
thread_create-stack=2048,guard=1_time_2:175818

thread_create-stack=2048,guard=1_mean:325453
thread_create-stack=2048,guard=1_time_1:138751
thread_create-stack=2048,guard=1_time_2:186556

thread_create-stack=2048,guard=1_mean:311708
thread_create-stack=2048,guard=1_time_1:141632
thread_create-stack=2048,guard=1_time_2:169925

thread_create-stack=2048,guard=1_mean:315801
thread_create-stack=2048,guard=1_time_1:140816
thread_create-stack=2048,guard=1_time_2:174842

thread_create-stack=2048,guard=1_mean:315594
thread_create-stack=2048,guard=1_time_1:140699
thread_create-stack=2048,guard=1_time_2:174788

thread_create-stack=2048,guard=1_mean:310628
thread_create-stack=2048,guard=1_time_1:139904
thread_create-stack=2048,guard=1_time_2:170618

thread_create-stack=2048,guard=1_mean:313124
thread_create-stack=2048,guard=1_time_1:139315
thread_create-stack=2048,guard=1_time_2:173658

thread_create-stack=2048,guard=1_mean:313807
thread_create-stack=2048,guard=1_time_1:139302
thread_create-stack=2048,guard=1_time_2:174318

thread_create-stack=2048,guard=1_mean:318110
thread_create-stack=2048,guard=1_time_1:144333
thread_create-stack=2048,guard=1_time_2:173626

thread_create-stack=2048,guard=1_mean:315518
thread_create-stack=2048,guard=1_time_1:143542
thread_create-stack=2048,guard=1_time_2:171849

=== case: bench-thread_create_m
thread_create-stack=2048,guard=1_mean:408308
thread_create-stack=2048,guard=1_time_1:185679
thread_create-stack=2048,guard=1_time_2:221827

thread_create-stack=2048,guard=1_mean:401067
thread_create-stack=2048,guard=1_time_1:180352
thread_create-stack=2048,guard=1_time_2:220547

thread_create-stack=2048,guard=1_mean:639839
thread_create-stack=2048,guard=1_time_1:257447
thread_create-stack=2048,guard=1_time_2:382070

thread_create-stack=2048,guard=1_mean:405575
thread_create-stack=2048,guard=1_time_1:183480
thread_create-stack=2048,guard=1_time_2:221895

thread_create-stack=2048,guard=1_mean:406429
thread_create-stack=2048,guard=1_time_1:182480
thread_create-stack=2048,guard=1_time_2:223748

thread_create-stack=2048,guard=1_mean:641755
thread_create-stack=2048,guard=1_time_1:262314
thread_create-stack=2048,guard=1_time_2:379050

thread_create-stack=2048,guard=1_mean:401904
thread_create-stack=2048,guard=1_time_1:181451
thread_create-stack=2048,guard=1_time_2:220254

thread_create-stack=2048,guard=1_mean:403350
thread_create-stack=2048,guard=1_time_1:182262
thread_create-stack=2048,guard=1_time_2:220907

thread_create-stack=2048,guard=1_mean:406453
thread_create-stack=2048,guard=1_time_1:184715
thread_create-stack=2048,guard=1_time_2:221569

thread_create-stack=2048,guard=1_mean:402562
thread_create-stack=2048,guard=1_time_1:182028
thread_create-stack=2048,guard=1_time_2:220349

thread_create-stack=2048,guard=1_mean:407217
thread_create-stack=2048,guard=1_time_1:181774
thread_create-stack=2048,guard=1_time_2:225224

thread_create-stack=2048,guard=1_mean:405727
thread_create-stack=2048,guard=1_time_1:186578
thread_create-stack=2048,guard=1_time_2:218969

thread_create-stack=2048,guard=1_mean:415339
thread_create-stack=2048,guard=1_time_1:184972
thread_create-stack=2048,guard=1_time_2:230152

thread_create-stack=2048,guard=1_mean:407115
thread_create-stack=2048,guard=1_time_1:183586
thread_create-stack=2048,guard=1_time_2:223337

thread_create-stack=2048,guard=1_mean:402315
thread_create-stack=2048,guard=1_time_1:180849
thread_create-stack=2048,guard=1_time_2:221269

thread_create-stack=2048,guard=1_mean:410487
thread_create-stack=2048,guard=1_time_1:185510
thread_create-stack=2048,guard=1_time_2:224797

thread_create-stack=2048,guard=1_mean:406314
thread_create-stack=2048,guard=1_time_1:183819
thread_create-stack=2048,guard=1_time_2:222326

thread_create-stack=2048,guard=1_mean:404875
thread_create-stack=2048,guard=1_time_1:182452
thread_create-stack=2048,guard=1_time_2:222205

thread_create-stack=2048,guard=1_mean:409992
thread_create-stack=2048,guard=1_time_1:186405
thread_create-stack=2048,guard=1_time_2:223363

thread_create-stack=2048,guard=1_mean:403382
thread_create-stack=2048,guard=1_time_1:184986
thread_create-stack=2048,guard=1_time_2:218210

=== case: bench-thread_create_m
thread_create-stack=2048,guard=1_mean:496578
thread_create-stack=2048,guard=1_time_1:223559
thread_create-stack=2048,guard=1_time_2:272844

thread_create-stack=2048,guard=1_mean:498546
thread_create-stack=2048,guard=1_time_1:224734
thread_create-stack=2048,guard=1_time_2:273577

thread_create-stack=2048,guard=1_mean:497866
thread_create-stack=2048,guard=1_time_1:220864
thread_create-stack=2048,guard=1_time_2:276786

thread_create-stack=2048,guard=1_mean:501732
thread_create-stack=2048,guard=1_time_1:223522
thread_create-stack=2048,guard=1_time_2:277974

thread_create-stack=2048,guard=1_mean:501882
thread_create-stack=2048,guard=1_time_1:225100
thread_create-stack=2048,guard=1_time_2:276582

thread_create-stack=2048,guard=1_mean:500897
thread_create-stack=2048,guard=1_time_1:228935
thread_create-stack=2048,guard=1_time_2:271740

thread_create-stack=2048,guard=1_mean:501600
thread_create-stack=2048,guard=1_time_1:225923
thread_create-stack=2048,guard=1_time_2:275438

thread_create-stack=2048,guard=1_mean:951094
thread_create-stack=2048,guard=1_time_1:388746
thread_create-stack=2048,guard=1_time_2:562051

thread_create-stack=2048,guard=1_mean:498581
thread_create-stack=2048,guard=1_time_1:223510
thread_create-stack=2048,guard=1_time_2:274906

thread_create-stack=2048,guard=1_mean:496686
thread_create-stack=2048,guard=1_time_1:223222
thread_create-stack=2048,guard=1_time_2:273302

thread_create-stack=2048,guard=1_mean:496905
thread_create-stack=2048,guard=1_time_1:221900
thread_create-stack=2048,guard=1_time_2:274774

thread_create-stack=2048,guard=1_mean:496201
thread_create-stack=2048,guard=1_time_1:222424
thread_create-stack=2048,guard=1_time_2:273465

thread_create-stack=2048,guard=1_mean:497195
thread_create-stack=2048,guard=1_time_1:225919
thread_create-stack=2048,guard=1_time_2:270993

thread_create-stack=2048,guard=1_mean:500992
thread_create-stack=2048,guard=1_time_1:223602
thread_create-stack=2048,guard=1_time_2:277076

thread_create-stack=2048,guard=1_mean:494269
thread_create-stack=2048,guard=1_time_1:219794
thread_create-stack=2048,guard=1_time_2:274236

thread_create-stack=2048,guard=1_mean:499912
thread_create-stack=2048,guard=1_time_1:221615
thread_create-stack=2048,guard=1_time_2:278033

thread_create-stack=2048,guard=1_mean:497103
thread_create-stack=2048,guard=1_time_1:225005
thread_create-stack=2048,guard=1_time_2:271918

thread_create-stack=2048,guard=1_mean:498133
thread_create-stack=2048,guard=1_time_1:225866
thread_create-stack=2048,guard=1_time_2:272004

thread_create-stack=2048,guard=1_mean:502936
thread_create-stack=2048,guard=1_time_1:226629
thread_create-stack=2048,guard=1_time_2:276034

thread_create-stack=2048,guard=1_mean:505245
thread_create-stack=2048,guard=1_time_1:224912
thread_create-stack=2048,guard=1_time_2:280145

=== case: bench-thread_create_m
thread_create-stack=2048,guard=1_mean:602778
thread_create-stack=2048,guard=1_time_1:267706
thread_create-stack=2048,guard=1_time_2:334838

thread_create-stack=2048,guard=1_mean:598838
thread_create-stack=2048,guard=1_time_1:264865
thread_create-stack=2048,guard=1_time_2:333742

thread_create-stack=2048,guard=1_mean:597974
thread_create-stack=2048,guard=1_time_1:267495
thread_create-stack=2048,guard=1_time_2:330177

thread_create-stack=2048,guard=1_mean:598034
thread_create-stack=2048,guard=1_time_1:264815
thread_create-stack=2048,guard=1_time_2:332903

thread_create-stack=2048,guard=1_mean:599410
thread_create-stack=2048,guard=1_time_1:265199
thread_create-stack=2048,guard=1_time_2:333959

thread_create-stack=2048,guard=1_mean:595212
thread_create-stack=2048,guard=1_time_1:266887
thread_create-stack=2048,guard=1_time_2:328078

thread_create-stack=2048,guard=1_mean:602103
thread_create-stack=2048,guard=1_time_1:267145
thread_create-stack=2048,guard=1_time_2:334671

thread_create-stack=2048,guard=1_mean:593585
thread_create-stack=2048,guard=1_time_1:263515
thread_create-stack=2048,guard=1_time_2:329796

thread_create-stack=2048,guard=1_mean:592056
thread_create-stack=2048,guard=1_time_1:263969
thread_create-stack=2048,guard=1_time_2:327804

thread_create-stack=2048,guard=1_mean:597264
thread_create-stack=2048,guard=1_time_1:264773
thread_create-stack=2048,guard=1_time_2:332210

thread_create-stack=2048,guard=1_mean:610852
thread_create-stack=2048,guard=1_time_1:266182
thread_create-stack=2048,guard=1_time_2:344371

thread_create-stack=2048,guard=1_mean:597604
thread_create-stack=2048,guard=1_time_1:264024
thread_create-stack=2048,guard=1_time_2:333286

thread_create-stack=2048,guard=1_mean:592582
thread_create-stack=2048,guard=1_time_1:264326
thread_create-stack=2048,guard=1_time_2:328009

thread_create-stack=2048,guard=1_mean:591065
thread_create-stack=2048,guard=1_time_1:264647
thread_create-stack=2048,guard=1_time_2:326148

thread_create-stack=2048,guard=1_mean:592299
thread_create-stack=2048,guard=1_time_1:264172
thread_create-stack=2048,guard=1_time_2:327874

thread_create-stack=2048,guard=1_mean:597856
thread_create-stack=2048,guard=1_time_1:264189
thread_create-stack=2048,guard=1_time_2:333356

thread_create-stack=2048,guard=1_mean:591840
thread_create-stack=2048,guard=1_time_1:259753
thread_create-stack=2048,guard=1_time_2:331814

thread_create-stack=2048,guard=1_mean:592325
thread_create-stack=2048,guard=1_time_1:263608
thread_create-stack=2048,guard=1_time_2:328457

thread_create-stack=2048,guard=1_mean:600404
thread_create-stack=2048,guard=1_time_1:267118
thread_create-stack=2048,guard=1_time_2:332945

thread_create-stack=2048,guard=1_mean:596012
thread_create-stack=2048,guard=1_time_1:262577
thread_create-stack=2048,guard=1_time_2:333210

=== case: bench-thread_create_m
thread_create-stack=2048,guard=1_mean:696543
thread_create-stack=2048,guard=1_time_1:314183
thread_create-stack=2048,guard=1_time_2:382085

thread_create-stack=2048,guard=1_mean:701603
thread_create-stack=2048,guard=1_time_1:314729
thread_create-stack=2048,guard=1_time_2:386523

thread_create-stack=2048,guard=1_mean:693575
thread_create-stack=2048,guard=1_time_1:311059
thread_create-stack=2048,guard=1_time_2:382277

thread_create-stack=2048,guard=1_mean:694369
thread_create-stack=2048,guard=1_time_1:310714
thread_create-stack=2048,guard=1_time_2:383426

thread_create-stack=2048,guard=1_mean:700695
thread_create-stack=2048,guard=1_time_1:313456
thread_create-stack=2048,guard=1_time_2:386808

thread_create-stack=2048,guard=1_mean:694616
thread_create-stack=2048,guard=1_time_1:311234
thread_create-stack=2048,guard=1_time_2:383114

thread_create-stack=2048,guard=1_mean:687788
thread_create-stack=2048,guard=1_time_1:307609
thread_create-stack=2048,guard=1_time_2:379865

thread_create-stack=2048,guard=1_mean:743996
thread_create-stack=2048,guard=1_time_1:312561
thread_create-stack=2048,guard=1_time_2:430936

thread_create-stack=2048,guard=1_mean:697800
thread_create-stack=2048,guard=1_time_1:310476
thread_create-stack=2048,guard=1_time_2:387040

thread_create-stack=2048,guard=1_mean:862300
thread_create-stack=2048,guard=1_time_1:321973
thread_create-stack=2048,guard=1_time_2:539908

thread_create-stack=2048,guard=1_mean:695165
thread_create-stack=2048,guard=1_time_1:308147
thread_create-stack=2048,guard=1_time_2:386751

thread_create-stack=2048,guard=1_mean:699200
thread_create-stack=2048,guard=1_time_1:315325
thread_create-stack=2048,guard=1_time_2:383649

thread_create-stack=2048,guard=1_mean:1165250.0
thread_create-stack=2048,guard=1_time_1:475882
thread_create-stack=2048,guard=1_time_2:689028

thread_create-stack=2048,guard=1_mean:694451
thread_create-stack=2048,guard=1_time_1:311663
thread_create-stack=2048,guard=1_time_2:382535

thread_create-stack=2048,guard=1_mean:695451
thread_create-stack=2048,guard=1_time_1:308718
thread_create-stack=2048,guard=1_time_2:386412

thread_create-stack=2048,guard=1_mean:693990
thread_create-stack=2048,guard=1_time_1:310418
thread_create-stack=2048,guard=1_time_2:383264

thread_create-stack=2048,guard=1_mean:693455
thread_create-stack=2048,guard=1_time_1:312184
thread_create-stack=2048,guard=1_time_2:381031

thread_create-stack=2048,guard=1_mean:704566
thread_create-stack=2048,guard=1_time_1:311742
thread_create-stack=2048,guard=1_time_2:392571

thread_create-stack=2048,guard=1_mean:690168
thread_create-stack=2048,guard=1_time_1:307898
thread_create-stack=2048,guard=1_time_2:382018

thread_create-stack=2048,guard=1_mean:690967
thread_create-stack=2048,guard=1_time_1:309005
thread_create-stack=2048,guard=1_time_2:381635

