=== case: bench-thread_create_m
thread_create-stack=2048,guard=1_mean:107013
thread_create-stack=2048,guard=1_time_1:91927.9
thread_create-stack=2048,guard=1_time_2:15026.9

thread_create-stack=2048,guard=1_mean:99698
thread_create-stack=2048,guard=1_time_1:84981.7
thread_create-stack=2048,guard=1_time_2:14657.5

thread_create-stack=2048,guard=1_mean:97833.9
thread_create-stack=2048,guard=1_time_1:83350
thread_create-stack=2048,guard=1_time_2:14424.4

thread_create-stack=2048,guard=1_mean:99919.3
thread_create-stack=2048,guard=1_time_1:84722.7
thread_create-stack=2048,guard=1_time_2:15139.8

thread_create-stack=2048,guard=1_mean:98917.4
thread_create-stack=2048,guard=1_time_1:83066.9
thread_create-stack=2048,guard=1_time_2:15792.8

thread_create-stack=2048,guard=1_mean:99003.6
thread_create-stack=2048,guard=1_time_1:82842.4
thread_create-stack=2048,guard=1_time_2:16103.4

thread_create-stack=2048,guard=1_mean:99401.3
thread_create-stack=2048,guard=1_time_1:83700.8
thread_create-stack=2048,guard=1_time_2:15636.6

thread_create-stack=2048,guard=1_mean:98502
thread_create-stack=2048,guard=1_time_1:83730
thread_create-stack=2048,guard=1_time_2:14715

thread_create-stack=2048,guard=1_mean:99060.5
thread_create-stack=2048,guard=1_time_1:83474
thread_create-stack=2048,guard=1_time_2:15517.7

thread_create-stack=2048,guard=1_mean:98617.7
thread_create-stack=2048,guard=1_time_1:83408.1
thread_create-stack=2048,guard=1_time_2:15152.4

thread_create-stack=2048,guard=1_mean:100869
thread_create-stack=2048,guard=1_time_1:80753.3
thread_create-stack=2048,guard=1_time_2:20047.6

thread_create-stack=2048,guard=1_mean:98729.2
thread_create-stack=2048,guard=1_time_1:83950.6
thread_create-stack=2048,guard=1_time_2:14721.1

thread_create-stack=2048,guard=1_mean:98849.5
thread_create-stack=2048,guard=1_time_1:83612.1
thread_create-stack=2048,guard=1_time_2:15177.8

thread_create-stack=2048,guard=1_mean:104582
thread_create-stack=2048,guard=1_time_1:89059.4
thread_create-stack=2048,guard=1_time_2:15464.8

thread_create-stack=2048,guard=1_mean:99617
thread_create-stack=2048,guard=1_time_1:84043.3
thread_create-stack=2048,guard=1_time_2:15516

thread_create-stack=2048,guard=1_mean:96539.8
thread_create-stack=2048,guard=1_time_1:80240.4
thread_create-stack=2048,guard=1_time_2:16235.7

thread_create-stack=2048,guard=1_mean:100448
thread_create-stack=2048,guard=1_time_1:84509.9
thread_create-stack=2048,guard=1_time_2:15878

thread_create-stack=2048,guard=1_mean:99221.4
thread_create-stack=2048,guard=1_time_1:83438.1
thread_create-stack=2048,guard=1_time_2:15724.4

thread_create-stack=2048,guard=1_mean:96483.7
thread_create-stack=2048,guard=1_time_1:79934.3
thread_create-stack=2048,guard=1_time_2:16492.6

thread_create-stack=2048,guard=1_mean:98021.6
thread_create-stack=2048,guard=1_time_1:81428.4
thread_create-stack=2048,guard=1_time_2:16535.9

=== case: bench-thread_create_m
thread_create-stack=2048,guard=1_mean:213937
thread_create-stack=2048,guard=1_time_1:179350
thread_create-stack=2048,guard=1_time_2:34481.5

thread_create-stack=2048,guard=1_mean:220637
thread_create-stack=2048,guard=1_time_1:180796
thread_create-stack=2048,guard=1_time_2:39743.2

thread_create-stack=2048,guard=1_mean:215407
thread_create-stack=2048,guard=1_time_1:178621
thread_create-stack=2048,guard=1_time_2:36683.4

thread_create-stack=2048,guard=1_mean:218790
thread_create-stack=2048,guard=1_time_1:184589
thread_create-stack=2048,guard=1_time_2:34102.6

thread_create-stack=2048,guard=1_mean:222314
thread_create-stack=2048,guard=1_time_1:184861
thread_create-stack=2048,guard=1_time_2:37351.4

thread_create-stack=2048,guard=1_mean:215900
thread_create-stack=2048,guard=1_time_1:180529
thread_create-stack=2048,guard=1_time_2:35276.9

thread_create-stack=2048,guard=1_mean:213109
thread_create-stack=2048,guard=1_time_1:178246
thread_create-stack=2048,guard=1_time_2:34762.8

thread_create-stack=2048,guard=1_mean:223905
thread_create-stack=2048,guard=1_time_1:187698
thread_create-stack=2048,guard=1_time_2:36109.3

thread_create-stack=2048,guard=1_mean:223662
thread_create-stack=2048,guard=1_time_1:184620
thread_create-stack=2048,guard=1_time_2:38943.7

thread_create-stack=2048,guard=1_mean:217361
thread_create-stack=2048,guard=1_time_1:182517
thread_create-stack=2048,guard=1_time_2:34743.5

thread_create-stack=2048,guard=1_mean:529468
thread_create-stack=2048,guard=1_time_1:470546
thread_create-stack=2048,guard=1_time_2:58737.3

thread_create-stack=2048,guard=1_mean:223902
thread_create-stack=2048,guard=1_time_1:187756
thread_create-stack=2048,guard=1_time_2:36044.6

thread_create-stack=2048,guard=1_mean:220565
thread_create-stack=2048,guard=1_time_1:184184
thread_create-stack=2048,guard=1_time_2:36282.9

thread_create-stack=2048,guard=1_mean:220539
thread_create-stack=2048,guard=1_time_1:184760
thread_create-stack=2048,guard=1_time_2:35689.1

thread_create-stack=2048,guard=1_mean:216250
thread_create-stack=2048,guard=1_time_1:180775
thread_create-stack=2048,guard=1_time_2:35385

thread_create-stack=2048,guard=1_mean:219953
thread_create-stack=2048,guard=1_time_1:185072
thread_create-stack=2048,guard=1_time_2:34783.6

thread_create-stack=2048,guard=1_mean:218747
thread_create-stack=2048,guard=1_time_1:179404
thread_create-stack=2048,guard=1_time_2:39246.8

thread_create-stack=2048,guard=1_mean:218941
thread_create-stack=2048,guard=1_time_1:182498
thread_create-stack=2048,guard=1_time_2:36326.4

thread_create-stack=2048,guard=1_mean:223977
thread_create-stack=2048,guard=1_time_1:186513
thread_create-stack=2048,guard=1_time_2:37365.4

thread_create-stack=2048,guard=1_mean:227324
thread_create-stack=2048,guard=1_time_1:190139
thread_create-stack=2048,guard=1_time_2:37068.9

=== case: bench-thread_create_m
thread_create-stack=2048,guard=1_mean:340462
thread_create-stack=2048,guard=1_time_1:288571
thread_create-stack=2048,guard=1_time_2:51771.7

thread_create-stack=2048,guard=1_mean:340071
thread_create-stack=2048,guard=1_time_1:287800
thread_create-stack=2048,guard=1_time_2:52160.3

thread_create-stack=2048,guard=1_mean:341013
thread_create-stack=2048,guard=1_time_1:287328
thread_create-stack=2048,guard=1_time_2:53594.4

thread_create-stack=2048,guard=1_mean:656222
thread_create-stack=2048,guard=1_time_1:581180
thread_create-stack=2048,guard=1_time_2:74815.9

thread_create-stack=2048,guard=1_mean:356556
thread_create-stack=2048,guard=1_time_1:300605
thread_create-stack=2048,guard=1_time_2:55863.7

thread_create-stack=2048,guard=1_mean:346737
thread_create-stack=2048,guard=1_time_1:295123
thread_create-stack=2048,guard=1_time_2:51518.7

thread_create-stack=2048,guard=1_mean:340008
thread_create-stack=2048,guard=1_time_1:285766
thread_create-stack=2048,guard=1_time_2:54150.5

thread_create-stack=2048,guard=1_mean:350074
thread_create-stack=2048,guard=1_time_1:295823
thread_create-stack=2048,guard=1_time_2:54141.3

thread_create-stack=2048,guard=1_mean:348245
thread_create-stack=2048,guard=1_time_1:292486
thread_create-stack=2048,guard=1_time_2:55654.4

thread_create-stack=2048,guard=1_mean:347089
thread_create-stack=2048,guard=1_time_1:292205
thread_create-stack=2048,guard=1_time_2:54780.5

thread_create-stack=2048,guard=1_mean:357717
thread_create-stack=2048,guard=1_time_1:302939
thread_create-stack=2048,guard=1_time_2:54666.3

thread_create-stack=2048,guard=1_mean:354248
thread_create-stack=2048,guard=1_time_1:299560
thread_create-stack=2048,guard=1_time_2:54587.6

thread_create-stack=2048,guard=1_mean:352251
thread_create-stack=2048,guard=1_time_1:296642
thread_create-stack=2048,guard=1_time_2:55512.4

thread_create-stack=2048,guard=1_mean:337369
thread_create-stack=2048,guard=1_time_1:285641
thread_create-stack=2048,guard=1_time_2:51635.3

thread_create-stack=2048,guard=1_mean:350345
thread_create-stack=2048,guard=1_time_1:295016
thread_create-stack=2048,guard=1_time_2:55225

thread_create-stack=2048,guard=1_mean:348224
thread_create-stack=2048,guard=1_time_1:291787
thread_create-stack=2048,guard=1_time_2:56325.2

thread_create-stack=2048,guard=1_mean:345155
thread_create-stack=2048,guard=1_time_1:292705
thread_create-stack=2048,guard=1_time_2:52337.1

thread_create-stack=2048,guard=1_mean:342213
thread_create-stack=2048,guard=1_time_1:287083
thread_create-stack=2048,guard=1_time_2:55000.5

thread_create-stack=2048,guard=1_mean:343778
thread_create-stack=2048,guard=1_time_1:291980
thread_create-stack=2048,guard=1_time_2:51706.8

thread_create-stack=2048,guard=1_mean:347222
thread_create-stack=2048,guard=1_time_1:292910
thread_create-stack=2048,guard=1_time_2:54211.6

=== case: bench-thread_create_m
thread_create-stack=2048,guard=1_mean:472237
thread_create-stack=2048,guard=1_time_1:399771
thread_create-stack=2048,guard=1_time_2:72347

thread_create-stack=2048,guard=1_mean:470973
thread_create-stack=2048,guard=1_time_1:397952
thread_create-stack=2048,guard=1_time_2:72900.2

thread_create-stack=2048,guard=1_mean:474539
thread_create-stack=2048,guard=1_time_1:401930
thread_create-stack=2048,guard=1_time_2:72497.2

thread_create-stack=2048,guard=1_mean:480199
thread_create-stack=2048,guard=1_time_1:404623
thread_create-stack=2048,guard=1_time_2:75461.1

thread_create-stack=2048,guard=1_mean:477918
thread_create-stack=2048,guard=1_time_1:404119
thread_create-stack=2048,guard=1_time_2:73688.8

thread_create-stack=2048,guard=1_mean:466054
thread_create-stack=2048,guard=1_time_1:391662
thread_create-stack=2048,guard=1_time_2:74270.8

thread_create-stack=2048,guard=1_mean:466107
thread_create-stack=2048,guard=1_time_1:390838
thread_create-stack=2048,guard=1_time_2:75151.9

thread_create-stack=2048,guard=1_mean:469507
thread_create-stack=2048,guard=1_time_1:396619
thread_create-stack=2048,guard=1_time_2:72767.1

thread_create-stack=2048,guard=1_mean:465245
thread_create-stack=2048,guard=1_time_1:397322
thread_create-stack=2048,guard=1_time_2:67802.8

thread_create-stack=2048,guard=1_mean:467848
thread_create-stack=2048,guard=1_time_1:399629
thread_create-stack=2048,guard=1_time_2:68105.3

thread_create-stack=2048,guard=1_mean:482814
thread_create-stack=2048,guard=1_time_1:408134
thread_create-stack=2048,guard=1_time_2:74554.9

thread_create-stack=2048,guard=1_mean:466470
thread_create-stack=2048,guard=1_time_1:394496
thread_create-stack=2048,guard=1_time_2:71860.3

thread_create-stack=2048,guard=1_mean:910425
thread_create-stack=2048,guard=1_time_1:814265
thread_create-stack=2048,guard=1_time_2:95837.4

thread_create-stack=2048,guard=1_mean:472515
thread_create-stack=2048,guard=1_time_1:398932
thread_create-stack=2048,guard=1_time_2:73467.8

thread_create-stack=2048,guard=1_mean:776229
thread_create-stack=2048,guard=1_time_1:691111
thread_create-stack=2048,guard=1_time_2:84874.9

thread_create-stack=2048,guard=1_mean:468973
thread_create-stack=2048,guard=1_time_1:401833
thread_create-stack=2048,guard=1_time_2:67031.8

thread_create-stack=2048,guard=1_mean:477130
thread_create-stack=2048,guard=1_time_1:406841
thread_create-stack=2048,guard=1_time_2:70179.7

thread_create-stack=2048,guard=1_mean:477705
thread_create-stack=2048,guard=1_time_1:405526
thread_create-stack=2048,guard=1_time_2:72066.1

thread_create-stack=2048,guard=1_mean:481854
thread_create-stack=2048,guard=1_time_1:407870
thread_create-stack=2048,guard=1_time_2:73865.3

thread_create-stack=2048,guard=1_mean:492809
thread_create-stack=2048,guard=1_time_1:419806
thread_create-stack=2048,guard=1_time_2:72893.5

=== case: bench-thread_create_m
thread_create-stack=2048,guard=1_mean:608492
thread_create-stack=2048,guard=1_time_1:520285
thread_create-stack=2048,guard=1_time_2:88087.3

thread_create-stack=2048,guard=1_mean:578890
thread_create-stack=2048,guard=1_time_1:493799
thread_create-stack=2048,guard=1_time_2:84975.6

thread_create-stack=2048,guard=1_mean:600167
thread_create-stack=2048,guard=1_time_1:510775
thread_create-stack=2048,guard=1_time_2:89267.1

thread_create-stack=2048,guard=1_mean:592253
thread_create-stack=2048,guard=1_time_1:502483
thread_create-stack=2048,guard=1_time_2:89639.2

thread_create-stack=2048,guard=1_mean:591398
thread_create-stack=2048,guard=1_time_1:502575
thread_create-stack=2048,guard=1_time_2:88697.6

thread_create-stack=2048,guard=1_mean:591396
thread_create-stack=2048,guard=1_time_1:501695
thread_create-stack=2048,guard=1_time_2:89584.1

thread_create-stack=2048,guard=1_mean:859856
thread_create-stack=2048,guard=1_time_1:763492
thread_create-stack=2048,guard=1_time_2:96081.3

thread_create-stack=2048,guard=1_mean:593650
thread_create-stack=2048,guard=1_time_1:506885
thread_create-stack=2048,guard=1_time_2:86646

thread_create-stack=2048,guard=1_mean:594785
thread_create-stack=2048,guard=1_time_1:506204
thread_create-stack=2048,guard=1_time_2:88450.8

thread_create-stack=2048,guard=1_mean:594148
thread_create-stack=2048,guard=1_time_1:506977
thread_create-stack=2048,guard=1_time_2:87048

thread_create-stack=2048,guard=1_mean:583032
thread_create-stack=2048,guard=1_time_1:497253
thread_create-stack=2048,guard=1_time_2:85634.5

thread_create-stack=2048,guard=1_mean:598330
thread_create-stack=2048,guard=1_time_1:510406
thread_create-stack=2048,guard=1_time_2:87785.7

thread_create-stack=2048,guard=1_mean:609573
thread_create-stack=2048,guard=1_time_1:517858
thread_create-stack=2048,guard=1_time_2:91569.9

thread_create-stack=2048,guard=1_mean:598868
thread_create-stack=2048,guard=1_time_1:509769
thread_create-stack=2048,guard=1_time_2:88970.3

thread_create-stack=2048,guard=1_mean:583105
thread_create-stack=2048,guard=1_time_1:499325
thread_create-stack=2048,guard=1_time_2:83663.6

thread_create-stack=2048,guard=1_mean:603837
thread_create-stack=2048,guard=1_time_1:514087
thread_create-stack=2048,guard=1_time_2:89623.8

thread_create-stack=2048,guard=1_mean:594475
thread_create-stack=2048,guard=1_time_1:506641
thread_create-stack=2048,guard=1_time_2:87709.3

thread_create-stack=2048,guard=1_mean:628060
thread_create-stack=2048,guard=1_time_1:514230
thread_create-stack=2048,guard=1_time_2:113686

thread_create-stack=2048,guard=1_mean:607512
thread_create-stack=2048,guard=1_time_1:519042
thread_create-stack=2048,guard=1_time_2:88349.1

thread_create-stack=2048,guard=1_mean:601763
thread_create-stack=2048,guard=1_time_1:510826
thread_create-stack=2048,guard=1_time_2:90815

=== case: bench-thread_create_m
thread_create-stack=2048,guard=1_mean:1171120.0
thread_create-stack=2048,guard=1_time_1:1041080.0
thread_create-stack=2048,guard=1_time_2:129693

thread_create-stack=2048,guard=1_mean:725751
thread_create-stack=2048,guard=1_time_1:617786
thread_create-stack=2048,guard=1_time_2:107808

thread_create-stack=2048,guard=1_mean:714068
thread_create-stack=2048,guard=1_time_1:608099
thread_create-stack=2048,guard=1_time_2:105813

thread_create-stack=2048,guard=1_mean:753700
thread_create-stack=2048,guard=1_time_1:622719
thread_create-stack=2048,guard=1_time_2:130812

thread_create-stack=2048,guard=1_mean:731679
thread_create-stack=2048,guard=1_time_1:621724
thread_create-stack=2048,guard=1_time_2:109825

thread_create-stack=2048,guard=1_mean:722698
thread_create-stack=2048,guard=1_time_1:620930
thread_create-stack=2048,guard=1_time_2:101612

thread_create-stack=2048,guard=1_mean:743334
thread_create-stack=2048,guard=1_time_1:636313
thread_create-stack=2048,guard=1_time_2:106859

thread_create-stack=2048,guard=1_mean:740700
thread_create-stack=2048,guard=1_time_1:632349
thread_create-stack=2048,guard=1_time_2:108200

thread_create-stack=2048,guard=1_mean:726048
thread_create-stack=2048,guard=1_time_1:622885
thread_create-stack=2048,guard=1_time_2:103009

thread_create-stack=2048,guard=1_mean:729484
thread_create-stack=2048,guard=1_time_1:626472
thread_create-stack=2048,guard=1_time_2:102878

thread_create-stack=2048,guard=1_mean:738228
thread_create-stack=2048,guard=1_time_1:635465
thread_create-stack=2048,guard=1_time_2:102630

thread_create-stack=2048,guard=1_mean:759726
thread_create-stack=2048,guard=1_time_1:629034
thread_create-stack=2048,guard=1_time_2:130539

thread_create-stack=2048,guard=1_mean:728893
thread_create-stack=2048,guard=1_time_1:627077
thread_create-stack=2048,guard=1_time_2:101685

thread_create-stack=2048,guard=1_mean:722411
thread_create-stack=2048,guard=1_time_1:613391
thread_create-stack=2048,guard=1_time_2:108867

thread_create-stack=2048,guard=1_mean:727336
thread_create-stack=2048,guard=1_time_1:620278
thread_create-stack=2048,guard=1_time_2:106938

thread_create-stack=2048,guard=1_mean:710109
thread_create-stack=2048,guard=1_time_1:610173
thread_create-stack=2048,guard=1_time_2:99809.3

thread_create-stack=2048,guard=1_mean:713304
thread_create-stack=2048,guard=1_time_1:609877
thread_create-stack=2048,guard=1_time_2:103306

thread_create-stack=2048,guard=1_mean:730613
thread_create-stack=2048,guard=1_time_1:627547
thread_create-stack=2048,guard=1_time_2:102925

thread_create-stack=2048,guard=1_mean:717431
thread_create-stack=2048,guard=1_time_1:613823
thread_create-stack=2048,guard=1_time_2:103464

thread_create-stack=2048,guard=1_mean:730004
thread_create-stack=2048,guard=1_time_1:617884
thread_create-stack=2048,guard=1_time_2:111989

=== case: bench-thread_create_m
thread_create-stack=2048,guard=1_mean:841093
thread_create-stack=2048,guard=1_time_1:716640
thread_create-stack=2048,guard=1_time_2:124290

thread_create-stack=2048,guard=1_mean:844739
thread_create-stack=2048,guard=1_time_1:724089
thread_create-stack=2048,guard=1_time_2:120490

thread_create-stack=2048,guard=1_mean:827337
thread_create-stack=2048,guard=1_time_1:706634
thread_create-stack=2048,guard=1_time_2:120564

thread_create-stack=2048,guard=1_mean:833523
thread_create-stack=2048,guard=1_time_1:717287
thread_create-stack=2048,guard=1_time_2:116077

thread_create-stack=2048,guard=1_mean:858217
thread_create-stack=2048,guard=1_time_1:737045
thread_create-stack=2048,guard=1_time_2:121027

thread_create-stack=2048,guard=1_mean:827506
thread_create-stack=2048,guard=1_time_1:707708
thread_create-stack=2048,guard=1_time_2:119620

thread_create-stack=2048,guard=1_mean:1261110.0
thread_create-stack=2048,guard=1_time_1:1110480.0
thread_create-stack=2048,guard=1_time_2:150290

thread_create-stack=2048,guard=1_mean:850719
thread_create-stack=2048,guard=1_time_1:724538
thread_create-stack=2048,guard=1_time_2:126007

thread_create-stack=2048,guard=1_mean:827521
thread_create-stack=2048,guard=1_time_1:704047
thread_create-stack=2048,guard=1_time_2:123287

thread_create-stack=2048,guard=1_mean:859420
thread_create-stack=2048,guard=1_time_1:732571
thread_create-stack=2048,guard=1_time_2:126675

thread_create-stack=2048,guard=1_mean:830158
thread_create-stack=2048,guard=1_time_1:706764
thread_create-stack=2048,guard=1_time_2:123245

thread_create-stack=2048,guard=1_mean:837514
thread_create-stack=2048,guard=1_time_1:714347
thread_create-stack=2048,guard=1_time_2:122998

thread_create-stack=2048,guard=1_mean:892664
thread_create-stack=2048,guard=1_time_1:730504
thread_create-stack=2048,guard=1_time_2:161993

thread_create-stack=2048,guard=1_mean:853695
thread_create-stack=2048,guard=1_time_1:732651
thread_create-stack=2048,guard=1_time_2:120895

thread_create-stack=2048,guard=1_mean:846934
thread_create-stack=2048,guard=1_time_1:722371
thread_create-stack=2048,guard=1_time_2:124401

thread_create-stack=2048,guard=1_mean:836529
thread_create-stack=2048,guard=1_time_1:718455
thread_create-stack=2048,guard=1_time_2:117886

thread_create-stack=2048,guard=1_mean:836234
thread_create-stack=2048,guard=1_time_1:717546
thread_create-stack=2048,guard=1_time_2:118529

thread_create-stack=2048,guard=1_mean:854297
thread_create-stack=2048,guard=1_time_1:732968
thread_create-stack=2048,guard=1_time_2:121137

thread_create-stack=2048,guard=1_mean:847722
thread_create-stack=2048,guard=1_time_1:724993
thread_create-stack=2048,guard=1_time_2:122554

thread_create-stack=2048,guard=1_mean:858164
thread_create-stack=2048,guard=1_time_1:735796
thread_create-stack=2048,guard=1_time_2:122210

=== case: bench-thread_create_m
thread_create-stack=2048,guard=1_mean:997611
thread_create-stack=2048,guard=1_time_1:853989
thread_create-stack=2048,guard=1_time_2:143417

thread_create-stack=2048,guard=1_mean:965638
thread_create-stack=2048,guard=1_time_1:828796
thread_create-stack=2048,guard=1_time_2:136631

thread_create-stack=2048,guard=1_mean:954949
thread_create-stack=2048,guard=1_time_1:816740
thread_create-stack=2048,guard=1_time_2:138014

thread_create-stack=2048,guard=1_mean:975266
thread_create-stack=2048,guard=1_time_1:833341
thread_create-stack=2048,guard=1_time_2:141697

thread_create-stack=2048,guard=1_mean:975230
thread_create-stack=2048,guard=1_time_1:832449
thread_create-stack=2048,guard=1_time_2:142580

thread_create-stack=2048,guard=1_mean:995964
thread_create-stack=2048,guard=1_time_1:825798
thread_create-stack=2048,guard=1_time_2:169935

thread_create-stack=2048,guard=1_mean:975367
thread_create-stack=2048,guard=1_time_1:838001
thread_create-stack=2048,guard=1_time_2:137187

thread_create-stack=2048,guard=1_mean:939933
thread_create-stack=2048,guard=1_time_1:806050
thread_create-stack=2048,guard=1_time_2:133643

thread_create-stack=2048,guard=1_mean:981984
thread_create-stack=2048,guard=1_time_1:842494
thread_create-stack=2048,guard=1_time_2:139283

thread_create-stack=2048,guard=1_mean:955110
thread_create-stack=2048,guard=1_time_1:819287
thread_create-stack=2048,guard=1_time_2:135624

thread_create-stack=2048,guard=1_mean:966091
thread_create-stack=2048,guard=1_time_1:829140
thread_create-stack=2048,guard=1_time_2:136774

thread_create-stack=2048,guard=1_mean:982781
thread_create-stack=2048,guard=1_time_1:837622
thread_create-stack=2048,guard=1_time_2:144957

thread_create-stack=2048,guard=1_mean:1361600.0
thread_create-stack=2048,guard=1_time_1:1202090.0
thread_create-stack=2048,guard=1_time_2:159197

thread_create-stack=2048,guard=1_mean:994153
thread_create-stack=2048,guard=1_time_1:851035
thread_create-stack=2048,guard=1_time_2:142910

thread_create-stack=2048,guard=1_mean:990956
thread_create-stack=2048,guard=1_time_1:829917
thread_create-stack=2048,guard=1_time_2:160823

thread_create-stack=2048,guard=1_mean:975953
thread_create-stack=2048,guard=1_time_1:836734
thread_create-stack=2048,guard=1_time_2:139023

thread_create-stack=2048,guard=1_mean:1374270.0
thread_create-stack=2048,guard=1_time_1:1224650.0
thread_create-stack=2048,guard=1_time_2:149277

thread_create-stack=2048,guard=1_mean:985557
thread_create-stack=2048,guard=1_time_1:846472
thread_create-stack=2048,guard=1_time_2:138905

thread_create-stack=2048,guard=1_mean:963461
thread_create-stack=2048,guard=1_time_1:825555
thread_create-stack=2048,guard=1_time_2:137697

thread_create-stack=2048,guard=1_mean:947640
thread_create-stack=2048,guard=1_time_1:810411
thread_create-stack=2048,guard=1_time_2:137016

