=== case: bench-thread_create_m
thread_create-stack=2048,guard=1_mean:105640
thread_create-stack=2048,guard=1_time_1:90584.4
thread_create-stack=2048,guard=1_time_2:14997.1

thread_create-stack=2048,guard=1_mean:110686
thread_create-stack=2048,guard=1_time_1:94614.6
thread_create-stack=2048,guard=1_time_2:16014.5

thread_create-stack=2048,guard=1_mean:99782.8
thread_create-stack=2048,guard=1_time_1:86360.4
thread_create-stack=2048,guard=1_time_2:13365

thread_create-stack=2048,guard=1_mean:102039
thread_create-stack=2048,guard=1_time_1:86731.8
thread_create-stack=2048,guard=1_time_2:15250.6

thread_create-stack=2048,guard=1_mean:102155
thread_create-stack=2048,guard=1_time_1:86686.3
thread_create-stack=2048,guard=1_time_2:15396

thread_create-stack=2048,guard=1_mean:102350
thread_create-stack=2048,guard=1_time_1:87694.9
thread_create-stack=2048,guard=1_time_2:14593.9

thread_create-stack=2048,guard=1_mean:103090
thread_create-stack=2048,guard=1_time_1:87443.9
thread_create-stack=2048,guard=1_time_2:15589.3

thread_create-stack=2048,guard=1_mean:103014
thread_create-stack=2048,guard=1_time_1:87475.8
thread_create-stack=2048,guard=1_time_2:15479.6

thread_create-stack=2048,guard=1_mean:105933
thread_create-stack=2048,guard=1_time_1:90915.7
thread_create-stack=2048,guard=1_time_2:14955.8

thread_create-stack=2048,guard=1_mean:101384
thread_create-stack=2048,guard=1_time_1:86467.7
thread_create-stack=2048,guard=1_time_2:14859.9

thread_create-stack=2048,guard=1_mean:103424
thread_create-stack=2048,guard=1_time_1:88095
thread_create-stack=2048,guard=1_time_2:15271.3

thread_create-stack=2048,guard=1_mean:104427
thread_create-stack=2048,guard=1_time_1:89256.6
thread_create-stack=2048,guard=1_time_2:15112.3

thread_create-stack=2048,guard=1_mean:100217
thread_create-stack=2048,guard=1_time_1:84074.2
thread_create-stack=2048,guard=1_time_2:16086

thread_create-stack=2048,guard=1_mean:100116
thread_create-stack=2048,guard=1_time_1:85254.2
thread_create-stack=2048,guard=1_time_2:14804.9

thread_create-stack=2048,guard=1_mean:102596
thread_create-stack=2048,guard=1_time_1:87552.2
thread_create-stack=2048,guard=1_time_2:14983.7

thread_create-stack=2048,guard=1_mean:101073
thread_create-stack=2048,guard=1_time_1:86155.4
thread_create-stack=2048,guard=1_time_2:14858.1

thread_create-stack=2048,guard=1_mean:103132
thread_create-stack=2048,guard=1_time_1:86367.3
thread_create-stack=2048,guard=1_time_2:16704.2

thread_create-stack=2048,guard=1_mean:102151
thread_create-stack=2048,guard=1_time_1:87840.2
thread_create-stack=2048,guard=1_time_2:14253.7

thread_create-stack=2048,guard=1_mean:100518
thread_create-stack=2048,guard=1_time_1:86506.1
thread_create-stack=2048,guard=1_time_2:13953.2

thread_create-stack=2048,guard=1_mean:103598
thread_create-stack=2048,guard=1_time_1:87980
thread_create-stack=2048,guard=1_time_2:15561.4

=== case: bench-thread_create_m
thread_create-stack=2048,guard=1_mean:241236
thread_create-stack=2048,guard=1_time_1:202543
thread_create-stack=2048,guard=1_time_2:38599.6

thread_create-stack=2048,guard=1_mean:228768
thread_create-stack=2048,guard=1_time_1:192128
thread_create-stack=2048,guard=1_time_2:36537

thread_create-stack=2048,guard=1_mean:225566
thread_create-stack=2048,guard=1_time_1:190161
thread_create-stack=2048,guard=1_time_2:35308.5

thread_create-stack=2048,guard=1_mean:233928
thread_create-stack=2048,guard=1_time_1:196313
thread_create-stack=2048,guard=1_time_2:37524.6

thread_create-stack=2048,guard=1_mean:238258
thread_create-stack=2048,guard=1_time_1:200843
thread_create-stack=2048,guard=1_time_2:37301.7

thread_create-stack=2048,guard=1_mean:231560
thread_create-stack=2048,guard=1_time_1:194483
thread_create-stack=2048,guard=1_time_2:36971.1

thread_create-stack=2048,guard=1_mean:220332
thread_create-stack=2048,guard=1_time_1:184791
thread_create-stack=2048,guard=1_time_2:35446

thread_create-stack=2048,guard=1_mean:227482
thread_create-stack=2048,guard=1_time_1:192624
thread_create-stack=2048,guard=1_time_2:34742.4

thread_create-stack=2048,guard=1_mean:234485
thread_create-stack=2048,guard=1_time_1:198508
thread_create-stack=2048,guard=1_time_2:35877.4

thread_create-stack=2048,guard=1_mean:227098
thread_create-stack=2048,guard=1_time_1:191157
thread_create-stack=2048,guard=1_time_2:35839.6

thread_create-stack=2048,guard=1_mean:227922
thread_create-stack=2048,guard=1_time_1:193527
thread_create-stack=2048,guard=1_time_2:34284.9

thread_create-stack=2048,guard=1_mean:238083
thread_create-stack=2048,guard=1_time_1:199127
thread_create-stack=2048,guard=1_time_2:38835.5

thread_create-stack=2048,guard=1_mean:232838
thread_create-stack=2048,guard=1_time_1:196776
thread_create-stack=2048,guard=1_time_2:35967.6

thread_create-stack=2048,guard=1_mean:234476
thread_create-stack=2048,guard=1_time_1:197190
thread_create-stack=2048,guard=1_time_2:37174

thread_create-stack=2048,guard=1_mean:233358
thread_create-stack=2048,guard=1_time_1:195792
thread_create-stack=2048,guard=1_time_2:37459

thread_create-stack=2048,guard=1_mean:345917
thread_create-stack=2048,guard=1_time_1:300866
thread_create-stack=2048,guard=1_time_2:44886.5

thread_create-stack=2048,guard=1_mean:234996
thread_create-stack=2048,guard=1_time_1:198045
thread_create-stack=2048,guard=1_time_2:36849.2

thread_create-stack=2048,guard=1_mean:231264
thread_create-stack=2048,guard=1_time_1:195263
thread_create-stack=2048,guard=1_time_2:35899.5

thread_create-stack=2048,guard=1_mean:232444
thread_create-stack=2048,guard=1_time_1:196194
thread_create-stack=2048,guard=1_time_2:36159.6

thread_create-stack=2048,guard=1_mean:229316
thread_create-stack=2048,guard=1_time_1:191941
thread_create-stack=2048,guard=1_time_2:37256.1

=== case: bench-thread_create_m
thread_create-stack=2048,guard=1_mean:367010
thread_create-stack=2048,guard=1_time_1:310409
thread_create-stack=2048,guard=1_time_2:56482.6

thread_create-stack=2048,guard=1_mean:360705
thread_create-stack=2048,guard=1_time_1:305610
thread_create-stack=2048,guard=1_time_2:54973.1

thread_create-stack=2048,guard=1_mean:366171
thread_create-stack=2048,guard=1_time_1:312727
thread_create-stack=2048,guard=1_time_2:53335.3

thread_create-stack=2048,guard=1_mean:356849
thread_create-stack=2048,guard=1_time_1:304023
thread_create-stack=2048,guard=1_time_2:52700.5

thread_create-stack=2048,guard=1_mean:363363
thread_create-stack=2048,guard=1_time_1:307993
thread_create-stack=2048,guard=1_time_2:55262.1

thread_create-stack=2048,guard=1_mean:360541
thread_create-stack=2048,guard=1_time_1:307696
thread_create-stack=2048,guard=1_time_2:52727.8

thread_create-stack=2048,guard=1_mean:363593
thread_create-stack=2048,guard=1_time_1:310038
thread_create-stack=2048,guard=1_time_2:53454.6

thread_create-stack=2048,guard=1_mean:366810
thread_create-stack=2048,guard=1_time_1:311777
thread_create-stack=2048,guard=1_time_2:54935.4

thread_create-stack=2048,guard=1_mean:360292
thread_create-stack=2048,guard=1_time_1:302724
thread_create-stack=2048,guard=1_time_2:57464.1

thread_create-stack=2048,guard=1_mean:353586
thread_create-stack=2048,guard=1_time_1:301426
thread_create-stack=2048,guard=1_time_2:52066.6

thread_create-stack=2048,guard=1_mean:348622
thread_create-stack=2048,guard=1_time_1:299065
thread_create-stack=2048,guard=1_time_2:49459.4

thread_create-stack=2048,guard=1_mean:369419
thread_create-stack=2048,guard=1_time_1:315010
thread_create-stack=2048,guard=1_time_2:54279.5

thread_create-stack=2048,guard=1_mean:361631
thread_create-stack=2048,guard=1_time_1:305113
thread_create-stack=2048,guard=1_time_2:56406.5

thread_create-stack=2048,guard=1_mean:357906
thread_create-stack=2048,guard=1_time_1:307400
thread_create-stack=2048,guard=1_time_2:50379.1

thread_create-stack=2048,guard=1_mean:360569
thread_create-stack=2048,guard=1_time_1:306271
thread_create-stack=2048,guard=1_time_2:54186.6

thread_create-stack=2048,guard=1_mean:353362
thread_create-stack=2048,guard=1_time_1:300965
thread_create-stack=2048,guard=1_time_2:52289.3

thread_create-stack=2048,guard=1_mean:356915
thread_create-stack=2048,guard=1_time_1:302054
thread_create-stack=2048,guard=1_time_2:54762.6

thread_create-stack=2048,guard=1_mean:362881
thread_create-stack=2048,guard=1_time_1:308533
thread_create-stack=2048,guard=1_time_2:54242.9

thread_create-stack=2048,guard=1_mean:361285
thread_create-stack=2048,guard=1_time_1:308030
thread_create-stack=2048,guard=1_time_2:53164.3

thread_create-stack=2048,guard=1_mean:364627
thread_create-stack=2048,guard=1_time_1:310390
thread_create-stack=2048,guard=1_time_2:54128.8

=== case: bench-thread_create_m
thread_create-stack=2048,guard=1_mean:482191
thread_create-stack=2048,guard=1_time_1:412791
thread_create-stack=2048,guard=1_time_2:69278.5

thread_create-stack=2048,guard=1_mean:490611
thread_create-stack=2048,guard=1_time_1:417673
thread_create-stack=2048,guard=1_time_2:72818

thread_create-stack=2048,guard=1_mean:975135
thread_create-stack=2048,guard=1_time_1:873946
thread_create-stack=2048,guard=1_time_2:100792

thread_create-stack=2048,guard=1_mean:493587
thread_create-stack=2048,guard=1_time_1:421257
thread_create-stack=2048,guard=1_time_2:72198.1

thread_create-stack=2048,guard=1_mean:487868
thread_create-stack=2048,guard=1_time_1:414457
thread_create-stack=2048,guard=1_time_2:73284.7

thread_create-stack=2048,guard=1_mean:495380
thread_create-stack=2048,guard=1_time_1:420597
thread_create-stack=2048,guard=1_time_2:74650.5

thread_create-stack=2048,guard=1_mean:501138
thread_create-stack=2048,guard=1_time_1:427273
thread_create-stack=2048,guard=1_time_2:73715.1

thread_create-stack=2048,guard=1_mean:480286
thread_create-stack=2048,guard=1_time_1:411850
thread_create-stack=2048,guard=1_time_2:68324.8

thread_create-stack=2048,guard=1_mean:497066
thread_create-stack=2048,guard=1_time_1:422863
thread_create-stack=2048,guard=1_time_2:74093.2

thread_create-stack=2048,guard=1_mean:499099
thread_create-stack=2048,guard=1_time_1:423394
thread_create-stack=2048,guard=1_time_2:75586.1

thread_create-stack=2048,guard=1_mean:503796
thread_create-stack=2048,guard=1_time_1:414492
thread_create-stack=2048,guard=1_time_2:89175.2

thread_create-stack=2048,guard=1_mean:485429
thread_create-stack=2048,guard=1_time_1:412643
thread_create-stack=2048,guard=1_time_2:72667

thread_create-stack=2048,guard=1_mean:480688
thread_create-stack=2048,guard=1_time_1:410821
thread_create-stack=2048,guard=1_time_2:69750.8

thread_create-stack=2048,guard=1_mean:490531
thread_create-stack=2048,guard=1_time_1:421070
thread_create-stack=2048,guard=1_time_2:69335.1

thread_create-stack=2048,guard=1_mean:504623
thread_create-stack=2048,guard=1_time_1:431048
thread_create-stack=2048,guard=1_time_2:73460.7

thread_create-stack=2048,guard=1_mean:488820
thread_create-stack=2048,guard=1_time_1:415928
thread_create-stack=2048,guard=1_time_2:72776.3

thread_create-stack=2048,guard=1_mean:476325
thread_create-stack=2048,guard=1_time_1:406975
thread_create-stack=2048,guard=1_time_2:69237.6

thread_create-stack=2048,guard=1_mean:486535
thread_create-stack=2048,guard=1_time_1:415050
thread_create-stack=2048,guard=1_time_2:71376.2

thread_create-stack=2048,guard=1_mean:478460
thread_create-stack=2048,guard=1_time_1:408018
thread_create-stack=2048,guard=1_time_2:70330.9

thread_create-stack=2048,guard=1_mean:472854
thread_create-stack=2048,guard=1_time_1:405049
thread_create-stack=2048,guard=1_time_2:67695.1

=== case: bench-thread_create_m
thread_create-stack=2048,guard=1_mean:631409
thread_create-stack=2048,guard=1_time_1:543106
thread_create-stack=2048,guard=1_time_2:88155.3

thread_create-stack=2048,guard=1_mean:605493
thread_create-stack=2048,guard=1_time_1:521962
thread_create-stack=2048,guard=1_time_2:83394.6

thread_create-stack=2048,guard=1_mean:619289
thread_create-stack=2048,guard=1_time_1:531139
thread_create-stack=2048,guard=1_time_2:87992.2

thread_create-stack=2048,guard=1_mean:622561
thread_create-stack=2048,guard=1_time_1:531561
thread_create-stack=2048,guard=1_time_2:90869.9

thread_create-stack=2048,guard=1_mean:615705
thread_create-stack=2048,guard=1_time_1:529377
thread_create-stack=2048,guard=1_time_2:86206.9

thread_create-stack=2048,guard=1_mean:608723
thread_create-stack=2048,guard=1_time_1:519734
thread_create-stack=2048,guard=1_time_2:88866.8

thread_create-stack=2048,guard=1_mean:620381
thread_create-stack=2048,guard=1_time_1:533891
thread_create-stack=2048,guard=1_time_2:86362.1

thread_create-stack=2048,guard=1_mean:609480
thread_create-stack=2048,guard=1_time_1:523603
thread_create-stack=2048,guard=1_time_2:85739.9

thread_create-stack=2048,guard=1_mean:614695
thread_create-stack=2048,guard=1_time_1:528330
thread_create-stack=2048,guard=1_time_2:86240.7

thread_create-stack=2048,guard=1_mean:604996
thread_create-stack=2048,guard=1_time_1:516711
thread_create-stack=2048,guard=1_time_2:88166.2

thread_create-stack=2048,guard=1_mean:617521
thread_create-stack=2048,guard=1_time_1:530876
thread_create-stack=2048,guard=1_time_2:86510.7

thread_create-stack=2048,guard=1_mean:622926
thread_create-stack=2048,guard=1_time_1:532912
thread_create-stack=2048,guard=1_time_2:89874.4

thread_create-stack=2048,guard=1_mean:600841
thread_create-stack=2048,guard=1_time_1:516043
thread_create-stack=2048,guard=1_time_2:84680.5

thread_create-stack=2048,guard=1_mean:616688
thread_create-stack=2048,guard=1_time_1:525826
thread_create-stack=2048,guard=1_time_2:90733.9

thread_create-stack=2048,guard=1_mean:608922
thread_create-stack=2048,guard=1_time_1:523982
thread_create-stack=2048,guard=1_time_2:84813.2

thread_create-stack=2048,guard=1_mean:619792
thread_create-stack=2048,guard=1_time_1:531825
thread_create-stack=2048,guard=1_time_2:87859.4

thread_create-stack=2048,guard=1_mean:629812
thread_create-stack=2048,guard=1_time_1:541913
thread_create-stack=2048,guard=1_time_2:87773.8

thread_create-stack=2048,guard=1_mean:605120
thread_create-stack=2048,guard=1_time_1:519966
thread_create-stack=2048,guard=1_time_2:85024.9

thread_create-stack=2048,guard=1_mean:631646
thread_create-stack=2048,guard=1_time_1:540966
thread_create-stack=2048,guard=1_time_2:90550.9

thread_create-stack=2048,guard=1_mean:616871
thread_create-stack=2048,guard=1_time_1:528820
thread_create-stack=2048,guard=1_time_2:87927.6

=== case: bench-thread_create_m
thread_create-stack=2048,guard=1_mean:739939
thread_create-stack=2048,guard=1_time_1:634866
thread_create-stack=2048,guard=1_time_2:104931

thread_create-stack=2048,guard=1_mean:725959
thread_create-stack=2048,guard=1_time_1:621582
thread_create-stack=2048,guard=1_time_2:104248

thread_create-stack=2048,guard=1_mean:724171
thread_create-stack=2048,guard=1_time_1:622819
thread_create-stack=2048,guard=1_time_2:101216

thread_create-stack=2048,guard=1_mean:739839
thread_create-stack=2048,guard=1_time_1:635300
thread_create-stack=2048,guard=1_time_2:104409

thread_create-stack=2048,guard=1_mean:1198050.0
thread_create-stack=2048,guard=1_time_1:1070610.0
thread_create-stack=2048,guard=1_time_2:127149

thread_create-stack=2048,guard=1_mean:739726
thread_create-stack=2048,guard=1_time_1:637220
thread_create-stack=2048,guard=1_time_2:102380

thread_create-stack=2048,guard=1_mean:734245
thread_create-stack=2048,guard=1_time_1:631792
thread_create-stack=2048,guard=1_time_2:102305

thread_create-stack=2048,guard=1_mean:757723
thread_create-stack=2048,guard=1_time_1:652719
thread_create-stack=2048,guard=1_time_2:104861

thread_create-stack=2048,guard=1_mean:731873
thread_create-stack=2048,guard=1_time_1:628280
thread_create-stack=2048,guard=1_time_2:103458

thread_create-stack=2048,guard=1_mean:727802
thread_create-stack=2048,guard=1_time_1:626910
thread_create-stack=2048,guard=1_time_2:100759

thread_create-stack=2048,guard=1_mean:715676
thread_create-stack=2048,guard=1_time_1:615398
thread_create-stack=2048,guard=1_time_2:100146

thread_create-stack=2048,guard=1_mean:715236
thread_create-stack=2048,guard=1_time_1:616809
thread_create-stack=2048,guard=1_time_2:98254.1

thread_create-stack=2048,guard=1_mean:726328
thread_create-stack=2048,guard=1_time_1:625287
thread_create-stack=2048,guard=1_time_2:100892

thread_create-stack=2048,guard=1_mean:725780
thread_create-stack=2048,guard=1_time_1:624313
thread_create-stack=2048,guard=1_time_2:101325

thread_create-stack=2048,guard=1_mean:738333
thread_create-stack=2048,guard=1_time_1:636284
thread_create-stack=2048,guard=1_time_2:101918

thread_create-stack=2048,guard=1_mean:985126
thread_create-stack=2048,guard=1_time_1:627288
thread_create-stack=2048,guard=1_time_2:357696

thread_create-stack=2048,guard=1_mean:736088
thread_create-stack=2048,guard=1_time_1:632582
thread_create-stack=2048,guard=1_time_2:103381

thread_create-stack=2048,guard=1_mean:753106
thread_create-stack=2048,guard=1_time_1:644810
thread_create-stack=2048,guard=1_time_2:108148

thread_create-stack=2048,guard=1_mean:756900
thread_create-stack=2048,guard=1_time_1:651133
thread_create-stack=2048,guard=1_time_2:105632

thread_create-stack=2048,guard=1_mean:728999
thread_create-stack=2048,guard=1_time_1:622087
thread_create-stack=2048,guard=1_time_2:106754

=== case: bench-thread_create_m
thread_create-stack=2048,guard=1_mean:877562
thread_create-stack=2048,guard=1_time_1:757519
thread_create-stack=2048,guard=1_time_2:119867

thread_create-stack=2048,guard=1_mean:863750
thread_create-stack=2048,guard=1_time_1:740911
thread_create-stack=2048,guard=1_time_2:122648

thread_create-stack=2048,guard=1_mean:1327800.0
thread_create-stack=2048,guard=1_time_1:1186720.0
thread_create-stack=2048,guard=1_time_2:140758

thread_create-stack=2048,guard=1_mean:858866
thread_create-stack=2048,guard=1_time_1:741242
thread_create-stack=2048,guard=1_time_2:117450

thread_create-stack=2048,guard=1_mean:867021
thread_create-stack=2048,guard=1_time_1:740411
thread_create-stack=2048,guard=1_time_2:126439

thread_create-stack=2048,guard=1_mean:887000
thread_create-stack=2048,guard=1_time_1:763976
thread_create-stack=2048,guard=1_time_2:122855

thread_create-stack=2048,guard=1_mean:863233
thread_create-stack=2048,guard=1_time_1:741124
thread_create-stack=2048,guard=1_time_2:121937

thread_create-stack=2048,guard=1_mean:875273
thread_create-stack=2048,guard=1_time_1:756874
thread_create-stack=2048,guard=1_time_2:118253

thread_create-stack=2048,guard=1_mean:883976
thread_create-stack=2048,guard=1_time_1:759673
thread_create-stack=2048,guard=1_time_2:124137

thread_create-stack=2048,guard=1_mean:863439
thread_create-stack=2048,guard=1_time_1:743194
thread_create-stack=2048,guard=1_time_2:120043

thread_create-stack=2048,guard=1_mean:881308
thread_create-stack=2048,guard=1_time_1:761020
thread_create-stack=2048,guard=1_time_2:120117

thread_create-stack=2048,guard=1_mean:885522
thread_create-stack=2048,guard=1_time_1:762792
thread_create-stack=2048,guard=1_time_2:122582

thread_create-stack=2048,guard=1_mean:1357410.0
thread_create-stack=2048,guard=1_time_1:1210950.0
thread_create-stack=2048,guard=1_time_2:146168

thread_create-stack=2048,guard=1_mean:888710
thread_create-stack=2048,guard=1_time_1:764607
thread_create-stack=2048,guard=1_time_2:123937

thread_create-stack=2048,guard=1_mean:862165
thread_create-stack=2048,guard=1_time_1:740092
thread_create-stack=2048,guard=1_time_2:121890

thread_create-stack=2048,guard=1_mean:857668
thread_create-stack=2048,guard=1_time_1:737644
thread_create-stack=2048,guard=1_time_2:119882

thread_create-stack=2048,guard=1_mean:885440
thread_create-stack=2048,guard=1_time_1:763870
thread_create-stack=2048,guard=1_time_2:121380

thread_create-stack=2048,guard=1_mean:863790
thread_create-stack=2048,guard=1_time_1:745277
thread_create-stack=2048,guard=1_time_2:118375

thread_create-stack=2048,guard=1_mean:869710
thread_create-stack=2048,guard=1_time_1:745277
thread_create-stack=2048,guard=1_time_2:124292

thread_create-stack=2048,guard=1_mean:1335560.0
thread_create-stack=2048,guard=1_time_1:1194290.0
thread_create-stack=2048,guard=1_time_2:140920

=== case: bench-thread_create_m
thread_create-stack=2048,guard=1_mean:1036600.0
thread_create-stack=2048,guard=1_time_1:865186
thread_create-stack=2048,guard=1_time_2:171188

thread_create-stack=2048,guard=1_mean:987088
thread_create-stack=2048,guard=1_time_1:852566
thread_create-stack=2048,guard=1_time_2:134325

thread_create-stack=2048,guard=1_mean:1006580.0
thread_create-stack=2048,guard=1_time_1:867341
thread_create-stack=2048,guard=1_time_2:139058

thread_create-stack=2048,guard=1_mean:1445280.0
thread_create-stack=2048,guard=1_time_1:1289020.0
thread_create-stack=2048,guard=1_time_2:155858

thread_create-stack=2048,guard=1_mean:1032600.0
thread_create-stack=2048,guard=1_time_1:890546
thread_create-stack=2048,guard=1_time_2:141879

thread_create-stack=2048,guard=1_mean:985072
thread_create-stack=2048,guard=1_time_1:844011
thread_create-stack=2048,guard=1_time_2:140880

thread_create-stack=2048,guard=1_mean:994328
thread_create-stack=2048,guard=1_time_1:856478
thread_create-stack=2048,guard=1_time_2:137660

thread_create-stack=2048,guard=1_mean:974245
thread_create-stack=2048,guard=1_time_1:841266
thread_create-stack=2048,guard=1_time_2:132799

thread_create-stack=2048,guard=1_mean:1007360.0
thread_create-stack=2048,guard=1_time_1:869099
thread_create-stack=2048,guard=1_time_2:138066

thread_create-stack=2048,guard=1_mean:1019060.0
thread_create-stack=2048,guard=1_time_1:869385
thread_create-stack=2048,guard=1_time_2:149497

thread_create-stack=2048,guard=1_mean:1035740.0
thread_create-stack=2048,guard=1_time_1:887262
thread_create-stack=2048,guard=1_time_2:148299

thread_create-stack=2048,guard=1_mean:998558
thread_create-stack=2048,guard=1_time_1:858062
thread_create-stack=2048,guard=1_time_2:140299

thread_create-stack=2048,guard=1_mean:1007430.0
thread_create-stack=2048,guard=1_time_1:869452
thread_create-stack=2048,guard=1_time_2:137797

thread_create-stack=2048,guard=1_mean:1013840.0
thread_create-stack=2048,guard=1_time_1:871558
thread_create-stack=2048,guard=1_time_2:142101

thread_create-stack=2048,guard=1_mean:1018110.0
thread_create-stack=2048,guard=1_time_1:877703
thread_create-stack=2048,guard=1_time_2:140212

thread_create-stack=2048,guard=1_mean:987614
thread_create-stack=2048,guard=1_time_1:848732
thread_create-stack=2048,guard=1_time_2:138670

thread_create-stack=2048,guard=1_mean:1020650.0
thread_create-stack=2048,guard=1_time_1:877853
thread_create-stack=2048,guard=1_time_2:142623

thread_create-stack=2048,guard=1_mean:972853
thread_create-stack=2048,guard=1_time_1:834606
thread_create-stack=2048,guard=1_time_2:138037

thread_create-stack=2048,guard=1_mean:984443
thread_create-stack=2048,guard=1_time_1:843702
thread_create-stack=2048,guard=1_time_2:140564

thread_create-stack=2048,guard=1_mean:1008050.0
thread_create-stack=2048,guard=1_time_1:869611
thread_create-stack=2048,guard=1_time_2:138274

