=== case: bench-thread_create_m
thread_create-stack=2048,guard=1_mean:949314
thread_create-stack=2048,guard=1_time_1:413955
thread_create-stack=2048,guard=1_time_2:535040

thread_create-stack=2048,guard=1_mean:951189
thread_create-stack=2048,guard=1_time_1:410020
thread_create-stack=2048,guard=1_time_2:540889

thread_create-stack=2048,guard=1_mean:957098
thread_create-stack=2048,guard=1_time_1:416301
thread_create-stack=2048,guard=1_time_2:540539

thread_create-stack=2048,guard=1_mean:967806
thread_create-stack=2048,guard=1_time_1:416179
thread_create-stack=2048,guard=1_time_2:551352

thread_create-stack=2048,guard=1_mean:965183
thread_create-stack=2048,guard=1_time_1:415175
thread_create-stack=2048,guard=1_time_2:549716

thread_create-stack=2048,guard=1_mean:952036
thread_create-stack=2048,guard=1_time_1:411007
thread_create-stack=2048,guard=1_time_2:540759

thread_create-stack=2048,guard=1_mean:957317
thread_create-stack=2048,guard=1_time_1:416958
thread_create-stack=2048,guard=1_time_2:540128

thread_create-stack=2048,guard=1_mean:952957
thread_create-stack=2048,guard=1_time_1:410564
thread_create-stack=2048,guard=1_time_2:542094

thread_create-stack=2048,guard=1_mean:941546
thread_create-stack=2048,guard=1_time_1:409046
thread_create-stack=2048,guard=1_time_2:532231

thread_create-stack=2048,guard=1_mean:942547
thread_create-stack=2048,guard=1_time_1:408397
thread_create-stack=2048,guard=1_time_2:533927

thread_create-stack=2048,guard=1_mean:956623
thread_create-stack=2048,guard=1_time_1:412199
thread_create-stack=2048,guard=1_time_2:544123

thread_create-stack=2048,guard=1_mean:945275
thread_create-stack=2048,guard=1_time_1:408496
thread_create-stack=2048,guard=1_time_2:536497

thread_create-stack=2048,guard=1_mean:954110
thread_create-stack=2048,guard=1_time_1:413148
thread_create-stack=2048,guard=1_time_2:540670

thread_create-stack=2048,guard=1_mean:952072
thread_create-stack=2048,guard=1_time_1:413303
thread_create-stack=2048,guard=1_time_2:538462

thread_create-stack=2048,guard=1_mean:926811
thread_create-stack=2048,guard=1_time_1:402813
thread_create-stack=2048,guard=1_time_2:523725

thread_create-stack=2048,guard=1_mean:943492
thread_create-stack=2048,guard=1_time_1:409952
thread_create-stack=2048,guard=1_time_2:533284

thread_create-stack=2048,guard=1_mean:936405
thread_create-stack=2048,guard=1_time_1:404241
thread_create-stack=2048,guard=1_time_2:531883

thread_create-stack=2048,guard=1_mean:950493
thread_create-stack=2048,guard=1_time_1:410291
thread_create-stack=2048,guard=1_time_2:539942

thread_create-stack=2048,guard=1_mean:945918
thread_create-stack=2048,guard=1_time_1:411402
thread_create-stack=2048,guard=1_time_2:534252

thread_create-stack=2048,guard=1_mean:955213
thread_create-stack=2048,guard=1_time_1:410281
thread_create-stack=2048,guard=1_time_2:544648

=== case: bench-thread_create_m
thread_create-stack=2048,guard=1_mean:964976
thread_create-stack=2048,guard=1_time_1:417690
thread_create-stack=2048,guard=1_time_2:547059

thread_create-stack=2048,guard=1_mean:973161
thread_create-stack=2048,guard=1_time_1:421670
thread_create-stack=2048,guard=1_time_2:551260

thread_create-stack=2048,guard=1_mean:968872
thread_create-stack=2048,guard=1_time_1:418368
thread_create-stack=2048,guard=1_time_2:550182

thread_create-stack=2048,guard=1_mean:1562930.0
thread_create-stack=2048,guard=1_time_1:619566
thread_create-stack=2048,guard=1_time_2:942987

thread_create-stack=2048,guard=1_mean:972558
thread_create-stack=2048,guard=1_time_1:420214
thread_create-stack=2048,guard=1_time_2:552039

thread_create-stack=2048,guard=1_mean:977499
thread_create-stack=2048,guard=1_time_1:422914
thread_create-stack=2048,guard=1_time_2:554353

thread_create-stack=2048,guard=1_mean:978577
thread_create-stack=2048,guard=1_time_1:427147
thread_create-stack=2048,guard=1_time_2:551148

thread_create-stack=2048,guard=1_mean:973663
thread_create-stack=2048,guard=1_time_1:419873
thread_create-stack=2048,guard=1_time_2:553498

thread_create-stack=2048,guard=1_mean:1581230.0
thread_create-stack=2048,guard=1_time_1:625016
thread_create-stack=2048,guard=1_time_2:955809

thread_create-stack=2048,guard=1_mean:1143320.0
thread_create-stack=2048,guard=1_time_1:414138
thread_create-stack=2048,guard=1_time_2:728920

thread_create-stack=2048,guard=1_mean:959569
thread_create-stack=2048,guard=1_time_1:415248
thread_create-stack=2048,guard=1_time_2:544062

thread_create-stack=2048,guard=1_mean:960996
thread_create-stack=2048,guard=1_time_1:413229
thread_create-stack=2048,guard=1_time_2:547518

thread_create-stack=2048,guard=1_mean:974111
thread_create-stack=2048,guard=1_time_1:420561
thread_create-stack=2048,guard=1_time_2:553332

thread_create-stack=2048,guard=1_mean:1628310.0
thread_create-stack=2048,guard=1_time_1:605754
thread_create-stack=2048,guard=1_time_2:1022150.0

thread_create-stack=2048,guard=1_mean:951153
thread_create-stack=2048,guard=1_time_1:415084
thread_create-stack=2048,guard=1_time_2:535820

thread_create-stack=2048,guard=1_mean:945412
thread_create-stack=2048,guard=1_time_1:412519
thread_create-stack=2048,guard=1_time_2:532654

thread_create-stack=2048,guard=1_mean:960039
thread_create-stack=2048,guard=1_time_1:415650
thread_create-stack=2048,guard=1_time_2:544142

thread_create-stack=2048,guard=1_mean:954750
thread_create-stack=2048,guard=1_time_1:412579
thread_create-stack=2048,guard=1_time_2:541935

thread_create-stack=2048,guard=1_mean:946533
thread_create-stack=2048,guard=1_time_1:414432
thread_create-stack=2048,guard=1_time_2:531843

thread_create-stack=2048,guard=1_mean:1380960.0
thread_create-stack=2048,guard=1_time_1:512110
thread_create-stack=2048,guard=1_time_2:868481

=== case: bench-thread_create_m
thread_create-stack=2048,guard=1_mean:982019
thread_create-stack=2048,guard=1_time_1:421370
thread_create-stack=2048,guard=1_time_2:560420

thread_create-stack=2048,guard=1_mean:948222
thread_create-stack=2048,guard=1_time_1:411411
thread_create-stack=2048,guard=1_time_2:536476

thread_create-stack=2048,guard=1_mean:955015
thread_create-stack=2048,guard=1_time_1:411597
thread_create-stack=2048,guard=1_time_2:543174

thread_create-stack=2048,guard=1_mean:1608200.0
thread_create-stack=2048,guard=1_time_1:604863
thread_create-stack=2048,guard=1_time_2:1002940.0

thread_create-stack=2048,guard=1_mean:954467
thread_create-stack=2048,guard=1_time_1:415053
thread_create-stack=2048,guard=1_time_2:539146

thread_create-stack=2048,guard=1_mean:960104
thread_create-stack=2048,guard=1_time_1:410023
thread_create-stack=2048,guard=1_time_2:549840

thread_create-stack=2048,guard=1_mean:974680
thread_create-stack=2048,guard=1_time_1:418769
thread_create-stack=2048,guard=1_time_2:555665

thread_create-stack=2048,guard=1_mean:961372
thread_create-stack=2048,guard=1_time_1:417124
thread_create-stack=2048,guard=1_time_2:544019

thread_create-stack=2048,guard=1_mean:971102
thread_create-stack=2048,guard=1_time_1:421128
thread_create-stack=2048,guard=1_time_2:549727

thread_create-stack=2048,guard=1_mean:1529660.0
thread_create-stack=2048,guard=1_time_1:611029
thread_create-stack=2048,guard=1_time_2:918253

thread_create-stack=2048,guard=1_mean:964735
thread_create-stack=2048,guard=1_time_1:413414
thread_create-stack=2048,guard=1_time_2:551000

thread_create-stack=2048,guard=1_mean:959996
thread_create-stack=2048,guard=1_time_1:415667
thread_create-stack=2048,guard=1_time_2:544090

thread_create-stack=2048,guard=1_mean:968208
thread_create-stack=2048,guard=1_time_1:415472
thread_create-stack=2048,guard=1_time_2:552468

thread_create-stack=2048,guard=1_mean:961959
thread_create-stack=2048,guard=1_time_1:418236
thread_create-stack=2048,guard=1_time_2:543490

thread_create-stack=2048,guard=1_mean:962111
thread_create-stack=2048,guard=1_time_1:415584
thread_create-stack=2048,guard=1_time_2:546247

thread_create-stack=2048,guard=1_mean:954104
thread_create-stack=2048,guard=1_time_1:413248
thread_create-stack=2048,guard=1_time_2:540598

thread_create-stack=2048,guard=1_mean:955924
thread_create-stack=2048,guard=1_time_1:414415
thread_create-stack=2048,guard=1_time_2:541286

thread_create-stack=2048,guard=1_mean:959041
thread_create-stack=2048,guard=1_time_1:416535
thread_create-stack=2048,guard=1_time_2:542281

thread_create-stack=2048,guard=1_mean:1205710.0
thread_create-stack=2048,guard=1_time_1:584935
thread_create-stack=2048,guard=1_time_2:620396

thread_create-stack=2048,guard=1_mean:963256
thread_create-stack=2048,guard=1_time_1:416140
thread_create-stack=2048,guard=1_time_2:546895

=== case: bench-thread_create_m
thread_create-stack=2048,guard=1_mean:1112220.0
thread_create-stack=2048,guard=1_time_1:414826
thread_create-stack=2048,guard=1_time_2:697141

thread_create-stack=2048,guard=1_mean:944564
thread_create-stack=2048,guard=1_time_1:411189
thread_create-stack=2048,guard=1_time_2:533122

thread_create-stack=2048,guard=1_mean:964914
thread_create-stack=2048,guard=1_time_1:415271
thread_create-stack=2048,guard=1_time_2:549393

thread_create-stack=2048,guard=1_mean:950323
thread_create-stack=2048,guard=1_time_1:408957
thread_create-stack=2048,guard=1_time_2:541110

thread_create-stack=2048,guard=1_mean:952942
thread_create-stack=2048,guard=1_time_1:410211
thread_create-stack=2048,guard=1_time_2:542487

thread_create-stack=2048,guard=1_mean:941270
thread_create-stack=2048,guard=1_time_1:409206
thread_create-stack=2048,guard=1_time_2:531838

thread_create-stack=2048,guard=1_mean:944948
thread_create-stack=2048,guard=1_time_1:406877
thread_create-stack=2048,guard=1_time_2:537838

thread_create-stack=2048,guard=1_mean:966371
thread_create-stack=2048,guard=1_time_1:416918
thread_create-stack=2048,guard=1_time_2:549180

thread_create-stack=2048,guard=1_mean:948723
thread_create-stack=2048,guard=1_time_1:411626
thread_create-stack=2048,guard=1_time_2:536846

thread_create-stack=2048,guard=1_mean:941192
thread_create-stack=2048,guard=1_time_1:409172
thread_create-stack=2048,guard=1_time_2:531791

thread_create-stack=2048,guard=1_mean:949335
thread_create-stack=2048,guard=1_time_1:413867
thread_create-stack=2048,guard=1_time_2:535249

thread_create-stack=2048,guard=1_mean:945970
thread_create-stack=2048,guard=1_time_1:407567
thread_create-stack=2048,guard=1_time_2:538159

thread_create-stack=2048,guard=1_mean:954244
thread_create-stack=2048,guard=1_time_1:413021
thread_create-stack=2048,guard=1_time_2:540985

thread_create-stack=2048,guard=1_mean:956712
thread_create-stack=2048,guard=1_time_1:411920
thread_create-stack=2048,guard=1_time_2:544563

thread_create-stack=2048,guard=1_mean:960237
thread_create-stack=2048,guard=1_time_1:419473
thread_create-stack=2048,guard=1_time_2:540481

thread_create-stack=2048,guard=1_mean:966085
thread_create-stack=2048,guard=1_time_1:420967
thread_create-stack=2048,guard=1_time_2:544898

thread_create-stack=2048,guard=1_mean:970304
thread_create-stack=2048,guard=1_time_1:417189
thread_create-stack=2048,guard=1_time_2:552859

thread_create-stack=2048,guard=1_mean:969990
thread_create-stack=2048,guard=1_time_1:418666
thread_create-stack=2048,guard=1_time_2:551089

thread_create-stack=2048,guard=1_mean:961912
thread_create-stack=2048,guard=1_time_1:416083
thread_create-stack=2048,guard=1_time_2:545588

thread_create-stack=2048,guard=1_mean:942950
thread_create-stack=2048,guard=1_time_1:408152
thread_create-stack=2048,guard=1_time_2:534559

=== case: bench-thread_create_m
thread_create-stack=2048,guard=1_mean:940693
thread_create-stack=2048,guard=1_time_1:409247
thread_create-stack=2048,guard=1_time_2:531214

thread_create-stack=2048,guard=1_mean:957541
thread_create-stack=2048,guard=1_time_1:413671
thread_create-stack=2048,guard=1_time_2:543647

thread_create-stack=2048,guard=1_mean:956083
thread_create-stack=2048,guard=1_time_1:411186
thread_create-stack=2048,guard=1_time_2:544643

thread_create-stack=2048,guard=1_mean:952441
thread_create-stack=2048,guard=1_time_1:411967
thread_create-stack=2048,guard=1_time_2:540224

thread_create-stack=2048,guard=1_mean:958002
thread_create-stack=2048,guard=1_time_1:412803
thread_create-stack=2048,guard=1_time_2:544964

thread_create-stack=2048,guard=1_mean:980721
thread_create-stack=2048,guard=1_time_1:411183
thread_create-stack=2048,guard=1_time_2:569291

thread_create-stack=2048,guard=1_mean:952919
thread_create-stack=2048,guard=1_time_1:411327
thread_create-stack=2048,guard=1_time_2:541344

thread_create-stack=2048,guard=1_mean:948153
thread_create-stack=2048,guard=1_time_1:409476
thread_create-stack=2048,guard=1_time_2:538429

thread_create-stack=2048,guard=1_mean:947136
thread_create-stack=2048,guard=1_time_1:412739
thread_create-stack=2048,guard=1_time_2:534152

thread_create-stack=2048,guard=1_mean:949336
thread_create-stack=2048,guard=1_time_1:412096
thread_create-stack=2048,guard=1_time_2:536951

thread_create-stack=2048,guard=1_mean:942210
thread_create-stack=2048,guard=1_time_1:409842
thread_create-stack=2048,guard=1_time_2:532107

thread_create-stack=2048,guard=1_mean:962125
thread_create-stack=2048,guard=1_time_1:415342
thread_create-stack=2048,guard=1_time_2:546516

thread_create-stack=2048,guard=1_mean:961238
thread_create-stack=2048,guard=1_time_1:412793
thread_create-stack=2048,guard=1_time_2:548166

thread_create-stack=2048,guard=1_mean:950339
thread_create-stack=2048,guard=1_time_1:409140
thread_create-stack=2048,guard=1_time_2:540932

thread_create-stack=2048,guard=1_mean:966173
thread_create-stack=2048,guard=1_time_1:416322
thread_create-stack=2048,guard=1_time_2:549614

thread_create-stack=2048,guard=1_mean:961794
thread_create-stack=2048,guard=1_time_1:413988
thread_create-stack=2048,guard=1_time_2:547564

thread_create-stack=2048,guard=1_mean:946349
thread_create-stack=2048,guard=1_time_1:409468
thread_create-stack=2048,guard=1_time_2:536643

thread_create-stack=2048,guard=1_mean:949267
thread_create-stack=2048,guard=1_time_1:409418
thread_create-stack=2048,guard=1_time_2:539596

thread_create-stack=2048,guard=1_mean:949831
thread_create-stack=2048,guard=1_time_1:409698
thread_create-stack=2048,guard=1_time_2:539895

thread_create-stack=2048,guard=1_mean:952400
thread_create-stack=2048,guard=1_time_1:414544
thread_create-stack=2048,guard=1_time_2:537603

=== case: bench-thread_create_m
thread_create-stack=2048,guard=1_mean:941850
thread_create-stack=2048,guard=1_time_1:409855
thread_create-stack=2048,guard=1_time_2:531734

thread_create-stack=2048,guard=1_mean:942548
thread_create-stack=2048,guard=1_time_1:410290
thread_create-stack=2048,guard=1_time_2:532022

thread_create-stack=2048,guard=1_mean:957758
thread_create-stack=2048,guard=1_time_1:417028
thread_create-stack=2048,guard=1_time_2:540514

thread_create-stack=2048,guard=1_mean:958403
thread_create-stack=2048,guard=1_time_1:412492
thread_create-stack=2048,guard=1_time_2:545683

thread_create-stack=2048,guard=1_mean:959273
thread_create-stack=2048,guard=1_time_1:410457
thread_create-stack=2048,guard=1_time_2:548576

thread_create-stack=2048,guard=1_mean:951754
thread_create-stack=2048,guard=1_time_1:411063
thread_create-stack=2048,guard=1_time_2:540448

thread_create-stack=2048,guard=1_mean:962197
thread_create-stack=2048,guard=1_time_1:415732
thread_create-stack=2048,guard=1_time_2:546181

thread_create-stack=2048,guard=1_mean:935021
thread_create-stack=2048,guard=1_time_1:408970
thread_create-stack=2048,guard=1_time_2:525814

thread_create-stack=2048,guard=1_mean:975239
thread_create-stack=2048,guard=1_time_1:423300
thread_create-stack=2048,guard=1_time_2:551684

thread_create-stack=2048,guard=1_mean:961661
thread_create-stack=2048,guard=1_time_1:417751
thread_create-stack=2048,guard=1_time_2:543632

thread_create-stack=2048,guard=1_mean:953435
thread_create-stack=2048,guard=1_time_1:411916
thread_create-stack=2048,guard=1_time_2:541274

thread_create-stack=2048,guard=1_mean:943936
thread_create-stack=2048,guard=1_time_1:407887
thread_create-stack=2048,guard=1_time_2:535765

thread_create-stack=2048,guard=1_mean:937322
thread_create-stack=2048,guard=1_time_1:406126
thread_create-stack=2048,guard=1_time_2:530910

thread_create-stack=2048,guard=1_mean:963228
thread_create-stack=2048,guard=1_time_1:416514
thread_create-stack=2048,guard=1_time_2:546467

thread_create-stack=2048,guard=1_mean:949345
thread_create-stack=2048,guard=1_time_1:409180
thread_create-stack=2048,guard=1_time_2:539914

thread_create-stack=2048,guard=1_mean:940408
thread_create-stack=2048,guard=1_time_1:410378
thread_create-stack=2048,guard=1_time_2:529730

thread_create-stack=2048,guard=1_mean:950897
thread_create-stack=2048,guard=1_time_1:411225
thread_create-stack=2048,guard=1_time_2:539428

thread_create-stack=2048,guard=1_mean:952972
thread_create-stack=2048,guard=1_time_1:410680
thread_create-stack=2048,guard=1_time_2:542051

thread_create-stack=2048,guard=1_mean:950723
thread_create-stack=2048,guard=1_time_1:410350
thread_create-stack=2048,guard=1_time_2:540043

thread_create-stack=2048,guard=1_mean:951949
thread_create-stack=2048,guard=1_time_1:410445
thread_create-stack=2048,guard=1_time_2:541266

=== case: bench-thread_create_m
thread_create-stack=2048,guard=1_mean:951362
thread_create-stack=2048,guard=1_time_1:411927
thread_create-stack=2048,guard=1_time_2:539186

thread_create-stack=2048,guard=1_mean:949004
thread_create-stack=2048,guard=1_time_1:412583
thread_create-stack=2048,guard=1_time_2:536180

thread_create-stack=2048,guard=1_mean:943591
thread_create-stack=2048,guard=1_time_1:409588
thread_create-stack=2048,guard=1_time_2:533774

thread_create-stack=2048,guard=1_mean:940570
thread_create-stack=2048,guard=1_time_1:407314
thread_create-stack=2048,guard=1_time_2:532990

thread_create-stack=2048,guard=1_mean:948341
thread_create-stack=2048,guard=1_time_1:412525
thread_create-stack=2048,guard=1_time_2:535571

thread_create-stack=2048,guard=1_mean:1524010.0
thread_create-stack=2048,guard=1_time_1:593402
thread_create-stack=2048,guard=1_time_2:930196

thread_create-stack=2048,guard=1_mean:945981
thread_create-stack=2048,guard=1_time_1:412436
thread_create-stack=2048,guard=1_time_2:533292

thread_create-stack=2048,guard=1_mean:937898
thread_create-stack=2048,guard=1_time_1:407483
thread_create-stack=2048,guard=1_time_2:530159

thread_create-stack=2048,guard=1_mean:967353
thread_create-stack=2048,guard=1_time_1:414440
thread_create-stack=2048,guard=1_time_2:552665

thread_create-stack=2048,guard=1_mean:949918
thread_create-stack=2048,guard=1_time_1:413835
thread_create-stack=2048,guard=1_time_2:535846

thread_create-stack=2048,guard=1_mean:1579830.0
thread_create-stack=2048,guard=1_time_1:606356
thread_create-stack=2048,guard=1_time_2:973037

thread_create-stack=2048,guard=1_mean:951317
thread_create-stack=2048,guard=1_time_1:414705
thread_create-stack=2048,guard=1_time_2:536357

thread_create-stack=2048,guard=1_mean:944096
thread_create-stack=2048,guard=1_time_1:407616
thread_create-stack=2048,guard=1_time_2:536232

thread_create-stack=2048,guard=1_mean:957741
thread_create-stack=2048,guard=1_time_1:410766
thread_create-stack=2048,guard=1_time_2:546741

thread_create-stack=2048,guard=1_mean:961018
thread_create-stack=2048,guard=1_time_1:413152
thread_create-stack=2048,guard=1_time_2:547608

thread_create-stack=2048,guard=1_mean:943450
thread_create-stack=2048,guard=1_time_1:409604
thread_create-stack=2048,guard=1_time_2:533561

thread_create-stack=2048,guard=1_mean:1047260.0
thread_create-stack=2048,guard=1_time_1:412350
thread_create-stack=2048,guard=1_time_2:634659

thread_create-stack=2048,guard=1_mean:976785
thread_create-stack=2048,guard=1_time_1:419646
thread_create-stack=2048,guard=1_time_2:556826

thread_create-stack=2048,guard=1_mean:956873
thread_create-stack=2048,guard=1_time_1:408408
thread_create-stack=2048,guard=1_time_2:548245

thread_create-stack=2048,guard=1_mean:957855
thread_create-stack=2048,guard=1_time_1:411613
thread_create-stack=2048,guard=1_time_2:545985

=== case: bench-thread_create_m
thread_create-stack=2048,guard=1_mean:952351
thread_create-stack=2048,guard=1_time_1:413192
thread_create-stack=2048,guard=1_time_2:538877

thread_create-stack=2048,guard=1_mean:942897
thread_create-stack=2048,guard=1_time_1:408967
thread_create-stack=2048,guard=1_time_2:533651

thread_create-stack=2048,guard=1_mean:957624
thread_create-stack=2048,guard=1_time_1:410579
thread_create-stack=2048,guard=1_time_2:546818

thread_create-stack=2048,guard=1_mean:957199
thread_create-stack=2048,guard=1_time_1:410942
thread_create-stack=2048,guard=1_time_2:545990

thread_create-stack=2048,guard=1_mean:957170
thread_create-stack=2048,guard=1_time_1:413369
thread_create-stack=2048,guard=1_time_2:543513

thread_create-stack=2048,guard=1_mean:944741
thread_create-stack=2048,guard=1_time_1:411410
thread_create-stack=2048,guard=1_time_2:533111

thread_create-stack=2048,guard=1_mean:953443
thread_create-stack=2048,guard=1_time_1:409721
thread_create-stack=2048,guard=1_time_2:543444

thread_create-stack=2048,guard=1_mean:962438
thread_create-stack=2048,guard=1_time_1:416637
thread_create-stack=2048,guard=1_time_2:545577

thread_create-stack=2048,guard=1_mean:978459
thread_create-stack=2048,guard=1_time_1:420351
thread_create-stack=2048,guard=1_time_2:557849

thread_create-stack=2048,guard=1_mean:959386
thread_create-stack=2048,guard=1_time_1:412876
thread_create-stack=2048,guard=1_time_2:546249

thread_create-stack=2048,guard=1_mean:946764
thread_create-stack=2048,guard=1_time_1:412104
thread_create-stack=2048,guard=1_time_2:534422

thread_create-stack=2048,guard=1_mean:973489
thread_create-stack=2048,guard=1_time_1:418648
thread_create-stack=2048,guard=1_time_2:554601

thread_create-stack=2048,guard=1_mean:957341
thread_create-stack=2048,guard=1_time_1:413090
thread_create-stack=2048,guard=1_time_2:544029

thread_create-stack=2048,guard=1_mean:951731
thread_create-stack=2048,guard=1_time_1:411972
thread_create-stack=2048,guard=1_time_2:539518

thread_create-stack=2048,guard=1_mean:953070
thread_create-stack=2048,guard=1_time_1:411726
thread_create-stack=2048,guard=1_time_2:541104

thread_create-stack=2048,guard=1_mean:955351
thread_create-stack=2048,guard=1_time_1:408806
thread_create-stack=2048,guard=1_time_2:546246

thread_create-stack=2048,guard=1_mean:954008
thread_create-stack=2048,guard=1_time_1:413399
thread_create-stack=2048,guard=1_time_2:540358

thread_create-stack=2048,guard=1_mean:945870
thread_create-stack=2048,guard=1_time_1:410039
thread_create-stack=2048,guard=1_time_2:535544

thread_create-stack=2048,guard=1_mean:958121
thread_create-stack=2048,guard=1_time_1:411856
thread_create-stack=2048,guard=1_time_2:546047

thread_create-stack=2048,guard=1_mean:946402
thread_create-stack=2048,guard=1_time_1:411281
thread_create-stack=2048,guard=1_time_2:534866

