=== case: bench-thread_create_m
thread_create-stack=2048,guard=1_mean:193657
thread_create-stack=2048,guard=1_time_1:147326
thread_create-stack=2048,guard=1_time_2:46175.5

thread_create-stack=2048,guard=1_mean:187473
thread_create-stack=2048,guard=1_time_1:140840
thread_create-stack=2048,guard=1_time_2:46486.2

thread_create-stack=2048,guard=1_mean:202749
thread_create-stack=2048,guard=1_time_1:155058
thread_create-stack=2048,guard=1_time_2:47550.6

thread_create-stack=2048,guard=1_mean:162577
thread_create-stack=2048,guard=1_time_1:128509
thread_create-stack=2048,guard=1_time_2:33915.9

thread_create-stack=2048,guard=1_mean:182591
thread_create-stack=2048,guard=1_time_1:141096
thread_create-stack=2048,guard=1_time_2:41330.8

thread_create-stack=2048,guard=1_mean:183546
thread_create-stack=2048,guard=1_time_1:148461
thread_create-stack=2048,guard=1_time_2:34943.8

thread_create-stack=2048,guard=1_mean:196358
thread_create-stack=2048,guard=1_time_1:150609
thread_create-stack=2048,guard=1_time_2:45600.3

thread_create-stack=2048,guard=1_mean:194063
thread_create-stack=2048,guard=1_time_1:145050
thread_create-stack=2048,guard=1_time_2:48861.5

thread_create-stack=2048,guard=1_mean:199169
thread_create-stack=2048,guard=1_time_1:152538
thread_create-stack=2048,guard=1_time_2:46490.9

thread_create-stack=2048,guard=1_mean:188822
thread_create-stack=2048,guard=1_time_1:153493
thread_create-stack=2048,guard=1_time_2:35186.7

thread_create-stack=2048,guard=1_mean:184269
thread_create-stack=2048,guard=1_time_1:149178
thread_create-stack=2048,guard=1_time_2:34929.8

thread_create-stack=2048,guard=1_mean:168676
thread_create-stack=2048,guard=1_time_1:132865
thread_create-stack=2048,guard=1_time_2:35667.3

thread_create-stack=2048,guard=1_mean:170714
thread_create-stack=2048,guard=1_time_1:135852
thread_create-stack=2048,guard=1_time_2:34720.4

thread_create-stack=2048,guard=1_mean:172520
thread_create-stack=2048,guard=1_time_1:137755
thread_create-stack=2048,guard=1_time_2:34625.1

thread_create-stack=2048,guard=1_mean:187724
thread_create-stack=2048,guard=1_time_1:152814
thread_create-stack=2048,guard=1_time_2:34733.6

thread_create-stack=2048,guard=1_mean:184387
thread_create-stack=2048,guard=1_time_1:149184
thread_create-stack=2048,guard=1_time_2:35049.3

thread_create-stack=2048,guard=1_mean:193460
thread_create-stack=2048,guard=1_time_1:158133
thread_create-stack=2048,guard=1_time_2:35169.1

thread_create-stack=2048,guard=1_mean:198240
thread_create-stack=2048,guard=1_time_1:150696
thread_create-stack=2048,guard=1_time_2:47400.5

thread_create-stack=2048,guard=1_mean:195689
thread_create-stack=2048,guard=1_time_1:148221
thread_create-stack=2048,guard=1_time_2:47314.2

thread_create-stack=2048,guard=1_mean:191304
thread_create-stack=2048,guard=1_time_1:142518
thread_create-stack=2048,guard=1_time_2:48644.2

=== case: bench-thread_create_m
thread_create-stack=2048,guard=1_mean:398175
thread_create-stack=2048,guard=1_time_1:315115
thread_create-stack=2048,guard=1_time_2:82849.7

thread_create-stack=2048,guard=1_mean:407633
thread_create-stack=2048,guard=1_time_1:324160
thread_create-stack=2048,guard=1_time_2:83247.2

thread_create-stack=2048,guard=1_mean:409717
thread_create-stack=2048,guard=1_time_1:320966
thread_create-stack=2048,guard=1_time_2:88524.7

thread_create-stack=2048,guard=1_mean:413484
thread_create-stack=2048,guard=1_time_1:328518
thread_create-stack=2048,guard=1_time_2:84756.8

thread_create-stack=2048,guard=1_mean:384625
thread_create-stack=2048,guard=1_time_1:308433
thread_create-stack=2048,guard=1_time_2:75983.7

thread_create-stack=2048,guard=1_mean:403191
thread_create-stack=2048,guard=1_time_1:321163
thread_create-stack=2048,guard=1_time_2:81828.3

thread_create-stack=2048,guard=1_mean:395694
thread_create-stack=2048,guard=1_time_1:323220
thread_create-stack=2048,guard=1_time_2:72274

thread_create-stack=2048,guard=1_mean:397663
thread_create-stack=2048,guard=1_time_1:317418
thread_create-stack=2048,guard=1_time_2:79962.9

thread_create-stack=2048,guard=1_mean:392196
thread_create-stack=2048,guard=1_time_1:309677
thread_create-stack=2048,guard=1_time_2:82295.3

thread_create-stack=2048,guard=1_mean:410944
thread_create-stack=2048,guard=1_time_1:327410
thread_create-stack=2048,guard=1_time_2:83317.5

thread_create-stack=2048,guard=1_mean:416989
thread_create-stack=2048,guard=1_time_1:329858
thread_create-stack=2048,guard=1_time_2:86914.5

thread_create-stack=2048,guard=1_mean:411429
thread_create-stack=2048,guard=1_time_1:328422
thread_create-stack=2048,guard=1_time_2:82809.8

thread_create-stack=2048,guard=1_mean:412516
thread_create-stack=2048,guard=1_time_1:334614
thread_create-stack=2048,guard=1_time_2:77695.6

thread_create-stack=2048,guard=1_mean:411871
thread_create-stack=2048,guard=1_time_1:329298
thread_create-stack=2048,guard=1_time_2:82347.8

thread_create-stack=2048,guard=1_mean:411523
thread_create-stack=2048,guard=1_time_1:329162
thread_create-stack=2048,guard=1_time_2:82137.7

thread_create-stack=2048,guard=1_mean:410622
thread_create-stack=2048,guard=1_time_1:326914
thread_create-stack=2048,guard=1_time_2:83499.6

thread_create-stack=2048,guard=1_mean:409279
thread_create-stack=2048,guard=1_time_1:325474
thread_create-stack=2048,guard=1_time_2:83601.8

thread_create-stack=2048,guard=1_mean:390001
thread_create-stack=2048,guard=1_time_1:303630
thread_create-stack=2048,guard=1_time_2:86162.4

thread_create-stack=2048,guard=1_mean:408941
thread_create-stack=2048,guard=1_time_1:323972
thread_create-stack=2048,guard=1_time_2:84734.2

thread_create-stack=2048,guard=1_mean:413136
thread_create-stack=2048,guard=1_time_1:328542
thread_create-stack=2048,guard=1_time_2:84369.7

=== case: bench-thread_create_m
thread_create-stack=2048,guard=1_mean:601195
thread_create-stack=2048,guard=1_time_1:499662
thread_create-stack=2048,guard=1_time_2:101291

thread_create-stack=2048,guard=1_mean:627608
thread_create-stack=2048,guard=1_time_1:515612
thread_create-stack=2048,guard=1_time_2:111784

thread_create-stack=2048,guard=1_mean:601815
thread_create-stack=2048,guard=1_time_1:493227
thread_create-stack=2048,guard=1_time_2:108372

thread_create-stack=2048,guard=1_mean:590306
thread_create-stack=2048,guard=1_time_1:479387
thread_create-stack=2048,guard=1_time_2:110708

thread_create-stack=2048,guard=1_mean:607181
thread_create-stack=2048,guard=1_time_1:499941
thread_create-stack=2048,guard=1_time_2:107022

thread_create-stack=2048,guard=1_mean:612022
thread_create-stack=2048,guard=1_time_1:503908
thread_create-stack=2048,guard=1_time_2:107907

thread_create-stack=2048,guard=1_mean:601237
thread_create-stack=2048,guard=1_time_1:485850
thread_create-stack=2048,guard=1_time_2:115110

thread_create-stack=2048,guard=1_mean:595999
thread_create-stack=2048,guard=1_time_1:482915
thread_create-stack=2048,guard=1_time_2:112828

thread_create-stack=2048,guard=1_mean:631094
thread_create-stack=2048,guard=1_time_1:522023
thread_create-stack=2048,guard=1_time_2:108841

thread_create-stack=2048,guard=1_mean:591407
thread_create-stack=2048,guard=1_time_1:482591
thread_create-stack=2048,guard=1_time_2:108597

thread_create-stack=2048,guard=1_mean:580522
thread_create-stack=2048,guard=1_time_1:477548
thread_create-stack=2048,guard=1_time_2:102770

thread_create-stack=2048,guard=1_mean:616879
thread_create-stack=2048,guard=1_time_1:509319
thread_create-stack=2048,guard=1_time_2:107335

thread_create-stack=2048,guard=1_mean:625334
thread_create-stack=2048,guard=1_time_1:516484
thread_create-stack=2048,guard=1_time_2:108635

thread_create-stack=2048,guard=1_mean:616238
thread_create-stack=2048,guard=1_time_1:506140
thread_create-stack=2048,guard=1_time_2:109883

thread_create-stack=2048,guard=1_mean:607896
thread_create-stack=2048,guard=1_time_1:501910
thread_create-stack=2048,guard=1_time_2:105772

thread_create-stack=2048,guard=1_mean:583685
thread_create-stack=2048,guard=1_time_1:481379
thread_create-stack=2048,guard=1_time_2:102078

thread_create-stack=2048,guard=1_mean:605896
thread_create-stack=2048,guard=1_time_1:501728
thread_create-stack=2048,guard=1_time_2:103961

thread_create-stack=2048,guard=1_mean:587521
thread_create-stack=2048,guard=1_time_1:482042
thread_create-stack=2048,guard=1_time_2:105241

thread_create-stack=2048,guard=1_mean:600232
thread_create-stack=2048,guard=1_time_1:503061
thread_create-stack=2048,guard=1_time_2:96946.8

thread_create-stack=2048,guard=1_mean:606222
thread_create-stack=2048,guard=1_time_1:499920
thread_create-stack=2048,guard=1_time_2:106091

=== case: bench-thread_create_m
thread_create-stack=2048,guard=1_mean:784126
thread_create-stack=2048,guard=1_time_1:659199
thread_create-stack=2048,guard=1_time_2:124693

thread_create-stack=2048,guard=1_mean:783032
thread_create-stack=2048,guard=1_time_1:659087
thread_create-stack=2048,guard=1_time_2:123730

thread_create-stack=2048,guard=1_mean:805963
thread_create-stack=2048,guard=1_time_1:682749
thread_create-stack=2048,guard=1_time_2:122999

thread_create-stack=2048,guard=1_mean:837014
thread_create-stack=2048,guard=1_time_1:710079
thread_create-stack=2048,guard=1_time_2:126713

thread_create-stack=2048,guard=1_mean:780401
thread_create-stack=2048,guard=1_time_1:652517
thread_create-stack=2048,guard=1_time_2:127669

thread_create-stack=2048,guard=1_mean:823301
thread_create-stack=2048,guard=1_time_1:697219
thread_create-stack=2048,guard=1_time_2:125858

thread_create-stack=2048,guard=1_mean:821092
thread_create-stack=2048,guard=1_time_1:697851
thread_create-stack=2048,guard=1_time_2:123018

thread_create-stack=2048,guard=1_mean:796154
thread_create-stack=2048,guard=1_time_1:677068
thread_create-stack=2048,guard=1_time_2:118865

thread_create-stack=2048,guard=1_mean:808466
thread_create-stack=2048,guard=1_time_1:684938
thread_create-stack=2048,guard=1_time_2:123300

thread_create-stack=2048,guard=1_mean:807559
thread_create-stack=2048,guard=1_time_1:688979
thread_create-stack=2048,guard=1_time_2:118361

thread_create-stack=2048,guard=1_mean:778351
thread_create-stack=2048,guard=1_time_1:660870
thread_create-stack=2048,guard=1_time_2:117266

thread_create-stack=2048,guard=1_mean:799297
thread_create-stack=2048,guard=1_time_1:649558
thread_create-stack=2048,guard=1_time_2:149500

thread_create-stack=2048,guard=1_mean:837436
thread_create-stack=2048,guard=1_time_1:716207
thread_create-stack=2048,guard=1_time_2:120998

thread_create-stack=2048,guard=1_mean:798312
thread_create-stack=2048,guard=1_time_1:674982
thread_create-stack=2048,guard=1_time_2:123114

thread_create-stack=2048,guard=1_mean:807778
thread_create-stack=2048,guard=1_time_1:681105
thread_create-stack=2048,guard=1_time_2:126457

thread_create-stack=2048,guard=1_mean:804931
thread_create-stack=2048,guard=1_time_1:677140
thread_create-stack=2048,guard=1_time_2:127573

thread_create-stack=2048,guard=1_mean:839965
thread_create-stack=2048,guard=1_time_1:710931
thread_create-stack=2048,guard=1_time_2:128755

thread_create-stack=2048,guard=1_mean:787619
thread_create-stack=2048,guard=1_time_1:664718
thread_create-stack=2048,guard=1_time_2:122667

thread_create-stack=2048,guard=1_mean:806183
thread_create-stack=2048,guard=1_time_1:683177
thread_create-stack=2048,guard=1_time_2:122794

thread_create-stack=2048,guard=1_mean:808377
thread_create-stack=2048,guard=1_time_1:688317
thread_create-stack=2048,guard=1_time_2:119833

=== case: bench-thread_create_m
thread_create-stack=2048,guard=1_mean:987176
thread_create-stack=2048,guard=1_time_1:844915
thread_create-stack=2048,guard=1_time_2:142050

thread_create-stack=2048,guard=1_mean:1015140.0
thread_create-stack=2048,guard=1_time_1:865486
thread_create-stack=2048,guard=1_time_2:149391

thread_create-stack=2048,guard=1_mean:988388
thread_create-stack=2048,guard=1_time_1:850148
thread_create-stack=2048,guard=1_time_2:138005

thread_create-stack=2048,guard=1_mean:1009730.0
thread_create-stack=2048,guard=1_time_1:865560
thread_create-stack=2048,guard=1_time_2:143947

thread_create-stack=2048,guard=1_mean:1029430.0
thread_create-stack=2048,guard=1_time_1:884185
thread_create-stack=2048,guard=1_time_2:144979

thread_create-stack=2048,guard=1_mean:985732
thread_create-stack=2048,guard=1_time_1:852113
thread_create-stack=2048,guard=1_time_2:133397

thread_create-stack=2048,guard=1_mean:977022
thread_create-stack=2048,guard=1_time_1:840714
thread_create-stack=2048,guard=1_time_2:136075

thread_create-stack=2048,guard=1_mean:1016770.0
thread_create-stack=2048,guard=1_time_1:871596
thread_create-stack=2048,guard=1_time_2:144925

thread_create-stack=2048,guard=1_mean:1031080.0
thread_create-stack=2048,guard=1_time_1:882938
thread_create-stack=2048,guard=1_time_2:147918

thread_create-stack=2048,guard=1_mean:1011900.0
thread_create-stack=2048,guard=1_time_1:863956
thread_create-stack=2048,guard=1_time_2:147716

thread_create-stack=2048,guard=1_mean:1010220.0
thread_create-stack=2048,guard=1_time_1:862258
thread_create-stack=2048,guard=1_time_2:147687

thread_create-stack=2048,guard=1_mean:994731
thread_create-stack=2048,guard=1_time_1:846576
thread_create-stack=2048,guard=1_time_2:147915

thread_create-stack=2048,guard=1_mean:1008020.0
thread_create-stack=2048,guard=1_time_1:861669
thread_create-stack=2048,guard=1_time_2:146142

thread_create-stack=2048,guard=1_mean:1027940.0
thread_create-stack=2048,guard=1_time_1:880638
thread_create-stack=2048,guard=1_time_2:147095

thread_create-stack=2048,guard=1_mean:1008680.0
thread_create-stack=2048,guard=1_time_1:865690
thread_create-stack=2048,guard=1_time_2:142758

thread_create-stack=2048,guard=1_mean:1497960.0
thread_create-stack=2048,guard=1_time_1:1322840.0
thread_create-stack=2048,guard=1_time_2:174630

thread_create-stack=2048,guard=1_mean:997493
thread_create-stack=2048,guard=1_time_1:856763
thread_create-stack=2048,guard=1_time_2:140518

thread_create-stack=2048,guard=1_mean:988081
thread_create-stack=2048,guard=1_time_1:848270
thread_create-stack=2048,guard=1_time_2:139599

thread_create-stack=2048,guard=1_mean:971773
thread_create-stack=2048,guard=1_time_1:840561
thread_create-stack=2048,guard=1_time_2:130990

thread_create-stack=2048,guard=1_mean:1000710.0
thread_create-stack=2048,guard=1_time_1:861161
thread_create-stack=2048,guard=1_time_2:139326

=== case: bench-thread_create_m
thread_create-stack=2048,guard=1_mean:1618430.0
thread_create-stack=2048,guard=1_time_1:1446040.0
thread_create-stack=2048,guard=1_time_2:171822

thread_create-stack=2048,guard=1_mean:1225950.0
thread_create-stack=2048,guard=1_time_1:1068650.0
thread_create-stack=2048,guard=1_time_2:157074

thread_create-stack=2048,guard=1_mean:1189650.0
thread_create-stack=2048,guard=1_time_1:1029060.0
thread_create-stack=2048,guard=1_time_2:160333

thread_create-stack=2048,guard=1_mean:1198450.0
thread_create-stack=2048,guard=1_time_1:1042120.0
thread_create-stack=2048,guard=1_time_2:156104

thread_create-stack=2048,guard=1_mean:1193330.0
thread_create-stack=2048,guard=1_time_1:1036260.0
thread_create-stack=2048,guard=1_time_2:156808

thread_create-stack=2048,guard=1_mean:1199770.0
thread_create-stack=2048,guard=1_time_1:1039190.0
thread_create-stack=2048,guard=1_time_2:160281

thread_create-stack=2048,guard=1_mean:1211740.0
thread_create-stack=2048,guard=1_time_1:1052640.0
thread_create-stack=2048,guard=1_time_2:158873

thread_create-stack=2048,guard=1_mean:1227440.0
thread_create-stack=2048,guard=1_time_1:1067270.0
thread_create-stack=2048,guard=1_time_2:159938

thread_create-stack=2048,guard=1_mean:1686520.0
thread_create-stack=2048,guard=1_time_1:1486920.0
thread_create-stack=2048,guard=1_time_2:199088

thread_create-stack=2048,guard=1_mean:1214090.0
thread_create-stack=2048,guard=1_time_1:1047490.0
thread_create-stack=2048,guard=1_time_2:166367

thread_create-stack=2048,guard=1_mean:1187060.0
thread_create-stack=2048,guard=1_time_1:1025620.0
thread_create-stack=2048,guard=1_time_2:161178

thread_create-stack=2048,guard=1_mean:1217900.0
thread_create-stack=2048,guard=1_time_1:1053300.0
thread_create-stack=2048,guard=1_time_2:164371

thread_create-stack=2048,guard=1_mean:1204870.0
thread_create-stack=2048,guard=1_time_1:1041190.0
thread_create-stack=2048,guard=1_time_2:163444

thread_create-stack=2048,guard=1_mean:1181640.0
thread_create-stack=2048,guard=1_time_1:1019900.0
thread_create-stack=2048,guard=1_time_2:161518

thread_create-stack=2048,guard=1_mean:1176070.0
thread_create-stack=2048,guard=1_time_1:1016940.0
thread_create-stack=2048,guard=1_time_2:158874

thread_create-stack=2048,guard=1_mean:1175550.0
thread_create-stack=2048,guard=1_time_1:1021450.0
thread_create-stack=2048,guard=1_time_2:153827

thread_create-stack=2048,guard=1_mean:1205700.0
thread_create-stack=2048,guard=1_time_1:1044560.0
thread_create-stack=2048,guard=1_time_2:160917

thread_create-stack=2048,guard=1_mean:1193620.0
thread_create-stack=2048,guard=1_time_1:1032360.0
thread_create-stack=2048,guard=1_time_2:161032

thread_create-stack=2048,guard=1_mean:1189460.0
thread_create-stack=2048,guard=1_time_1:1028850.0
thread_create-stack=2048,guard=1_time_2:160367

thread_create-stack=2048,guard=1_mean:1240850.0
thread_create-stack=2048,guard=1_time_1:1081320.0
thread_create-stack=2048,guard=1_time_2:159260

=== case: bench-thread_create_m
thread_create-stack=2048,guard=1_mean:1379240.0
thread_create-stack=2048,guard=1_time_1:1201730.0
thread_create-stack=2048,guard=1_time_2:177262

thread_create-stack=2048,guard=1_mean:1424630.0
thread_create-stack=2048,guard=1_time_1:1248000.0
thread_create-stack=2048,guard=1_time_2:176343

thread_create-stack=2048,guard=1_mean:1391610.0
thread_create-stack=2048,guard=1_time_1:1222950.0
thread_create-stack=2048,guard=1_time_2:168425

thread_create-stack=2048,guard=1_mean:1381390.0
thread_create-stack=2048,guard=1_time_1:1201740.0
thread_create-stack=2048,guard=1_time_2:179411

thread_create-stack=2048,guard=1_mean:1360680.0
thread_create-stack=2048,guard=1_time_1:1193230.0
thread_create-stack=2048,guard=1_time_2:167203

thread_create-stack=2048,guard=1_mean:1459090.0
thread_create-stack=2048,guard=1_time_1:1200420.0
thread_create-stack=2048,guard=1_time_2:258389

thread_create-stack=2048,guard=1_mean:1414180.0
thread_create-stack=2048,guard=1_time_1:1247540.0
thread_create-stack=2048,guard=1_time_2:166408

thread_create-stack=2048,guard=1_mean:1381430.0
thread_create-stack=2048,guard=1_time_1:1207010.0
thread_create-stack=2048,guard=1_time_2:174189

thread_create-stack=2048,guard=1_mean:1462820.0
thread_create-stack=2048,guard=1_time_1:1288970.0
thread_create-stack=2048,guard=1_time_2:173606

thread_create-stack=2048,guard=1_mean:1848100.0
thread_create-stack=2048,guard=1_time_1:1650060.0
thread_create-stack=2048,guard=1_time_2:197536

thread_create-stack=2048,guard=1_mean:1387530.0
thread_create-stack=2048,guard=1_time_1:1220700.0
thread_create-stack=2048,guard=1_time_2:166580

thread_create-stack=2048,guard=1_mean:1365960.0
thread_create-stack=2048,guard=1_time_1:1196490.0
thread_create-stack=2048,guard=1_time_2:169258

thread_create-stack=2048,guard=1_mean:1404120.0
thread_create-stack=2048,guard=1_time_1:1228670.0
thread_create-stack=2048,guard=1_time_2:175199

thread_create-stack=2048,guard=1_mean:1382370.0
thread_create-stack=2048,guard=1_time_1:1206760.0
thread_create-stack=2048,guard=1_time_2:175388

thread_create-stack=2048,guard=1_mean:1397910.0
thread_create-stack=2048,guard=1_time_1:1219010.0
thread_create-stack=2048,guard=1_time_2:178678

thread_create-stack=2048,guard=1_mean:1367740.0
thread_create-stack=2048,guard=1_time_1:1193910.0
thread_create-stack=2048,guard=1_time_2:173606

thread_create-stack=2048,guard=1_mean:1433750.0
thread_create-stack=2048,guard=1_time_1:1248150.0
thread_create-stack=2048,guard=1_time_2:185355

thread_create-stack=2048,guard=1_mean:1401260.0
thread_create-stack=2048,guard=1_time_1:1227720.0
thread_create-stack=2048,guard=1_time_2:173313

thread_create-stack=2048,guard=1_mean:1382410.0
thread_create-stack=2048,guard=1_time_1:1205270.0
thread_create-stack=2048,guard=1_time_2:176862

thread_create-stack=2048,guard=1_mean:1368120.0
thread_create-stack=2048,guard=1_time_1:1191750.0
thread_create-stack=2048,guard=1_time_2:176125

=== case: bench-thread_create_m
thread_create-stack=2048,guard=1_mean:1941860.0
thread_create-stack=2048,guard=1_time_1:1659030.0
thread_create-stack=2048,guard=1_time_2:282392

thread_create-stack=2048,guard=1_mean:1521250.0
thread_create-stack=2048,guard=1_time_1:1337140.0
thread_create-stack=2048,guard=1_time_2:183874

thread_create-stack=2048,guard=1_mean:1572070.0
thread_create-stack=2048,guard=1_time_1:1384350.0
thread_create-stack=2048,guard=1_time_2:187458

thread_create-stack=2048,guard=1_mean:1573470.0
thread_create-stack=2048,guard=1_time_1:1379880.0
thread_create-stack=2048,guard=1_time_2:193330

thread_create-stack=2048,guard=1_mean:1603950.0
thread_create-stack=2048,guard=1_time_1:1406520.0
thread_create-stack=2048,guard=1_time_2:197179

thread_create-stack=2048,guard=1_mean:1621060.0
thread_create-stack=2048,guard=1_time_1:1396380.0
thread_create-stack=2048,guard=1_time_2:224431

thread_create-stack=2048,guard=1_mean:1541260.0
thread_create-stack=2048,guard=1_time_1:1353630.0
thread_create-stack=2048,guard=1_time_2:187355

thread_create-stack=2048,guard=1_mean:1575400.0
thread_create-stack=2048,guard=1_time_1:1377570.0
thread_create-stack=2048,guard=1_time_2:197597

thread_create-stack=2048,guard=1_mean:1594390.0
thread_create-stack=2048,guard=1_time_1:1405770.0
thread_create-stack=2048,guard=1_time_2:188381

thread_create-stack=2048,guard=1_mean:1545060.0
thread_create-stack=2048,guard=1_time_1:1362800.0
thread_create-stack=2048,guard=1_time_2:182009

thread_create-stack=2048,guard=1_mean:1573360.0
thread_create-stack=2048,guard=1_time_1:1382750.0
thread_create-stack=2048,guard=1_time_2:190362

thread_create-stack=2048,guard=1_mean:1609700.0
thread_create-stack=2048,guard=1_time_1:1409910.0
thread_create-stack=2048,guard=1_time_2:199551

thread_create-stack=2048,guard=1_mean:1655810.0
thread_create-stack=2048,guard=1_time_1:1468310.0
thread_create-stack=2048,guard=1_time_2:187242

thread_create-stack=2048,guard=1_mean:1560620.0
thread_create-stack=2048,guard=1_time_1:1370730.0
thread_create-stack=2048,guard=1_time_2:189623

thread_create-stack=2048,guard=1_mean:1963440.0
thread_create-stack=2048,guard=1_time_1:1652830.0
thread_create-stack=2048,guard=1_time_2:310143

thread_create-stack=2048,guard=1_mean:1564470.0
thread_create-stack=2048,guard=1_time_1:1373280.0
thread_create-stack=2048,guard=1_time_2:190934

thread_create-stack=2048,guard=1_mean:2006160.0
thread_create-stack=2048,guard=1_time_1:1630230.0
thread_create-stack=2048,guard=1_time_2:375495

thread_create-stack=2048,guard=1_mean:1563760.0
thread_create-stack=2048,guard=1_time_1:1379220.0
thread_create-stack=2048,guard=1_time_2:184280

thread_create-stack=2048,guard=1_mean:1613020.0
thread_create-stack=2048,guard=1_time_1:1417960.0
thread_create-stack=2048,guard=1_time_2:194790

thread_create-stack=2048,guard=1_mean:1556620.0
thread_create-stack=2048,guard=1_time_1:1367280.0
thread_create-stack=2048,guard=1_time_2:189081

