=== case: bench-thread_create_m
thread_create-stack=2048,guard=1_mean:201225
thread_create-stack=2048,guard=1_time_1:152536
thread_create-stack=2048,guard=1_time_2:48538.1

thread_create-stack=2048,guard=1_mean:211901
thread_create-stack=2048,guard=1_time_1:162376
thread_create-stack=2048,guard=1_time_2:49367.7

thread_create-stack=2048,guard=1_mean:196299
thread_create-stack=2048,guard=1_time_1:147357
thread_create-stack=2048,guard=1_time_2:48788.8

thread_create-stack=2048,guard=1_mean:198905
thread_create-stack=2048,guard=1_time_1:149980
thread_create-stack=2048,guard=1_time_2:48751.7

thread_create-stack=2048,guard=1_mean:195133
thread_create-stack=2048,guard=1_time_1:145523
thread_create-stack=2048,guard=1_time_2:49464.1

thread_create-stack=2048,guard=1_mean:177874
thread_create-stack=2048,guard=1_time_1:141316
thread_create-stack=2048,guard=1_time_2:36416.7

thread_create-stack=2048,guard=1_mean:193585
thread_create-stack=2048,guard=1_time_1:146788
thread_create-stack=2048,guard=1_time_2:46649.8

thread_create-stack=2048,guard=1_mean:207576
thread_create-stack=2048,guard=1_time_1:158822
thread_create-stack=2048,guard=1_time_2:48607.9

thread_create-stack=2048,guard=1_mean:196697
thread_create-stack=2048,guard=1_time_1:154039
thread_create-stack=2048,guard=1_time_2:42514.9

thread_create-stack=2048,guard=1_mean:196288
thread_create-stack=2048,guard=1_time_1:157772
thread_create-stack=2048,guard=1_time_2:38375.2

thread_create-stack=2048,guard=1_mean:206237
thread_create-stack=2048,guard=1_time_1:158695
thread_create-stack=2048,guard=1_time_2:47348.8

thread_create-stack=2048,guard=1_mean:177806
thread_create-stack=2048,guard=1_time_1:141791
thread_create-stack=2048,guard=1_time_2:35859.5

thread_create-stack=2048,guard=1_mean:184686
thread_create-stack=2048,guard=1_time_1:148666
thread_create-stack=2048,guard=1_time_2:35869.7

thread_create-stack=2048,guard=1_mean:203293
thread_create-stack=2048,guard=1_time_1:152176
thread_create-stack=2048,guard=1_time_2:50937.9

thread_create-stack=2048,guard=1_mean:177251
thread_create-stack=2048,guard=1_time_1:143574
thread_create-stack=2048,guard=1_time_2:33520

thread_create-stack=2048,guard=1_mean:193977
thread_create-stack=2048,guard=1_time_1:151173
thread_create-stack=2048,guard=1_time_2:42658

thread_create-stack=2048,guard=1_mean:179786
thread_create-stack=2048,guard=1_time_1:143633
thread_create-stack=2048,guard=1_time_2:36002.4

thread_create-stack=2048,guard=1_mean:199060
thread_create-stack=2048,guard=1_time_1:163245
thread_create-stack=2048,guard=1_time_2:35672.8

thread_create-stack=2048,guard=1_mean:180858
thread_create-stack=2048,guard=1_time_1:142170
thread_create-stack=2048,guard=1_time_2:38505.5

thread_create-stack=2048,guard=1_mean:179873
thread_create-stack=2048,guard=1_time_1:144482
thread_create-stack=2048,guard=1_time_2:35242.2

=== case: bench-thread_create_m
thread_create-stack=2048,guard=1_mean:738762
thread_create-stack=2048,guard=1_time_1:651414
thread_create-stack=2048,guard=1_time_2:87022.6

thread_create-stack=2048,guard=1_mean:417895
thread_create-stack=2048,guard=1_time_1:334229
thread_create-stack=2048,guard=1_time_2:83403.6

thread_create-stack=2048,guard=1_mean:411803
thread_create-stack=2048,guard=1_time_1:324469
thread_create-stack=2048,guard=1_time_2:87100.4

thread_create-stack=2048,guard=1_mean:416483
thread_create-stack=2048,guard=1_time_1:331442
thread_create-stack=2048,guard=1_time_2:84835.4

thread_create-stack=2048,guard=1_mean:391670
thread_create-stack=2048,guard=1_time_1:314449
thread_create-stack=2048,guard=1_time_2:77018.3

thread_create-stack=2048,guard=1_mean:403796
thread_create-stack=2048,guard=1_time_1:325434
thread_create-stack=2048,guard=1_time_2:78146

thread_create-stack=2048,guard=1_mean:394091
thread_create-stack=2048,guard=1_time_1:313287
thread_create-stack=2048,guard=1_time_2:80603.1

thread_create-stack=2048,guard=1_mean:409111
thread_create-stack=2048,guard=1_time_1:325419
thread_create-stack=2048,guard=1_time_2:83466.9

thread_create-stack=2048,guard=1_mean:392104
thread_create-stack=2048,guard=1_time_1:310146
thread_create-stack=2048,guard=1_time_2:81748

thread_create-stack=2048,guard=1_mean:418260
thread_create-stack=2048,guard=1_time_1:337943
thread_create-stack=2048,guard=1_time_2:80089.3

thread_create-stack=2048,guard=1_mean:426530
thread_create-stack=2048,guard=1_time_1:339636
thread_create-stack=2048,guard=1_time_2:86684

thread_create-stack=2048,guard=1_mean:423366
thread_create-stack=2048,guard=1_time_1:341216
thread_create-stack=2048,guard=1_time_2:81932.9

thread_create-stack=2048,guard=1_mean:430613
thread_create-stack=2048,guard=1_time_1:347403
thread_create-stack=2048,guard=1_time_2:83012.6

thread_create-stack=2048,guard=1_mean:404155
thread_create-stack=2048,guard=1_time_1:324495
thread_create-stack=2048,guard=1_time_2:79426.8

thread_create-stack=2048,guard=1_mean:401762
thread_create-stack=2048,guard=1_time_1:325832
thread_create-stack=2048,guard=1_time_2:75723.7

thread_create-stack=2048,guard=1_mean:424180
thread_create-stack=2048,guard=1_time_1:340762
thread_create-stack=2048,guard=1_time_2:83184.5

thread_create-stack=2048,guard=1_mean:447266
thread_create-stack=2048,guard=1_time_1:359870
thread_create-stack=2048,guard=1_time_2:87187.4

thread_create-stack=2048,guard=1_mean:405863
thread_create-stack=2048,guard=1_time_1:325319
thread_create-stack=2048,guard=1_time_2:80291.9

thread_create-stack=2048,guard=1_mean:396092
thread_create-stack=2048,guard=1_time_1:312667
thread_create-stack=2048,guard=1_time_2:83212.8

thread_create-stack=2048,guard=1_mean:400542
thread_create-stack=2048,guard=1_time_1:313449
thread_create-stack=2048,guard=1_time_2:86874.6

=== case: bench-thread_create_m
thread_create-stack=2048,guard=1_mean:641685
thread_create-stack=2048,guard=1_time_1:530320
thread_create-stack=2048,guard=1_time_2:111141

thread_create-stack=2048,guard=1_mean:657730
thread_create-stack=2048,guard=1_time_1:548448
thread_create-stack=2048,guard=1_time_2:109067

thread_create-stack=2048,guard=1_mean:620202
thread_create-stack=2048,guard=1_time_1:512128
thread_create-stack=2048,guard=1_time_2:107859

thread_create-stack=2048,guard=1_mean:623393
thread_create-stack=2048,guard=1_time_1:512462
thread_create-stack=2048,guard=1_time_2:110677

thread_create-stack=2048,guard=1_mean:642457
thread_create-stack=2048,guard=1_time_1:534045
thread_create-stack=2048,guard=1_time_2:108204

thread_create-stack=2048,guard=1_mean:624378
thread_create-stack=2048,guard=1_time_1:518241
thread_create-stack=2048,guard=1_time_2:105926

thread_create-stack=2048,guard=1_mean:647968
thread_create-stack=2048,guard=1_time_1:535602
thread_create-stack=2048,guard=1_time_2:112159

thread_create-stack=2048,guard=1_mean:649210
thread_create-stack=2048,guard=1_time_1:539940
thread_create-stack=2048,guard=1_time_2:108996

thread_create-stack=2048,guard=1_mean:609769
thread_create-stack=2048,guard=1_time_1:501398
thread_create-stack=2048,guard=1_time_2:108132

thread_create-stack=2048,guard=1_mean:634888
thread_create-stack=2048,guard=1_time_1:527589
thread_create-stack=2048,guard=1_time_2:107085

thread_create-stack=2048,guard=1_mean:598933
thread_create-stack=2048,guard=1_time_1:501832
thread_create-stack=2048,guard=1_time_2:96878.6

thread_create-stack=2048,guard=1_mean:612438
thread_create-stack=2048,guard=1_time_1:504206
thread_create-stack=2048,guard=1_time_2:108017

thread_create-stack=2048,guard=1_mean:624519
thread_create-stack=2048,guard=1_time_1:511888
thread_create-stack=2048,guard=1_time_2:112393

thread_create-stack=2048,guard=1_mean:631337
thread_create-stack=2048,guard=1_time_1:522462
thread_create-stack=2048,guard=1_time_2:108653

thread_create-stack=2048,guard=1_mean:618337
thread_create-stack=2048,guard=1_time_1:504716
thread_create-stack=2048,guard=1_time_2:113410

thread_create-stack=2048,guard=1_mean:634667
thread_create-stack=2048,guard=1_time_1:527716
thread_create-stack=2048,guard=1_time_2:106732

thread_create-stack=2048,guard=1_mean:629986
thread_create-stack=2048,guard=1_time_1:522301
thread_create-stack=2048,guard=1_time_2:107452

thread_create-stack=2048,guard=1_mean:611332
thread_create-stack=2048,guard=1_time_1:510976
thread_create-stack=2048,guard=1_time_2:100135

thread_create-stack=2048,guard=1_mean:615672
thread_create-stack=2048,guard=1_time_1:512702
thread_create-stack=2048,guard=1_time_2:102752

thread_create-stack=2048,guard=1_mean:637665
thread_create-stack=2048,guard=1_time_1:533251
thread_create-stack=2048,guard=1_time_2:104196

=== case: bench-thread_create_m
thread_create-stack=2048,guard=1_mean:778827
thread_create-stack=2048,guard=1_time_1:661566
thread_create-stack=2048,guard=1_time_2:117045

thread_create-stack=2048,guard=1_mean:791622
thread_create-stack=2048,guard=1_time_1:669928
thread_create-stack=2048,guard=1_time_2:121473

thread_create-stack=2048,guard=1_mean:808949
thread_create-stack=2048,guard=1_time_1:688932
thread_create-stack=2048,guard=1_time_2:119718

thread_create-stack=2048,guard=1_mean:1220750.0
thread_create-stack=2048,guard=1_time_1:864490
thread_create-stack=2048,guard=1_time_2:355872

thread_create-stack=2048,guard=1_mean:844911
thread_create-stack=2048,guard=1_time_1:694515
thread_create-stack=2048,guard=1_time_2:150183

thread_create-stack=2048,guard=1_mean:860729
thread_create-stack=2048,guard=1_time_1:736216
thread_create-stack=2048,guard=1_time_2:124276

thread_create-stack=2048,guard=1_mean:836994
thread_create-stack=2048,guard=1_time_1:709952
thread_create-stack=2048,guard=1_time_2:126821

thread_create-stack=2048,guard=1_mean:807357
thread_create-stack=2048,guard=1_time_1:679775
thread_create-stack=2048,guard=1_time_2:127306

thread_create-stack=2048,guard=1_mean:826852
thread_create-stack=2048,guard=1_time_1:700000
thread_create-stack=2048,guard=1_time_2:126577

thread_create-stack=2048,guard=1_mean:839284
thread_create-stack=2048,guard=1_time_1:716079
thread_create-stack=2048,guard=1_time_2:122988

thread_create-stack=2048,guard=1_mean:800062
thread_create-stack=2048,guard=1_time_1:678044
thread_create-stack=2048,guard=1_time_2:121802

thread_create-stack=2048,guard=1_mean:841813
thread_create-stack=2048,guard=1_time_1:717788
thread_create-stack=2048,guard=1_time_2:123767

thread_create-stack=2048,guard=1_mean:775835
thread_create-stack=2048,guard=1_time_1:657491
thread_create-stack=2048,guard=1_time_2:118097

thread_create-stack=2048,guard=1_mean:806907
thread_create-stack=2048,guard=1_time_1:674847
thread_create-stack=2048,guard=1_time_2:131807

thread_create-stack=2048,guard=1_mean:824372
thread_create-stack=2048,guard=1_time_1:696098
thread_create-stack=2048,guard=1_time_2:128047

thread_create-stack=2048,guard=1_mean:829701
thread_create-stack=2048,guard=1_time_1:707986
thread_create-stack=2048,guard=1_time_2:121509

thread_create-stack=2048,guard=1_mean:812719
thread_create-stack=2048,guard=1_time_1:684757
thread_create-stack=2048,guard=1_time_2:127738

thread_create-stack=2048,guard=1_mean:810500
thread_create-stack=2048,guard=1_time_1:695022
thread_create-stack=2048,guard=1_time_2:115262

thread_create-stack=2048,guard=1_mean:819143
thread_create-stack=2048,guard=1_time_1:694936
thread_create-stack=2048,guard=1_time_2:123985

thread_create-stack=2048,guard=1_mean:853652
thread_create-stack=2048,guard=1_time_1:723222
thread_create-stack=2048,guard=1_time_2:130167

=== case: bench-thread_create_m
thread_create-stack=2048,guard=1_mean:1004360.0
thread_create-stack=2048,guard=1_time_1:860430
thread_create-stack=2048,guard=1_time_2:143705

thread_create-stack=2048,guard=1_mean:999432
thread_create-stack=2048,guard=1_time_1:867558
thread_create-stack=2048,guard=1_time_2:131661

thread_create-stack=2048,guard=1_mean:1004810.0
thread_create-stack=2048,guard=1_time_1:864453
thread_create-stack=2048,guard=1_time_2:140138

thread_create-stack=2048,guard=1_mean:1058320.0
thread_create-stack=2048,guard=1_time_1:908741
thread_create-stack=2048,guard=1_time_2:149352

thread_create-stack=2048,guard=1_mean:1016000.0
thread_create-stack=2048,guard=1_time_1:870299
thread_create-stack=2048,guard=1_time_2:145499

thread_create-stack=2048,guard=1_mean:1022380.0
thread_create-stack=2048,guard=1_time_1:876351
thread_create-stack=2048,guard=1_time_2:145809

thread_create-stack=2048,guard=1_mean:1025010.0
thread_create-stack=2048,guard=1_time_1:883426
thread_create-stack=2048,guard=1_time_2:141366

thread_create-stack=2048,guard=1_mean:1036740.0
thread_create-stack=2048,guard=1_time_1:894125
thread_create-stack=2048,guard=1_time_2:142403

thread_create-stack=2048,guard=1_mean:989373
thread_create-stack=2048,guard=1_time_1:850126
thread_create-stack=2048,guard=1_time_2:139029

thread_create-stack=2048,guard=1_mean:1544070.0
thread_create-stack=2048,guard=1_time_1:1364180.0
thread_create-stack=2048,guard=1_time_2:179350

thread_create-stack=2048,guard=1_mean:1308030.0
thread_create-stack=2048,guard=1_time_1:1125660.0
thread_create-stack=2048,guard=1_time_2:181952

thread_create-stack=2048,guard=1_mean:1026420.0
thread_create-stack=2048,guard=1_time_1:883445
thread_create-stack=2048,guard=1_time_2:142758

thread_create-stack=2048,guard=1_mean:1011370.0
thread_create-stack=2048,guard=1_time_1:864322
thread_create-stack=2048,guard=1_time_2:146797

thread_create-stack=2048,guard=1_mean:1021230.0
thread_create-stack=2048,guard=1_time_1:870973
thread_create-stack=2048,guard=1_time_2:149971

thread_create-stack=2048,guard=1_mean:1050660.0
thread_create-stack=2048,guard=1_time_1:908385
thread_create-stack=2048,guard=1_time_2:142042

thread_create-stack=2048,guard=1_mean:1011710.0
thread_create-stack=2048,guard=1_time_1:870786
thread_create-stack=2048,guard=1_time_2:140699

thread_create-stack=2048,guard=1_mean:1310390.0
thread_create-stack=2048,guard=1_time_1:1134820.0
thread_create-stack=2048,guard=1_time_2:175130

thread_create-stack=2048,guard=1_mean:1036220.0
thread_create-stack=2048,guard=1_time_1:886646
thread_create-stack=2048,guard=1_time_2:149331

thread_create-stack=2048,guard=1_mean:1017510.0
thread_create-stack=2048,guard=1_time_1:873590
thread_create-stack=2048,guard=1_time_2:143696

thread_create-stack=2048,guard=1_mean:1029650.0
thread_create-stack=2048,guard=1_time_1:884110
thread_create-stack=2048,guard=1_time_2:145304

=== case: bench-thread_create_m
thread_create-stack=2048,guard=1_mean:1200320.0
thread_create-stack=2048,guard=1_time_1:1036440.0
thread_create-stack=2048,guard=1_time_2:163647

thread_create-stack=2048,guard=1_mean:1254040.0
thread_create-stack=2048,guard=1_time_1:1092920.0
thread_create-stack=2048,guard=1_time_2:160879

thread_create-stack=2048,guard=1_mean:1230960.0
thread_create-stack=2048,guard=1_time_1:1070360.0
thread_create-stack=2048,guard=1_time_2:160367

thread_create-stack=2048,guard=1_mean:1301320.0
thread_create-stack=2048,guard=1_time_1:1078310.0
thread_create-stack=2048,guard=1_time_2:222767

thread_create-stack=2048,guard=1_mean:1214550.0
thread_create-stack=2048,guard=1_time_1:1057060.0
thread_create-stack=2048,guard=1_time_2:157270

thread_create-stack=2048,guard=1_mean:1208600.0
thread_create-stack=2048,guard=1_time_1:1046480.0
thread_create-stack=2048,guard=1_time_2:161876

thread_create-stack=2048,guard=1_mean:1217120.0
thread_create-stack=2048,guard=1_time_1:1057780.0
thread_create-stack=2048,guard=1_time_2:159088

thread_create-stack=2048,guard=1_mean:1223550.0
thread_create-stack=2048,guard=1_time_1:1060490.0
thread_create-stack=2048,guard=1_time_2:162839

thread_create-stack=2048,guard=1_mean:1203860.0
thread_create-stack=2048,guard=1_time_1:1041500.0
thread_create-stack=2048,guard=1_time_2:162125

thread_create-stack=2048,guard=1_mean:1201180.0
thread_create-stack=2048,guard=1_time_1:1040980.0
thread_create-stack=2048,guard=1_time_2:159940

thread_create-stack=2048,guard=1_mean:1211550.0
thread_create-stack=2048,guard=1_time_1:1052360.0
thread_create-stack=2048,guard=1_time_2:158977

thread_create-stack=2048,guard=1_mean:1745340.0
thread_create-stack=2048,guard=1_time_1:1533770.0
thread_create-stack=2048,guard=1_time_2:211040

thread_create-stack=2048,guard=1_mean:1180810.0
thread_create-stack=2048,guard=1_time_1:1026940.0
thread_create-stack=2048,guard=1_time_2:153642

thread_create-stack=2048,guard=1_mean:1248160.0
thread_create-stack=2048,guard=1_time_1:1083840.0
thread_create-stack=2048,guard=1_time_2:164076

thread_create-stack=2048,guard=1_mean:1189880.0
thread_create-stack=2048,guard=1_time_1:1033440.0
thread_create-stack=2048,guard=1_time_2:156215

thread_create-stack=2048,guard=1_mean:1208450.0
thread_create-stack=2048,guard=1_time_1:1045190.0
thread_create-stack=2048,guard=1_time_2:163034

thread_create-stack=2048,guard=1_mean:1236450.0
thread_create-stack=2048,guard=1_time_1:1074850.0
thread_create-stack=2048,guard=1_time_2:161351

thread_create-stack=2048,guard=1_mean:1222090.0
thread_create-stack=2048,guard=1_time_1:1062780.0
thread_create-stack=2048,guard=1_time_2:159074

thread_create-stack=2048,guard=1_mean:1194680.0
thread_create-stack=2048,guard=1_time_1:1038850.0
thread_create-stack=2048,guard=1_time_2:155610

thread_create-stack=2048,guard=1_mean:1172420.0
thread_create-stack=2048,guard=1_time_1:1015370.0
thread_create-stack=2048,guard=1_time_2:156831

=== case: bench-thread_create_m
thread_create-stack=2048,guard=1_mean:1413470.0
thread_create-stack=2048,guard=1_time_1:1242320.0
thread_create-stack=2048,guard=1_time_2:170904

thread_create-stack=2048,guard=1_mean:1435000.0
thread_create-stack=2048,guard=1_time_1:1258160.0
thread_create-stack=2048,guard=1_time_2:176610

thread_create-stack=2048,guard=1_mean:1422160.0
thread_create-stack=2048,guard=1_time_1:1242510.0
thread_create-stack=2048,guard=1_time_2:179418

thread_create-stack=2048,guard=1_mean:1412540.0
thread_create-stack=2048,guard=1_time_1:1233870.0
thread_create-stack=2048,guard=1_time_2:178379

thread_create-stack=2048,guard=1_mean:1377820.0
thread_create-stack=2048,guard=1_time_1:1214500.0
thread_create-stack=2048,guard=1_time_2:163040

thread_create-stack=2048,guard=1_mean:1403840.0
thread_create-stack=2048,guard=1_time_1:1232720.0
thread_create-stack=2048,guard=1_time_2:170890

thread_create-stack=2048,guard=1_mean:1415090.0
thread_create-stack=2048,guard=1_time_1:1234830.0
thread_create-stack=2048,guard=1_time_2:180020

thread_create-stack=2048,guard=1_mean:1461740.0
thread_create-stack=2048,guard=1_time_1:1284140.0
thread_create-stack=2048,guard=1_time_2:177363

thread_create-stack=2048,guard=1_mean:1410110.0
thread_create-stack=2048,guard=1_time_1:1233460.0
thread_create-stack=2048,guard=1_time_2:176419

thread_create-stack=2048,guard=1_mean:1438900.0
thread_create-stack=2048,guard=1_time_1:1269500.0
thread_create-stack=2048,guard=1_time_2:169113

thread_create-stack=2048,guard=1_mean:1357850.0
thread_create-stack=2048,guard=1_time_1:1196440.0
thread_create-stack=2048,guard=1_time_2:161163

thread_create-stack=2048,guard=1_mean:1398250.0
thread_create-stack=2048,guard=1_time_1:1235720.0
thread_create-stack=2048,guard=1_time_2:162289

thread_create-stack=2048,guard=1_mean:1336570.0
thread_create-stack=2048,guard=1_time_1:1176420.0
thread_create-stack=2048,guard=1_time_2:159892

thread_create-stack=2048,guard=1_mean:1459410.0
thread_create-stack=2048,guard=1_time_1:1281140.0
thread_create-stack=2048,guard=1_time_2:178042

thread_create-stack=2048,guard=1_mean:1458140.0
thread_create-stack=2048,guard=1_time_1:1277880.0
thread_create-stack=2048,guard=1_time_2:180020

thread_create-stack=2048,guard=1_mean:1370550.0
thread_create-stack=2048,guard=1_time_1:1206890.0
thread_create-stack=2048,guard=1_time_2:163417

thread_create-stack=2048,guard=1_mean:1378300.0
thread_create-stack=2048,guard=1_time_1:1207540.0
thread_create-stack=2048,guard=1_time_2:170524

thread_create-stack=2048,guard=1_mean:1373010.0
thread_create-stack=2048,guard=1_time_1:1200550.0
thread_create-stack=2048,guard=1_time_2:172133

thread_create-stack=2048,guard=1_mean:1409300.0
thread_create-stack=2048,guard=1_time_1:1243290.0
thread_create-stack=2048,guard=1_time_2:165774

thread_create-stack=2048,guard=1_mean:1466330.0
thread_create-stack=2048,guard=1_time_1:1209320.0
thread_create-stack=2048,guard=1_time_2:256772

=== case: bench-thread_create_m
thread_create-stack=2048,guard=1_mean:1637960.0
thread_create-stack=2048,guard=1_time_1:1444800.0
thread_create-stack=2048,guard=1_time_2:192911

thread_create-stack=2048,guard=1_mean:1629970.0
thread_create-stack=2048,guard=1_time_1:1433540.0
thread_create-stack=2048,guard=1_time_2:196130

thread_create-stack=2048,guard=1_mean:1592970.0
thread_create-stack=2048,guard=1_time_1:1400600.0
thread_create-stack=2048,guard=1_time_2:192101

thread_create-stack=2048,guard=1_mean:1604260.0
thread_create-stack=2048,guard=1_time_1:1410870.0
thread_create-stack=2048,guard=1_time_2:193130

thread_create-stack=2048,guard=1_mean:2108290.0
thread_create-stack=2048,guard=1_time_1:1889440.0
thread_create-stack=2048,guard=1_time_2:218337

thread_create-stack=2048,guard=1_mean:1612910.0
thread_create-stack=2048,guard=1_time_1:1415050.0
thread_create-stack=2048,guard=1_time_2:197594

thread_create-stack=2048,guard=1_mean:1577030.0
thread_create-stack=2048,guard=1_time_1:1381270.0
thread_create-stack=2048,guard=1_time_2:195430

thread_create-stack=2048,guard=1_mean:1626300.0
thread_create-stack=2048,guard=1_time_1:1436310.0
thread_create-stack=2048,guard=1_time_2:189745

thread_create-stack=2048,guard=1_mean:2056270.0
thread_create-stack=2048,guard=1_time_1:1846540.0
thread_create-stack=2048,guard=1_time_2:209148

thread_create-stack=2048,guard=1_mean:1598530.0
thread_create-stack=2048,guard=1_time_1:1418640.0
thread_create-stack=2048,guard=1_time_2:179615

thread_create-stack=2048,guard=1_mean:1625200.0
thread_create-stack=2048,guard=1_time_1:1403800.0
thread_create-stack=2048,guard=1_time_2:221142

thread_create-stack=2048,guard=1_mean:1570310.0
thread_create-stack=2048,guard=1_time_1:1391480.0
thread_create-stack=2048,guard=1_time_2:178577

thread_create-stack=2048,guard=1_mean:1596920.0
thread_create-stack=2048,guard=1_time_1:1407990.0
thread_create-stack=2048,guard=1_time_2:188672

thread_create-stack=2048,guard=1_mean:1607100.0
thread_create-stack=2048,guard=1_time_1:1412740.0
thread_create-stack=2048,guard=1_time_2:194043

thread_create-stack=2048,guard=1_mean:1605500.0
thread_create-stack=2048,guard=1_time_1:1415410.0
thread_create-stack=2048,guard=1_time_2:189814

thread_create-stack=2048,guard=1_mean:1616980.0
thread_create-stack=2048,guard=1_time_1:1433130.0
thread_create-stack=2048,guard=1_time_2:183609

thread_create-stack=2048,guard=1_mean:1598980.0
thread_create-stack=2048,guard=1_time_1:1405050.0
thread_create-stack=2048,guard=1_time_2:193666

thread_create-stack=2048,guard=1_mean:1668150.0
thread_create-stack=2048,guard=1_time_1:1433500.0
thread_create-stack=2048,guard=1_time_2:234380

thread_create-stack=2048,guard=1_mean:1592150.0
thread_create-stack=2048,guard=1_time_1:1401810.0
thread_create-stack=2048,guard=1_time_2:190088

thread_create-stack=2048,guard=1_mean:1599590.0
thread_create-stack=2048,guard=1_time_1:1410740.0
thread_create-stack=2048,guard=1_time_2:188616

